<?xml version="1.0" encoding="UTF-8"?>
<robot generator="Robot 7.2.2 (Python 3.11.15 on linux)" generated="2026-05-19T04:44:10.265091" rpa="false" schemaversion="5">
<suite id="s1" name="Suites">
<suite id="s1-s1" name="Cart" source="/home/runner/work/engg-robot-testing-framework/engg-robot-testing-framework/tests/cart">
<suite id="s1-s1-s1" name="TC12 add products to cart" source="/home/runner/work/engg-robot-testing-framework/engg-robot-testing-framework/tests/cart/TC12_add_products_to_cart.robot">
<test id="s1-s1-s1-t1" name="TC12 Add Products In Cart" line="14">
<kw name="Open Browser To Home Page" owner="common" type="SETUP">
<kw name="Evaluate" owner="BuiltIn">
<msg time="2026-05-19T04:44:10.404127" level="INFO">${is_headless} = True</msg>
<var>${is_headless}</var>
<arg>str(${HEADLESS}).strip().lower() in ["true", "1", "yes", "on"]</arg>
<doc>Evaluates the given expression in Python and returns the result.</doc>
<status status="PASS" start="2026-05-19T04:44:10.403863" elapsed="0.000300"/>
</kw>
<kw name="Log" owner="BuiltIn">
<msg time="2026-05-19T04:44:10.404440" level="INFO">Starting browser (Headless: True) to: https://www.automationexercise.com</msg>
<arg>Starting browser (Headless: ${is_headless}) to: ${BASE_URL}</arg>
<doc>Logs the given message with the given level.</doc>
<status status="PASS" start="2026-05-19T04:44:10.404297" elapsed="0.000182"/>
</kw>
<kw name="Evaluate" owner="BuiltIn">
<msg time="2026-05-19T04:44:10.404810" level="INFO">${chrome_options} = &lt;selenium.webdriver.chrome.options.Options object at 0x7f27cbf11790&gt;</msg>
<var>${chrome_options}</var>
<arg>selenium.webdriver.ChromeOptions()</arg>
<arg>modules=selenium.webdriver</arg>
<doc>Evaluates the given expression in Python and returns the result.</doc>
<status status="PASS" start="2026-05-19T04:44:10.404584" elapsed="0.000252"/>
</kw>
<if>
<branch type="IF" condition="${is_headless}">
<kw name="Evaluate" owner="BuiltIn">
<arg>$chrome_options.add_argument("--headless=new")</arg>
<doc>Evaluates the given expression in Python and returns the result.</doc>
<status status="PASS" start="2026-05-19T04:44:10.405053" elapsed="0.002563"/>
</kw>
<status status="PASS" start="2026-05-19T04:44:10.404926" elapsed="0.002759"/>
</branch>
<status status="PASS" start="2026-05-19T04:44:10.404902" elapsed="0.002823"/>
</if>
<kw name="Evaluate" owner="BuiltIn">
<arg>$chrome_options.add_argument("--no-sandbox")</arg>
<doc>Evaluates the given expression in Python and returns the result.</doc>
<status status="PASS" start="2026-05-19T04:44:10.407819" elapsed="0.000186"/>
</kw>
<kw name="Evaluate" owner="BuiltIn">
<arg>$chrome_options.add_argument("--disable-dev-shm-usage")</arg>
<doc>Evaluates the given expression in Python and returns the result.</doc>
<status status="PASS" start="2026-05-19T04:44:10.408106" elapsed="0.000151"/>
</kw>
<kw name="Evaluate" owner="BuiltIn">
<arg>$chrome_options.add_argument("--disable-gpu")</arg>
<doc>Evaluates the given expression in Python and returns the result.</doc>
<status status="PASS" start="2026-05-19T04:44:10.408368" elapsed="0.000145"/>
</kw>
<kw name="Evaluate" owner="BuiltIn">
<arg>$chrome_options.add_argument("--window-size=1920,1080")</arg>
<doc>Evaluates the given expression in Python and returns the result.</doc>
<status status="PASS" start="2026-05-19T04:44:10.408607" elapsed="0.000172"/>
</kw>
<kw name="Evaluate" owner="BuiltIn">
<arg>$chrome_options.add_argument("--remote-debugging-pipe")</arg>
<doc>Evaluates the given expression in Python and returns the result.</doc>
<status status="PASS" start="2026-05-19T04:44:10.408869" elapsed="0.000133"/>
</kw>
<kw name="Evaluate" owner="BuiltIn">
<arg>$chrome_options.add_argument("--disable-extensions")</arg>
<doc>Evaluates the given expression in Python and returns the result.</doc>
<status status="PASS" start="2026-05-19T04:44:10.409083" elapsed="0.000124"/>
</kw>
<kw name="Evaluate" owner="BuiltIn">
<arg>$chrome_options.add_argument("--incognito")</arg>
<doc>Evaluates the given expression in Python and returns the result.</doc>
<status status="PASS" start="2026-05-19T04:44:10.409287" elapsed="0.000133"/>
</kw>
<kw name="Create Webdriver" owner="SeleniumLibrary">
<msg time="2026-05-19T04:44:10.409651" level="INFO">Creating an instance of the Chrome WebDriver.</msg>
<arg>Chrome</arg>
<arg>options=${chrome_options}</arg>
<doc>Creates an instance of Selenium WebDriver.</doc>
<status status="PASS" start="2026-05-19T04:44:10.409512" elapsed="0.312310"/>
</kw>
<kw name="Set Screenshot Directory" owner="SeleniumLibrary">
<arg>${SCREENSHOT_DIR}</arg>
<doc>Sets the directory for captured screenshots.</doc>
<status status="PASS" start="2026-05-19T04:44:10.722173" elapsed="0.000389"/>
</kw>
<kw name="Register Keyword To Run On Failure" owner="SeleniumLibrary">
<msg time="2026-05-19T04:44:10.722907" level="INFO">Capture Failure Screenshot will be run on failure.</msg>
<arg>Capture Failure Screenshot</arg>
<doc>Sets the keyword to execute, when a SeleniumLibrary keyword fails.</doc>
<status status="PASS" start="2026-05-19T04:44:10.722764" elapsed="0.000201"/>
</kw>
<kw name="Go To" owner="SeleniumLibrary">
<msg time="2026-05-19T04:44:10.723227" level="INFO">Opening url 'https://www.automationexercise.com'</msg>
<arg>${BASE_URL}</arg>
<doc>Navigates the current browser window to the provided ``url``.</doc>
<status status="PASS" start="2026-05-19T04:44:10.723093" elapsed="0.975013"/>
</kw>
<kw name="Set Selenium Implicit Wait" owner="SeleniumLibrary">
<arg>${TIMEOUT}</arg>
<doc>Sets the implicit wait value used by Selenium.</doc>
<status status="PASS" start="2026-05-19T04:44:11.698414" elapsed="0.001511"/>
</kw>
<kw name="Title Should Be" owner="SeleniumLibrary">
<msg time="2026-05-19T04:44:11.765326" level="INFO">Page title is 'Automation Exercise'.</msg>
<arg>Automation Exercise</arg>
<doc>Verifies that the current page title equals ``title``.</doc>
<status status="PASS" start="2026-05-19T04:44:11.700154" elapsed="0.065348"/>
</kw>
<status status="PASS" start="2026-05-19T04:44:10.403140" elapsed="1.362540"/>
</kw>
<kw name="Navigate To Products Page" owner="product_keywords">
<kw name="Click Element" owner="SeleniumLibrary">
<msg time="2026-05-19T04:44:11.780480" level="INFO">Clicking element 'xpath=//a[contains(text(),'Products')]'.</msg>
<arg>${NAV_PRODUCTS_LINK}</arg>
<doc>Click the element identified by ``locator``.</doc>
<status status="PASS" start="2026-05-19T04:44:11.766411" elapsed="1.002994"/>
</kw>
<kw name="Wait Until Page Contains Element" owner="SeleniumLibrary">
<arg>${ALL_PRODUCTS_TITLE}</arg>
<arg>timeout=10s</arg>
<doc>Waits until the element ``locator`` appears on the current page.</doc>
<status status="PASS" start="2026-05-19T04:44:12.769740" elapsed="0.015081"/>
</kw>
<status status="PASS" start="2026-05-19T04:44:11.766018" elapsed="1.018946"/>
</kw>
<kw name="Hover Over Product And Add To Cart" owner="product_keywords">
<kw name="Wait Until Element Is Visible" owner="SeleniumLibrary">
<arg>xpath=(//div[@class='productinfo text-center'])[${index}]</arg>
<arg>timeout=10s</arg>
<doc>Waits until the element ``locator`` is visible.</doc>
<status status="PASS" start="2026-05-19T04:44:12.785572" elapsed="0.070018"/>
</kw>
<kw name="Scroll Element Into View" owner="SeleniumLibrary">
<arg>xpath=(//div[@class='product-image-wrapper'])[${index}]</arg>
<doc>Scrolls the element identified by ``locator`` into view.</doc>
<status status="PASS" start="2026-05-19T04:44:12.855940" elapsed="0.309843"/>
</kw>
<kw name="Sleep" owner="BuiltIn">
<msg time="2026-05-19T04:44:14.166362" level="INFO">Slept 1 second.</msg>
<arg>1s</arg>
<doc>Pauses the test executed for the given time.</doc>
<status status="PASS" start="2026-05-19T04:44:13.166016" elapsed="1.000504"/>
</kw>
<kw name="Get WebElement" owner="SeleniumLibrary">
<msg time="2026-05-19T04:44:14.179248" level="INFO">${add_btn} = &lt;selenium.webdriver.remote.webelement.WebElement (session="2f5a4c3e1399203c951c5b687a913120", element="f.89C45EAD5A3D20CA6B4ABB34C87200CC.d.54EC0C5312A84F35F489A92C836FC72F.e.109")&gt;</msg>
<var>${add_btn}</var>
<arg>xpath=(//div[@class='productinfo text-center'])[${index}]//a[contains(@class,'add-to-cart')]</arg>
<doc>Returns the first WebElement matching the given ``locator``.</doc>
<status status="PASS" start="2026-05-19T04:44:14.166849" elapsed="0.012462"/>
</kw>
<kw name="Execute Javascript" owner="SeleniumLibrary">
<msg time="2026-05-19T04:44:14.180254" level="INFO">Executing JavaScript:
arguments[0].click()
By using argument:
'&lt;selenium.webdriver.remote.webelement.WebElement (session="2f5a4c3e1399203c951c5b687a913120", element="f.89C45EAD5A3D20CA6B4ABB34C87200CC.d.54EC0C5312A84F35F489A92C836FC72F.e.109")&gt;'</msg>
<arg>arguments[0].click()</arg>
<arg>ARGUMENTS</arg>
<arg>${add_btn}</arg>
<doc>Executes the given JavaScript code with possible arguments.</doc>
<status status="PASS" start="2026-05-19T04:44:14.179631" elapsed="0.008023"/>
</kw>
<kw name="Wait Until Element Is Visible" owner="SeleniumLibrary">
<arg>${CART_MODAL_CONTINUE_SHOPPING_BTN}</arg>
<arg>timeout=10s</arg>
<doc>Waits until the element ``locator`` is visible.</doc>
<status status="PASS" start="2026-05-19T04:44:14.187918" elapsed="0.229471"/>
</kw>
<arg>1</arg>
<status status="PASS" start="2026-05-19T04:44:12.785228" elapsed="1.632354"/>
</kw>
<kw name="Click Continue Shopping In Modal" owner="cart_keywords">
<kw name="Wait Until Element Is Visible" owner="SeleniumLibrary">
<arg>${CART_MODAL_CONTINUE_SHOPPING_BTN}</arg>
<arg>timeout=15s</arg>
<doc>Waits until the element ``locator`` is visible.</doc>
<status status="PASS" start="2026-05-19T04:44:14.418341" elapsed="0.011650"/>
</kw>
<kw name="Run Keyword And Return Status" owner="BuiltIn">
<kw name="Click Element" owner="SeleniumLibrary">
<msg time="2026-05-19T04:44:14.430740" level="INFO">Clicking element 'css=#cartModal .close-modal'.</msg>
<arg>${CART_MODAL_CONTINUE_SHOPPING_BTN}</arg>
<doc>Click the element identified by ``locator``.</doc>
<status status="PASS" start="2026-05-19T04:44:14.430461" elapsed="0.060880"/>
</kw>
<msg time="2026-05-19T04:44:14.491526" level="INFO">${clicked} = True</msg>
<var>${clicked}</var>
<arg>Click Element</arg>
<arg>${CART_MODAL_CONTINUE_SHOPPING_BTN}</arg>
<doc>Runs the given keyword with given arguments and returns the status as a Boolean value.</doc>
<status status="PASS" start="2026-05-19T04:44:14.430218" elapsed="0.061341"/>
</kw>
<if>
<branch type="IF" condition="not ${clicked}">
<kw name="Execute Javascript" owner="SeleniumLibrary">
<arg>document.querySelector('#cartModal .close-modal').click()</arg>
<doc>Executes the given JavaScript code with possible arguments.</doc>
<status status="NOT RUN" start="2026-05-19T04:44:14.491983" elapsed="0.000033"/>
</kw>
<status status="NOT RUN" start="2026-05-19T04:44:14.491692" elapsed="0.000363"/>
</branch>
<status status="PASS" start="2026-05-19T04:44:14.491638" elapsed="0.000456"/>
</if>
<kw name="Sleep" owner="BuiltIn">
<msg time="2026-05-19T04:44:15.492591" level="INFO">Slept 1 second.</msg>
<arg>1s</arg>
<doc>Pauses the test executed for the given time.</doc>
<status status="PASS" start="2026-05-19T04:44:14.492188" elapsed="1.000609"/>
</kw>
<status status="PASS" start="2026-05-19T04:44:14.417975" elapsed="1.074975"/>
</kw>
<kw name="Hover Over Product And Add To Cart" owner="product_keywords">
<kw name="Wait Until Element Is Visible" owner="SeleniumLibrary">
<arg>xpath=(//div[@class='productinfo text-center'])[${index}]</arg>
<arg>timeout=10s</arg>
<doc>Waits until the element ``locator`` is visible.</doc>
<status status="PASS" start="2026-05-19T04:44:15.493736" elapsed="0.020661"/>
</kw>
<kw name="Scroll Element Into View" owner="SeleniumLibrary">
<arg>xpath=(//div[@class='product-image-wrapper'])[${index}]</arg>
<doc>Scrolls the element identified by ``locator`` into view.</doc>
<status status="PASS" start="2026-05-19T04:44:15.514659" elapsed="0.272430"/>
</kw>
<kw name="Sleep" owner="BuiltIn">
<msg time="2026-05-19T04:44:16.787609" level="INFO">Slept 1 second.</msg>
<arg>1s</arg>
<doc>Pauses the test executed for the given time.</doc>
<status status="PASS" start="2026-05-19T04:44:15.787315" elapsed="1.000446"/>
</kw>
<kw name="Get WebElement" owner="SeleniumLibrary">
<msg time="2026-05-19T04:44:16.797447" level="INFO">${add_btn} = &lt;selenium.webdriver.remote.webelement.WebElement (session="2f5a4c3e1399203c951c5b687a913120", element="f.89C45EAD5A3D20CA6B4ABB34C87200CC.d.54EC0C5312A84F35F489A92C836FC72F.e.115")&gt;</msg>
<var>${add_btn}</var>
<arg>xpath=(//div[@class='productinfo text-center'])[${index}]//a[contains(@class,'add-to-cart')]</arg>
<doc>Returns the first WebElement matching the given ``locator``.</doc>
<status status="PASS" start="2026-05-19T04:44:16.787991" elapsed="0.009493"/>
</kw>
<kw name="Execute Javascript" owner="SeleniumLibrary">
<msg time="2026-05-19T04:44:16.798207" level="INFO">Executing JavaScript:
arguments[0].click()
By using argument:
'&lt;selenium.webdriver.remote.webelement.WebElement (session="2f5a4c3e1399203c951c5b687a913120", element="f.89C45EAD5A3D20CA6B4ABB34C87200CC.d.54EC0C5312A84F35F489A92C836FC72F.e.115")&gt;'</msg>
<arg>arguments[0].click()</arg>
<arg>ARGUMENTS</arg>
<arg>${add_btn}</arg>
<doc>Executes the given JavaScript code with possible arguments.</doc>
<status status="PASS" start="2026-05-19T04:44:16.797621" elapsed="0.004701"/>
</kw>
<kw name="Wait Until Element Is Visible" owner="SeleniumLibrary">
<arg>${CART_MODAL_CONTINUE_SHOPPING_BTN}</arg>
<arg>timeout=10s</arg>
<doc>Waits until the element ``locator`` is visible.</doc>
<status status="PASS" start="2026-05-19T04:44:16.802458" elapsed="0.219196"/>
</kw>
<arg>2</arg>
<status status="PASS" start="2026-05-19T04:44:15.493272" elapsed="1.528544"/>
</kw>
<kw name="Click View Cart In Modal" owner="cart_keywords">
<kw name="Wait Until Element Is Visible" owner="SeleniumLibrary">
<arg>${CART_MODAL_VIEW_CART_LINK}</arg>
<arg>timeout=10s</arg>
<doc>Waits until the element ``locator`` is visible.</doc>
<status status="PASS" start="2026-05-19T04:44:17.022336" elapsed="0.012649"/>
</kw>
<kw name="Click Element" owner="SeleniumLibrary">
<msg time="2026-05-19T04:44:17.035307" level="INFO">Clicking element 'css=#cartModal a[href='/view_cart']'.</msg>
<arg>${CART_MODAL_VIEW_CART_LINK}</arg>
<doc>Click the element identified by ``locator``.</doc>
<status status="PASS" start="2026-05-19T04:44:17.035132" elapsed="0.394452"/>
</kw>
<kw name="Wait Until Page Contains Element" owner="SeleniumLibrary">
<arg>${CART_INFO_TABLE}</arg>
<arg>timeout=10s</arg>
<doc>Waits until the element ``locator`` appears on the current page.</doc>
<status status="PASS" start="2026-05-19T04:44:17.429933" elapsed="0.015309"/>
</kw>
<status status="PASS" start="2026-05-19T04:44:17.022038" elapsed="0.423334"/>
</kw>
<kw name="Verify Cart Page Visible" owner="cart_keywords">
<kw name="Page Should Contain Element" owner="SeleniumLibrary">
<msg time="2026-05-19T04:44:17.520732" level="INFO">Current page contains element 'id=cart_info_table'.</msg>
<arg>${CART_INFO_TABLE}</arg>
<doc>Verifies that element ``locator`` is found on the current page.</doc>
<status status="PASS" start="2026-05-19T04:44:17.445910" elapsed="0.074979"/>
</kw>
<status status="PASS" start="2026-05-19T04:44:17.445585" elapsed="0.075456"/>
</kw>
<kw name="Verify Cart Has N Products" owner="cart_keywords">
<kw name="Get Element Count" owner="SeleniumLibrary">
<msg time="2026-05-19T04:44:17.531887" level="INFO">${rows} = 2</msg>
<var>${rows}</var>
<arg>${CART_ITEM_ROWS}</arg>
<doc>Returns the number of elements matching ``locator``.</doc>
<status status="PASS" start="2026-05-19T04:44:17.521733" elapsed="0.010201"/>
</kw>
<kw name="Should Be Equal As Integers" owner="BuiltIn">
<msg time="2026-05-19T04:44:17.532254" level="INFO">Argument types are:
&lt;class 'int'&gt;
&lt;class 'str'&gt;</msg>
<arg>${rows}</arg>
<arg>${count}</arg>
<doc>Fails if objects are unequal after converting them to integers.</doc>
<status status="PASS" start="2026-05-19T04:44:17.532086" elapsed="0.000222"/>
</kw>
<arg>2</arg>
<status status="PASS" start="2026-05-19T04:44:17.521312" elapsed="0.011059"/>
</kw>
<kw name="Run Keywords" owner="BuiltIn" type="TEARDOWN">
<kw name="Cleanup Test User" owner="common">
<kw name="Run Keyword And Return Status" owner="BuiltIn">
<kw name="Page Should Contain Element" owner="SeleniumLibrary">
<kw name="Capture Failure Screenshot" owner="common">
<kw name="Evaluate" owner="BuiltIn">
<msg time="2026-05-19T04:44:27.584851" level="INFO">${safe_test_name} = TC12_Add_Products_In_Cart</msg>
<var>${safe_test_name}</var>
<arg>__import__("re").sub(r"[^A-Za-z0-9._-]+", "_", """${TEST NAME}""").strip("_")</arg>
<doc>Evaluates the given expression in Python and returns the result.</doc>
<status status="PASS" start="2026-05-19T04:44:27.584480" elapsed="0.000405"/>
</kw>
<kw name="Evaluate" owner="BuiltIn">
<msg time="2026-05-19T04:44:27.585174" level="INFO">${safe_suite_name} = Suites.Cart.TC12_add_products_to_cart</msg>
<var>${safe_suite_name}</var>
<arg>__import__("re").sub(r"[^A-Za-z0-9._-]+", "_", """${SUITE NAME}""").strip("_")</arg>
<doc>Evaluates the given expression in Python and returns the result.</doc>
<status status="PASS" start="2026-05-19T04:44:27.584997" elapsed="0.000198"/>
</kw>
<kw name="Evaluate" owner="BuiltIn">
<msg time="2026-05-19T04:44:27.585419" level="INFO">${ts} = 1779165867585</msg>
<var>${ts}</var>
<arg>str(int(__import__("time").time()*1000))</arg>
<doc>Evaluates the given expression in Python and returns the result.</doc>
<status status="PASS" start="2026-05-19T04:44:27.585284" elapsed="0.000154"/>
</kw>
<kw name="Capture Page Screenshot" owner="SeleniumLibrary">
<msg time="2026-05-19T04:44:27.640974" level="INFO" html="true">&lt;/td&gt;&lt;/tr&gt;&lt;tr&gt;&lt;td colspan="3"&gt;&lt;a href="../../screenshots/Suites.Cart.TC12_add_products_to_cart__TC12_Add_Products_In_Cart__1779165867585.png"&gt;&lt;img src="../../screenshots/Suites.Cart.TC12_add_products_to_cart__TC12_Add_Products_In_Cart__1779165867585.png" width="800px"&gt;&lt;/a&gt;</msg>
<arg>${safe_suite_name}__${safe_test_name}__${ts}.png</arg>
<doc>Takes a screenshot of the current page and embeds it into a log file.</doc>
<status status="PASS" start="2026-05-19T04:44:27.585536" elapsed="0.055553"/>
</kw>
<doc>Capture screenshot with failed test case name for easier traceability in reports.</doc>
<status status="PASS" start="2026-05-19T04:44:27.584105" elapsed="0.057087"/>
</kw>
<msg time="2026-05-19T04:44:27.641329" level="FAIL">Page should have contained element 'xpath=//a[contains(text(),'Delete Account')]' but did not.</msg>
<arg>${NAV_DELETE_ACCOUNT_LINK}</arg>
<doc>Verifies that element ``locator`` is found on the current page.</doc>
<status status="FAIL" start="2026-05-19T04:44:17.533258" elapsed="10.109057">Page should have contained element 'xpath=//a[contains(text(),'Delete Account')]' but did not.</status>
</kw>
<msg time="2026-05-19T04:44:27.642421" level="INFO">${status} = False</msg>
<var>${status}</var>
<arg>Page Should Contain Element</arg>
<arg>${NAV_DELETE_ACCOUNT_LINK}</arg>
<doc>Runs the given keyword with given arguments and returns the status as a Boolean value.</doc>
<status status="PASS" start="2026-05-19T04:44:17.533122" elapsed="10.109322"/>
</kw>
<if>
<branch type="IF" condition="${status}">
<kw name="Run Keyword And Return Status" owner="BuiltIn">
<var>${clicked}</var>
<arg>Click Element</arg>
<arg>${NAV_DELETE_ACCOUNT_LINK}</arg>
<doc>Runs the given keyword with given arguments and returns the status as a Boolean value.</doc>
<status status="NOT RUN" start="2026-05-19T04:44:27.642780" elapsed="0.000029"/>
</kw>
<if>
<branch type="IF" condition="not ${clicked}">
<kw name="Log" owner="BuiltIn">
<arg>Native click failed on Delete Account; trying JS click fallback.</arg>
<arg>level=WARN</arg>
<doc>Logs the given message with the given level.</doc>
<status status="NOT RUN" start="2026-05-19T04:44:27.642967" elapsed="0.000019"/>
</kw>
<kw name="Execute Javascript" owner="SeleniumLibrary">
<arg>document.querySelector("a[href='/delete_account']").click()</arg>
<doc>Executes the given JavaScript code with possible arguments.</doc>
<status status="NOT RUN" start="2026-05-19T04:44:27.643078" elapsed="0.000018"/>
</kw>
<status status="NOT RUN" start="2026-05-19T04:44:27.642875" elapsed="0.000248"/>
</branch>
<status status="NOT RUN" start="2026-05-19T04:44:27.642859" elapsed="0.000296"/>
</if>
<kw name="Run Keyword And Return Status" owner="BuiltIn">
<var>${deleted}</var>
<arg>Wait Until Page Contains</arg>
<arg>Account Deleted</arg>
<arg>timeout=45s</arg>
<doc>Runs the given keyword with given arguments and returns the status as a Boolean value.</doc>
<status status="NOT RUN" start="2026-05-19T04:44:27.643234" elapsed="0.000017"/>
</kw>
<if>
<branch type="IF" condition="not ${deleted}">
<kw name="Log" owner="BuiltIn">
<arg>Account deletion confirmation not visible; continuing without failing teardown.</arg>
<arg>level=WARN</arg>
<doc>Logs the given message with the given level.</doc>
<status status="NOT RUN" start="2026-05-19T04:44:27.643382" elapsed="0.000016"/>
</kw>
<status status="NOT RUN" start="2026-05-19T04:44:27.643309" elapsed="0.000117"/>
</branch>
<status status="NOT RUN" start="2026-05-19T04:44:27.643294" elapsed="0.000156"/>
</if>
<status status="NOT RUN" start="2026-05-19T04:44:27.642543" elapsed="0.000923"/>
</branch>
<branch type="ELSE">
<kw name="Log" owner="BuiltIn">
<arg>Delete Account link not found, skipping cleanup.</arg>
<arg>level=DEBUG</arg>
<doc>Logs the given message with the given level.</doc>
<status status="PASS" start="2026-05-19T04:44:27.643557" elapsed="0.000170"/>
</kw>
<status status="PASS" start="2026-05-19T04:44:27.643488" elapsed="0.000273"/>
</branch>
<status status="PASS" start="2026-05-19T04:44:27.642511" elapsed="0.001274"/>
</if>
<doc>Deletes the current account if logged in.</doc>
<status status="PASS" start="2026-05-19T04:44:17.532888" elapsed="10.110933"/>
</kw>
<kw name="Close Test Browser" owner="common">
<kw name="Register Keyword To Run On Failure" owner="SeleniumLibrary">
<msg time="2026-05-19T04:44:27.644545" level="INFO">No keyword will be run on failure.</msg>
<arg>NONE</arg>
<doc>Sets the keyword to execute, when a SeleniumLibrary keyword fails.</doc>
<status status="PASS" start="2026-05-19T04:44:27.644438" elapsed="0.000143"/>
</kw>
<kw name="Close Browser" owner="SeleniumLibrary">
<doc>Closes the current browser.</doc>
<status status="PASS" start="2026-05-19T04:44:27.644688" elapsed="0.067493"/>
</kw>
<status status="PASS" start="2026-05-19T04:44:27.643968" elapsed="0.068344"/>
</kw>
<arg>Cleanup Test User</arg>
<arg>AND</arg>
<arg>Close Test Browser</arg>
<doc>Executes all the given keywords in a sequence.</doc>
<status status="PASS" start="2026-05-19T04:44:17.532558" elapsed="10.179807"/>
</kw>
<status status="PASS" start="2026-05-19T04:44:10.402387" elapsed="17.310041"/>
</test>
<doc>TC12 - Add Products In Cart</doc>
<status status="PASS" start="2026-05-19T04:44:10.286306" elapsed="17.426601"/>
</suite>
<status status="PASS" start="2026-05-19T04:44:10.285560" elapsed="17.427875"/>
</suite>
<status status="PASS" start="2026-05-19T04:44:10.265795" elapsed="17.447949"/>
</suite>
<statistics>
<total>
<stat pass="1" fail="0" skip="0">All Tests</stat>
</total>
<tag>
</tag>
<suite>
<stat name="Suites" id="s1" pass="1" fail="0" skip="0">Suites</stat>
<stat name="Cart" id="s1-s1" pass="1" fail="0" skip="0">Suites.Cart</stat>
<stat name="TC12 add products to cart" id="s1-s1-s1" pass="1" fail="0" skip="0">Suites.Cart.TC12 add products to cart</stat>
</suite>
</statistics>
<errors>
</errors>
</robot>
