<?xml version="1.0" encoding="UTF-8"?>
<robot generator="Robot 7.2.2 (Python 3.11.15 on linux)" generated="2026-05-31T05:03:02.888360" rpa="false" schemaversion="5">
<suite id="s1" name="Suites">
<suite id="s1-s1" name="Auth" source="/home/runner/work/engg-robot-testing-framework/engg-robot-testing-framework/tests/auth">
<suite id="s1-s1-s1" name="TC05 register existing email" source="/home/runner/work/engg-robot-testing-framework/engg-robot-testing-framework/tests/auth/TC05_register_existing_email.robot">
<test id="s1-s1-s1-t1" name="TC05 Register User With Existing Email" line="11">
<kw name="Open Browser To Home Page" owner="common" type="SETUP">
<kw name="Evaluate" owner="BuiltIn">
<msg time="2026-05-31T05:03:03.035240" level="INFO">${is_headless} = True</msg>
<var>${is_headless}</var>
<arg>str(${HEADLESS}).strip().lower() in ["true", "1", "yes", "on"]</arg>
<doc>Evaluates the given expression in Python and returns the result.</doc>
<status status="PASS" start="2026-05-31T05:03:03.034976" elapsed="0.000300"/>
</kw>
<kw name="Log" owner="BuiltIn">
<msg time="2026-05-31T05:03:03.035555" level="INFO">Starting browser (Headless: True) to: https://www.automationexercise.com</msg>
<arg>Starting browser (Headless: ${is_headless}) to: ${BASE_URL}</arg>
<doc>Logs the given message with the given level.</doc>
<status status="PASS" start="2026-05-31T05:03:03.035406" elapsed="0.000194"/>
</kw>
<kw name="Evaluate" owner="BuiltIn">
<msg time="2026-05-31T05:03:03.035942" level="INFO">${chrome_options} = &lt;selenium.webdriver.chrome.options.Options object at 0x7f1d42167f50&gt;</msg>
<var>${chrome_options}</var>
<arg>selenium.webdriver.ChromeOptions()</arg>
<arg>modules=selenium.webdriver</arg>
<doc>Evaluates the given expression in Python and returns the result.</doc>
<status status="PASS" start="2026-05-31T05:03:03.035709" elapsed="0.000269"/>
</kw>
<if>
<branch type="IF" condition="${is_headless}">
<kw name="Evaluate" owner="BuiltIn">
<arg>$chrome_options.add_argument("--headless=new")</arg>
<doc>Evaluates the given expression in Python and returns the result.</doc>
<status status="PASS" start="2026-05-31T05:03:03.036216" elapsed="0.002169"/>
</kw>
<status status="PASS" start="2026-05-31T05:03:03.036079" elapsed="0.002358"/>
</branch>
<status status="PASS" start="2026-05-31T05:03:03.036054" elapsed="0.002424"/>
</if>
<kw name="Evaluate" owner="BuiltIn">
<arg>$chrome_options.add_argument("--no-sandbox")</arg>
<doc>Evaluates the given expression in Python and returns the result.</doc>
<status status="PASS" start="2026-05-31T05:03:03.038569" elapsed="0.000193"/>
</kw>
<kw name="Evaluate" owner="BuiltIn">
<arg>$chrome_options.add_argument("--disable-dev-shm-usage")</arg>
<doc>Evaluates the given expression in Python and returns the result.</doc>
<status status="PASS" start="2026-05-31T05:03:03.038895" elapsed="0.000179"/>
</kw>
<kw name="Evaluate" owner="BuiltIn">
<arg>$chrome_options.add_argument("--disable-gpu")</arg>
<doc>Evaluates the given expression in Python and returns the result.</doc>
<status status="PASS" start="2026-05-31T05:03:03.039188" elapsed="0.000170"/>
</kw>
<kw name="Evaluate" owner="BuiltIn">
<arg>$chrome_options.add_argument("--window-size=1920,1080")</arg>
<doc>Evaluates the given expression in Python and returns the result.</doc>
<status status="PASS" start="2026-05-31T05:03:03.039460" elapsed="0.000172"/>
</kw>
<kw name="Evaluate" owner="BuiltIn">
<arg>$chrome_options.add_argument("--remote-debugging-pipe")</arg>
<doc>Evaluates the given expression in Python and returns the result.</doc>
<status status="PASS" start="2026-05-31T05:03:03.039728" elapsed="0.000194"/>
</kw>
<kw name="Evaluate" owner="BuiltIn">
<arg>$chrome_options.add_argument("--disable-extensions")</arg>
<doc>Evaluates the given expression in Python and returns the result.</doc>
<status status="PASS" start="2026-05-31T05:03:03.040044" elapsed="0.000237"/>
</kw>
<kw name="Evaluate" owner="BuiltIn">
<arg>$chrome_options.add_argument("--incognito")</arg>
<doc>Evaluates the given expression in Python and returns the result.</doc>
<status status="PASS" start="2026-05-31T05:03:03.040411" elapsed="0.000203"/>
</kw>
<kw name="Create Webdriver" owner="SeleniumLibrary">
<msg time="2026-05-31T05:03:03.040977" level="INFO">Creating an instance of the Chrome WebDriver.</msg>
<arg>Chrome</arg>
<arg>options=${chrome_options}</arg>
<doc>Creates an instance of Selenium WebDriver.</doc>
<status status="PASS" start="2026-05-31T05:03:03.040754" elapsed="0.274709"/>
</kw>
<kw name="Set Screenshot Directory" owner="SeleniumLibrary">
<arg>${SCREENSHOT_DIR}</arg>
<doc>Sets the directory for captured screenshots.</doc>
<status status="PASS" start="2026-05-31T05:03:03.315770" elapsed="0.000364"/>
</kw>
<kw name="Register Keyword To Run On Failure" owner="SeleniumLibrary">
<msg time="2026-05-31T05:03:03.316411" level="INFO">Capture Failure Screenshot will be run on failure.</msg>
<arg>Capture Failure Screenshot</arg>
<doc>Sets the keyword to execute, when a SeleniumLibrary keyword fails.</doc>
<status status="PASS" start="2026-05-31T05:03:03.316276" elapsed="0.000195"/>
</kw>
<kw name="Go To" owner="SeleniumLibrary">
<msg time="2026-05-31T05:03:03.316761" level="INFO">Opening url 'https://www.automationexercise.com'</msg>
<arg>${BASE_URL}</arg>
<doc>Navigates the current browser window to the provided ``url``.</doc>
<status status="PASS" start="2026-05-31T05:03:03.316603" elapsed="0.845245"/>
</kw>
<kw name="Set Selenium Implicit Wait" owner="SeleniumLibrary">
<arg>${TIMEOUT}</arg>
<doc>Sets the implicit wait value used by Selenium.</doc>
<status status="PASS" start="2026-05-31T05:03:04.162140" elapsed="0.001350"/>
</kw>
<kw name="Title Should Be" owner="SeleniumLibrary">
<msg time="2026-05-31T05:03:04.283424" level="INFO">Page title is 'Automation Exercise'.</msg>
<arg>Automation Exercise</arg>
<doc>Verifies that the current page title equals ``title``.</doc>
<status status="PASS" start="2026-05-31T05:03:04.163613" elapsed="0.119956"/>
</kw>
<status status="PASS" start="2026-05-31T05:03:03.034308" elapsed="1.249411"/>
</kw>
<kw name="Generate Unique Email With Prefix" owner="common">
<kw name="Evaluate" owner="BuiltIn">
<msg time="2026-05-31T05:03:04.284960" level="INFO">${timestamp} = 1780203784</msg>
<var>${timestamp}</var>
<arg>str(int(__import__('time').time()))</arg>
<doc>Evaluates the given expression in Python and returns the result.</doc>
<status status="PASS" start="2026-05-31T05:03:04.284609" elapsed="0.000400"/>
</kw>
<kw name="Set Variable" owner="BuiltIn">
<msg time="2026-05-31T05:03:04.285429" level="INFO">${email} = tc05_existing_1780203784@testmail.com</msg>
<var>${email}</var>
<arg>${prefix}_${timestamp}@testmail.com</arg>
<doc>Returns the given values which can then be assigned to a variables.</doc>
<status status="PASS" start="2026-05-31T05:03:04.285187" elapsed="0.000282"/>
</kw>
<return>
<value>${email}</value>
<status status="PASS" start="2026-05-31T05:03:04.285562" elapsed="0.000083"/>
</return>
<msg time="2026-05-31T05:03:04.286120" level="INFO">${unique_email} = tc05_existing_1780203784@testmail.com</msg>
<var>${unique_email}</var>
<arg>tc05_existing</arg>
<status status="PASS" start="2026-05-31T05:03:04.284109" elapsed="0.002064"/>
</kw>
<kw name="Navigate To Login Page" owner="auth_keywords">
<kw name="Click Element" owner="SeleniumLibrary">
<msg time="2026-05-31T05:03:04.287456" level="INFO">Clicking element 'xpath=//a[contains(text(),'Signup / Login')]'.</msg>
<arg>${NAV_SIGNUP_LOGIN_LINK}</arg>
<doc>Click the element identified by ``locator``.</doc>
<status status="PASS" start="2026-05-31T05:03:04.286758" elapsed="0.725130"/>
</kw>
<kw name="Wait Until Page Contains Element" owner="SeleniumLibrary">
<arg>${LOGIN_HEADING}</arg>
<arg>timeout=10s</arg>
<doc>Waits until the element ``locator`` appears on the current page.</doc>
<status status="PASS" start="2026-05-31T05:03:05.012187" elapsed="0.011207"/>
</kw>
<status status="PASS" start="2026-05-31T05:03:04.286412" elapsed="0.737121"/>
</kw>
<kw name="Enter Signup Name And Email" owner="auth_keywords">
<kw name="Input Text" owner="SeleniumLibrary">
<msg time="2026-05-31T05:03:05.024659" level="INFO">Typing text 'RobotTestUser' into text field 'css=input[data-qa='signup-name']'.</msg>
<arg>${SIGNUP_NAME_INPUT}</arg>
<arg>${name}</arg>
<doc>Types the given ``text`` into the text field identified by ``locator``.</doc>
<status status="PASS" start="2026-05-31T05:03:05.024360" elapsed="0.197158"/>
</kw>
<kw name="Input Text" owner="SeleniumLibrary">
<msg time="2026-05-31T05:03:05.222030" level="INFO">Typing text 'tc05_existing_1780203784@testmail.com' into text field 'css=input[data-qa='signup-email']'.</msg>
<arg>${SIGNUP_EMAIL_INPUT}</arg>
<arg>${email}</arg>
<doc>Types the given ``text`` into the text field identified by ``locator``.</doc>
<status status="PASS" start="2026-05-31T05:03:05.221728" elapsed="0.091808"/>
</kw>
<kw name="Click Button" owner="SeleniumLibrary">
<msg time="2026-05-31T05:03:05.314103" level="INFO">Clicking button 'css=button[data-qa='signup-button']'.</msg>
<arg>${SIGNUP_BUTTON}</arg>
<doc>Clicks the button identified by ``locator``.</doc>
<status status="PASS" start="2026-05-31T05:03:05.313834" elapsed="0.712514"/>
</kw>
<kw name="Sleep" owner="BuiltIn">
<msg time="2026-05-31T05:03:09.027083" level="INFO">Slept 3 seconds.</msg>
<arg>3s</arg>
<doc>Pauses the test executed for the given time.</doc>
<status status="PASS" start="2026-05-31T05:03:06.026650" elapsed="3.000569"/>
</kw>
<arg>${SIGNUP_NAME}</arg>
<arg>${unique_email}</arg>
<status status="PASS" start="2026-05-31T05:03:05.023835" elapsed="4.003520"/>
</kw>
<kw name="Verify Enter Account Information Visible" owner="auth_keywords">
<kw name="Wait Until Page Contains" owner="SeleniumLibrary">
<arg>Enter Account Information</arg>
<arg>timeout=10s</arg>
<doc>Waits until ``text`` appears on the current page.</doc>
<status status="PASS" start="2026-05-31T05:03:09.027929" elapsed="0.056976"/>
</kw>
<status status="PASS" start="2026-05-31T05:03:09.027600" elapsed="0.057423"/>
</kw>
<kw name="Fill Account Information" owner="auth_keywords">
<kw name="Click Element" owner="SeleniumLibrary">
<msg time="2026-05-31T05:03:09.085795" level="INFO">Clicking element 'id=id_gender1'.</msg>
<arg>${REG_TITLE_MR_RADIO}</arg>
<doc>Click the element identified by ``locator``.</doc>
<status status="PASS" start="2026-05-31T05:03:09.085597" elapsed="0.069398"/>
</kw>
<kw name="Input Text" owner="SeleniumLibrary">
<msg time="2026-05-31T05:03:09.155494" level="INFO">Typing text 'Test@12345' into text field 'css=input[data-qa='password']'.</msg>
<arg>${REG_PASSWORD_INPUT}</arg>
<arg>${password}</arg>
<doc>Types the given ``text`` into the text field identified by ``locator``.</doc>
<status status="PASS" start="2026-05-31T05:03:09.155217" elapsed="0.065784"/>
</kw>
<kw name="Select From List By Value" owner="SeleniumLibrary">
<msg time="2026-05-31T05:03:09.221464" level="INFO">Selecting options from selection list 'id=days' by value 15.</msg>
<arg>${REG_DAYS_DROPDOWN}</arg>
<arg>${day}</arg>
<doc>Selects options from selection list ``locator`` by ``values``.</doc>
<status status="PASS" start="2026-05-31T05:03:09.221198" elapsed="0.072425"/>
</kw>
<kw name="Select From List By Label" owner="SeleniumLibrary">
<msg time="2026-05-31T05:03:09.294142" level="INFO">Selecting options from selection list 'id=months' by label March.</msg>
<arg>${REG_MONTHS_DROPDOWN}</arg>
<arg>${month}</arg>
<doc>Selects options from selection list ``locator`` by ``labels``.</doc>
<status status="PASS" start="2026-05-31T05:03:09.293861" elapsed="0.053503"/>
</kw>
<kw name="Select From List By Value" owner="SeleniumLibrary">
<msg time="2026-05-31T05:03:09.347920" level="INFO">Selecting options from selection list 'id=years' by value 1995.</msg>
<arg>${REG_YEARS_DROPDOWN}</arg>
<arg>${year}</arg>
<doc>Selects options from selection list ``locator`` by ``values``.</doc>
<status status="PASS" start="2026-05-31T05:03:09.347567" elapsed="0.053475"/>
</kw>
<kw name="Select Checkbox" owner="SeleniumLibrary">
<msg time="2026-05-31T05:03:09.401510" level="INFO">Selecting checkbox 'id=newsletter'.</msg>
<arg>${REG_NEWSLETTER_CHECKBOX}</arg>
<doc>Selects the checkbox identified by ``locator``.</doc>
<status status="PASS" start="2026-05-31T05:03:09.401276" elapsed="0.066157"/>
</kw>
<kw name="Select Checkbox" owner="SeleniumLibrary">
<msg time="2026-05-31T05:03:09.467979" level="INFO">Selecting checkbox 'id=optin'.</msg>
<arg>${REG_SPECIAL_OFFERS_CHECKBOX}</arg>
<doc>Selects the checkbox identified by ``locator``.</doc>
<status status="PASS" start="2026-05-31T05:03:09.467669" elapsed="0.065435"/>
</kw>
<arg>${VALID_PASS}</arg>
<arg>15</arg>
<arg>March</arg>
<arg>1995</arg>
<status status="PASS" start="2026-05-31T05:03:09.085238" elapsed="0.448011"/>
</kw>
<kw name="Fill Address Information" owner="auth_keywords">
<kw name="Input Text" owner="SeleniumLibrary">
<msg time="2026-05-31T05:03:09.534535" level="INFO">Typing text 'Robot' into text field 'css=input[data-qa='first_name']'.</msg>
<arg>${REG_FIRST_NAME_INPUT}</arg>
<arg>${first}</arg>
<doc>Types the given ``text`` into the text field identified by ``locator``.</doc>
<status status="PASS" start="2026-05-31T05:03:09.534330" elapsed="0.061222"/>
</kw>
<kw name="Input Text" owner="SeleniumLibrary">
<msg time="2026-05-31T05:03:09.596037" level="INFO">Typing text 'Tester' into text field 'css=input[data-qa='last_name']'.</msg>
<arg>${REG_LAST_NAME_INPUT}</arg>
<arg>${last}</arg>
<doc>Types the given ``text`` into the text field identified by ``locator``.</doc>
<status status="PASS" start="2026-05-31T05:03:09.595751" elapsed="0.064146"/>
</kw>
<kw name="Input Text" owner="SeleniumLibrary">
<msg time="2026-05-31T05:03:09.660440" level="INFO">Typing text 'TestCorp' into text field 'css=input[data-qa='company']'.</msg>
<arg>${REG_COMPANY_INPUT}</arg>
<arg>${company}</arg>
<doc>Types the given ``text`` into the text field identified by ``locator``.</doc>
<status status="PASS" start="2026-05-31T05:03:09.660138" elapsed="0.066711"/>
</kw>
<kw name="Input Text" owner="SeleniumLibrary">
<msg time="2026-05-31T05:03:09.727309" level="INFO">Typing text '123 Main Street' into text field 'css=input[data-qa='address']'.</msg>
<arg>${REG_ADDRESS_INPUT}</arg>
<arg>${address}</arg>
<doc>Types the given ``text`` into the text field identified by ``locator``.</doc>
<status status="PASS" start="2026-05-31T05:03:09.727051" elapsed="0.100885"/>
</kw>
<kw name="Input Text" owner="SeleniumLibrary">
<msg time="2026-05-31T05:03:09.828413" level="INFO">Typing text 'Apt 456' into text field 'css=input[data-qa='address2']'.</msg>
<arg>${REG_ADDRESS2_INPUT}</arg>
<arg>${address2}</arg>
<doc>Types the given ``text`` into the text field identified by ``locator``.</doc>
<status status="PASS" start="2026-05-31T05:03:09.828145" elapsed="0.066290"/>
</kw>
<kw name="Select From List By Label" owner="SeleniumLibrary">
<msg time="2026-05-31T05:03:09.894959" level="INFO">Selecting options from selection list 'css=select[data-qa='country']' by label India.</msg>
<arg>${REG_COUNTRY_DROPDOWN}</arg>
<arg>${country}</arg>
<doc>Selects options from selection list ``locator`` by ``labels``.</doc>
<status status="PASS" start="2026-05-31T05:03:09.894651" elapsed="0.035299"/>
</kw>
<kw name="Input Text" owner="SeleniumLibrary">
<msg time="2026-05-31T05:03:09.930396" level="INFO">Typing text 'Karnataka' into text field 'css=input[data-qa='state']'.</msg>
<arg>${REG_STATE_INPUT}</arg>
<arg>${state}</arg>
<doc>Types the given ``text`` into the text field identified by ``locator``.</doc>
<status status="PASS" start="2026-05-31T05:03:09.930141" elapsed="0.062709"/>
</kw>
<kw name="Input Text" owner="SeleniumLibrary">
<msg time="2026-05-31T05:03:09.993310" level="INFO">Typing text 'Bengaluru' into text field 'css=input[data-qa='city']'.</msg>
<arg>${REG_CITY_INPUT}</arg>
<arg>${city}</arg>
<doc>Types the given ``text`` into the text field identified by ``locator``.</doc>
<status status="PASS" start="2026-05-31T05:03:09.993054" elapsed="0.064698"/>
</kw>
<kw name="Input Text" owner="SeleniumLibrary">
<msg time="2026-05-31T05:03:10.058199" level="INFO">Typing text '560001' into text field 'css=input[data-qa='zipcode']'.</msg>
<arg>${REG_ZIPCODE_INPUT}</arg>
<arg>${zip}</arg>
<doc>Types the given ``text`` into the text field identified by ``locator``.</doc>
<status status="PASS" start="2026-05-31T05:03:10.057951" elapsed="0.063016"/>
</kw>
<kw name="Input Text" owner="SeleniumLibrary">
<msg time="2026-05-31T05:03:10.121463" level="INFO">Typing text '9876543210' into text field 'css=input[data-qa='mobile_number']'.</msg>
<arg>${REG_MOBILE_NUMBER_INPUT}</arg>
<arg>${mobile}</arg>
<doc>Types the given ``text`` into the text field identified by ``locator``.</doc>
<status status="PASS" start="2026-05-31T05:03:10.121206" elapsed="0.064800"/>
</kw>
<arg>${FIRST_NAME}</arg>
<arg>${LAST_NAME}</arg>
<arg>${COMPANY}</arg>
<arg>${ADDRESS1}</arg>
<arg>${ADDRESS2}</arg>
<arg>${COUNTRY}</arg>
<arg>${STATE}</arg>
<arg>${CITY}</arg>
<arg>${ZIPCODE}</arg>
<arg>${MOBILE}</arg>
<status status="PASS" start="2026-05-31T05:03:09.533588" elapsed="0.652546"/>
</kw>
<kw name="Click Create Account" owner="auth_keywords">
<kw name="Click Button" owner="SeleniumLibrary">
<msg time="2026-05-31T05:03:10.186861" level="INFO">Clicking button 'css=button[data-qa='create-account']'.</msg>
<arg>${REG_CREATE_ACCOUNT_BUTTON}</arg>
<doc>Clicks the button identified by ``locator``.</doc>
<status status="PASS" start="2026-05-31T05:03:10.186650" elapsed="0.755693"/>
</kw>
<kw name="Sleep" owner="BuiltIn">
<msg time="2026-05-31T05:03:13.943015" level="INFO">Slept 3 seconds.</msg>
<arg>3s</arg>
<doc>Pauses the test executed for the given time.</doc>
<status status="PASS" start="2026-05-31T05:03:10.942621" elapsed="3.000506"/>
</kw>
<status status="PASS" start="2026-05-31T05:03:10.186368" elapsed="3.756867"/>
</kw>
<kw name="Verify Account Created" owner="auth_keywords">
<kw name="Wait Until Page Contains" owner="SeleniumLibrary">
<arg>Account Created</arg>
<arg>timeout=20s</arg>
<doc>Waits until ``text`` appears on the current page.</doc>
<status status="PASS" start="2026-05-31T05:03:13.943680" elapsed="0.027228"/>
</kw>
<status status="PASS" start="2026-05-31T05:03:13.943416" elapsed="0.027572"/>
</kw>
<kw name="Click Continue After Account Created" owner="auth_keywords">
<kw name="Click Element" owner="SeleniumLibrary">
<msg time="2026-05-31T05:03:13.971541" level="INFO">Clicking element 'css=a[data-qa='continue-button']'.</msg>
<arg>${ACCOUNT_CREATED_CONTINUE_BUTTON}</arg>
<doc>Click the element identified by ``locator``.</doc>
<status status="PASS" start="2026-05-31T05:03:13.971364" elapsed="0.703055"/>
</kw>
<kw name="Sleep" owner="BuiltIn">
<msg time="2026-05-31T05:03:17.674886" level="INFO">Slept 3 seconds.</msg>
<arg>3s</arg>
<doc>Pauses the test executed for the given time.</doc>
<status status="PASS" start="2026-05-31T05:03:14.674631" elapsed="3.000403"/>
</kw>
<kw name="Wait Until Page Contains Element" owner="SeleniumLibrary">
<arg>${NAV_HOME_LINK}</arg>
<arg>timeout=30s</arg>
<doc>Waits until the element ``locator`` appears on the current page.</doc>
<status status="PASS" start="2026-05-31T05:03:17.675290" elapsed="0.039976"/>
</kw>
<status status="PASS" start="2026-05-31T05:03:13.971123" elapsed="3.744292"/>
</kw>
<kw name="Logout From Application" owner="auth_keywords">
<kw name="Wait Until Element Is Visible" owner="SeleniumLibrary">
<arg>${NAV_LOGOUT_LINK}</arg>
<arg>timeout=45s</arg>
<doc>Waits until the element ``locator`` is visible.</doc>
<status status="PASS" start="2026-05-31T05:03:17.716192" elapsed="0.021225"/>
</kw>
<kw name="Run Keyword And Return Status" owner="BuiltIn">
<kw name="Click Element" owner="SeleniumLibrary">
<msg time="2026-05-31T05:03:17.738020" level="INFO">Clicking element 'xpath=//a[contains(text(),'Logout')]'.</msg>
<arg>${NAV_LOGOUT_LINK}</arg>
<doc>Click the element identified by ``locator``.</doc>
<status status="PASS" start="2026-05-31T05:03:17.737835" elapsed="1.839761"/>
</kw>
<msg time="2026-05-31T05:03:19.577785" level="INFO">${clicked} = True</msg>
<var>${clicked}</var>
<arg>Click Element</arg>
<arg>${NAV_LOGOUT_LINK}</arg>
<doc>Runs the given keyword with given arguments and returns the status as a Boolean value.</doc>
<status status="PASS" start="2026-05-31T05:03:17.737614" elapsed="1.840233"/>
</kw>
<if>
<branch type="IF" condition="not ${clicked}">
<kw name="Execute Javascript" owner="SeleniumLibrary">
<arg>document.querySelector("a[href='/logout']").click()</arg>
<doc>Executes the given JavaScript code with possible arguments.</doc>
<status status="NOT RUN" start="2026-05-31T05:03:19.578224" elapsed="0.000031"/>
</kw>
<status status="NOT RUN" start="2026-05-31T05:03:19.577970" elapsed="0.000322"/>
</branch>
<status status="PASS" start="2026-05-31T05:03:19.577931" elapsed="0.000399"/>
</if>
<kw name="Wait Until Page Contains Element" owner="SeleniumLibrary">
<arg>${LOGIN_HEADING}</arg>
<arg>timeout=20s</arg>
<doc>Waits until the element ``locator`` appears on the current page.</doc>
<status status="PASS" start="2026-05-31T05:03:19.578410" elapsed="0.007021"/>
</kw>
<status status="PASS" start="2026-05-31T05:03:17.715772" elapsed="1.869785"/>
</kw>
<kw name="Verify New User Signup Visible" owner="auth_keywords">
<kw name="Wait Until Page Contains Element" owner="SeleniumLibrary">
<arg>${SIGNUP_HEADING}</arg>
<arg>timeout=10s</arg>
<doc>Waits until the element ``locator`` appears on the current page.</doc>
<status status="PASS" start="2026-05-31T05:03:19.586165" elapsed="0.087107"/>
</kw>
<kw name="Get Text" owner="SeleniumLibrary">
<msg time="2026-05-31T05:03:19.704017" level="INFO">${text} = New User Signup!</msg>
<var>${text}</var>
<arg>${SIGNUP_HEADING}</arg>
<doc>Returns the text value of the element identified by ``locator``.</doc>
<status status="PASS" start="2026-05-31T05:03:19.673481" elapsed="0.030608"/>
</kw>
<kw name="Should Contain" owner="BuiltIn">
<arg>${text}</arg>
<arg>New User Signup</arg>
<arg>ignore_case=True</arg>
<doc>Fails if ``container`` does not contain ``item`` one or more times.</doc>
<status status="PASS" start="2026-05-31T05:03:19.704274" elapsed="0.000243"/>
</kw>
<status status="PASS" start="2026-05-31T05:03:19.585785" elapsed="0.118852"/>
</kw>
<kw name="Enter Signup Name And Email" owner="auth_keywords">
<kw name="Input Text" owner="SeleniumLibrary">
<msg time="2026-05-31T05:03:19.705320" level="INFO">Typing text 'RobotTestUser' into text field 'css=input[data-qa='signup-name']'.</msg>
<arg>${SIGNUP_NAME_INPUT}</arg>
<arg>${name}</arg>
<doc>Types the given ``text`` into the text field identified by ``locator``.</doc>
<status status="PASS" start="2026-05-31T05:03:19.705133" elapsed="0.066303"/>
</kw>
<kw name="Input Text" owner="SeleniumLibrary">
<msg time="2026-05-31T05:03:19.771933" level="INFO">Typing text 'tc05_existing_1780203784@testmail.com' into text field 'css=input[data-qa='signup-email']'.</msg>
<arg>${SIGNUP_EMAIL_INPUT}</arg>
<arg>${email}</arg>
<doc>Types the given ``text`` into the text field identified by ``locator``.</doc>
<status status="PASS" start="2026-05-31T05:03:19.771640" elapsed="0.078653"/>
</kw>
<kw name="Click Button" owner="SeleniumLibrary">
<msg time="2026-05-31T05:03:19.850734" level="INFO">Clicking button 'css=button[data-qa='signup-button']'.</msg>
<arg>${SIGNUP_BUTTON}</arg>
<doc>Clicks the button identified by ``locator``.</doc>
<status status="PASS" start="2026-05-31T05:03:19.850498" elapsed="0.436068"/>
</kw>
<kw name="Sleep" owner="BuiltIn">
<msg time="2026-05-31T05:03:23.287182" level="INFO">Slept 3 seconds.</msg>
<arg>3s</arg>
<doc>Pauses the test executed for the given time.</doc>
<status status="PASS" start="2026-05-31T05:03:20.286780" elapsed="3.000554"/>
</kw>
<arg>${SIGNUP_NAME}</arg>
<arg>${unique_email}</arg>
<status status="PASS" start="2026-05-31T05:03:19.704840" elapsed="3.582626"/>
</kw>
<kw name="Verify Signup Error Message" owner="auth_keywords">
<kw name="Page Should Contain Element" owner="SeleniumLibrary">
<msg time="2026-05-31T05:03:23.358462" level="INFO">Current page contains element 'css=p[style='color: red;']'.</msg>
<arg>${SIGNUP_ERROR_MESSAGE}</arg>
<doc>Verifies that element ``locator`` is found on the current page.</doc>
<status status="PASS" start="2026-05-31T05:03:23.288071" elapsed="0.070526"/>
</kw>
<status status="PASS" start="2026-05-31T05:03:23.287700" elapsed="0.071034"/>
</kw>
<kw name="Login With Credentials" owner="auth_keywords">
<kw name="Input Text" owner="SeleniumLibrary">
<msg time="2026-05-31T05:03:23.359766" level="INFO">Typing text 'tc05_existing_1780203784@testmail.com' into text field 'css=input[data-qa='login-email']'.</msg>
<arg>${LOGIN_EMAIL_INPUT}</arg>
<arg>${email}</arg>
<doc>Types the given ``text`` into the text field identified by ``locator``.</doc>
<status status="PASS" start="2026-05-31T05:03:23.359485" elapsed="0.101726"/>
</kw>
<kw name="Input Text" owner="SeleniumLibrary">
<msg time="2026-05-31T05:03:23.461687" level="INFO">Typing text 'Test@12345' into text field 'css=input[data-qa='login-password']'.</msg>
<arg>${LOGIN_PASSWORD_INPUT}</arg>
<arg>${password}</arg>
<doc>Types the given ``text`` into the text field identified by ``locator``.</doc>
<status status="PASS" start="2026-05-31T05:03:23.461421" elapsed="0.063010"/>
</kw>
<kw name="Click Button" owner="SeleniumLibrary">
<msg time="2026-05-31T05:03:23.524896" level="INFO">Clicking button 'css=button[data-qa='login-button']'.</msg>
<arg>${LOGIN_BUTTON}</arg>
<doc>Clicks the button identified by ``locator``.</doc>
<status status="PASS" start="2026-05-31T05:03:23.524629" elapsed="1.398643"/>
</kw>
<kw name="Sleep" owner="BuiltIn">
<msg time="2026-05-31T05:03:26.923786" level="INFO">Slept 2 seconds.</msg>
<arg>2s</arg>
<doc>Pauses the test executed for the given time.</doc>
<status status="PASS" start="2026-05-31T05:03:24.923472" elapsed="2.000460"/>
</kw>
<arg>${unique_email}</arg>
<arg>${VALID_PASS}</arg>
<status status="PASS" start="2026-05-31T05:03:23.359014" elapsed="3.565022"/>
</kw>
<kw name="Delete Account" owner="auth_keywords">
<kw name="Run Keyword And Return Status" owner="BuiltIn">
<kw name="Click Element" owner="SeleniumLibrary">
<msg time="2026-05-31T05:03:26.924903" level="INFO">Clicking element 'xpath=//a[contains(text(),'Delete Account')]'.</msg>
<arg>${NAV_DELETE_ACCOUNT_LINK}</arg>
<doc>Click the element identified by ``locator``.</doc>
<status status="PASS" start="2026-05-31T05:03:26.924701" elapsed="0.470350"/>
</kw>
<msg time="2026-05-31T05:03:27.395253" level="INFO">${clicked} = True</msg>
<var>${clicked}</var>
<arg>Click Element</arg>
<arg>${NAV_DELETE_ACCOUNT_LINK}</arg>
<doc>Runs the given keyword with given arguments and returns the status as a Boolean value.</doc>
<status status="PASS" start="2026-05-31T05:03:26.924543" elapsed="0.470742"/>
</kw>
<if>
<branch type="IF" condition="not ${clicked}">
<kw name="Execute Javascript" owner="SeleniumLibrary">
<arg>document.querySelector("a[href='/delete_account']").click()</arg>
<doc>Executes the given JavaScript code with possible arguments.</doc>
<status status="NOT RUN" start="2026-05-31T05:03:27.395650" elapsed="0.000033"/>
</kw>
<status status="NOT RUN" start="2026-05-31T05:03:27.395394" elapsed="0.000327"/>
</branch>
<status status="PASS" start="2026-05-31T05:03:27.395362" elapsed="0.000399"/>
</if>
<kw name="Sleep" owner="BuiltIn">
<msg time="2026-05-31T05:03:30.396139" level="INFO">Slept 3 seconds.</msg>
<arg>3s</arg>
<doc>Pauses the test executed for the given time.</doc>
<status status="PASS" start="2026-05-31T05:03:27.395876" elapsed="3.000376"/>
</kw>
<kw name="Wait Until Page Contains" owner="SeleniumLibrary">
<arg>Account Deleted</arg>
<arg>timeout=60s</arg>
<doc>Waits until ``text`` appears on the current page.</doc>
<status status="PASS" start="2026-05-31T05:03:30.396439" elapsed="0.026983"/>
</kw>
<status status="PASS" start="2026-05-31T05:03:26.924280" elapsed="3.499233"/>
</kw>
<kw name="Verify Account Deleted" owner="auth_keywords">
<kw name="Wait Until Page Contains" owner="SeleniumLibrary">
<arg>Account Deleted</arg>
<arg>timeout=15s</arg>
<doc>Waits until ``text`` appears on the current page.</doc>
<status status="PASS" start="2026-05-31T05:03:30.423943" elapsed="0.005143"/>
</kw>
<status status="PASS" start="2026-05-31T05:03:30.423668" elapsed="0.005491"/>
</kw>
<kw name="Run Keywords" owner="BuiltIn" type="TEARDOWN">
<kw name="Cleanup Test User" owner="common">
<kw name="Run Keyword And Return Status" owner="BuiltIn">
<kw name="Page Should Contain Element" owner="SeleniumLibrary">
<kw name="Capture Failure Screenshot" owner="common">
<kw name="Evaluate" owner="BuiltIn">
<msg time="2026-05-31T05:03:40.459050" level="INFO">${safe_test_name} = TC05_Register_User_With_Existing_Email</msg>
<var>${safe_test_name}</var>
<arg>__import__("re").sub(r"[^A-Za-z0-9._-]+", "_", """${TEST NAME}""").strip("_")</arg>
<doc>Evaluates the given expression in Python and returns the result.</doc>
<status status="PASS" start="2026-05-31T05:03:40.458692" elapsed="0.000391"/>
</kw>
<kw name="Evaluate" owner="BuiltIn">
<msg time="2026-05-31T05:03:40.459380" level="INFO">${safe_suite_name} = Suites.Auth.TC05_register_existing_email</msg>
<var>${safe_suite_name}</var>
<arg>__import__("re").sub(r"[^A-Za-z0-9._-]+", "_", """${SUITE NAME}""").strip("_")</arg>
<doc>Evaluates the given expression in Python and returns the result.</doc>
<status status="PASS" start="2026-05-31T05:03:40.459191" elapsed="0.000215"/>
</kw>
<kw name="Evaluate" owner="BuiltIn">
<msg time="2026-05-31T05:03:40.459654" level="INFO">${ts} = 1780203820459</msg>
<var>${ts}</var>
<arg>str(int(__import__("time").time()*1000))</arg>
<doc>Evaluates the given expression in Python and returns the result.</doc>
<status status="PASS" start="2026-05-31T05:03:40.459498" elapsed="0.000180"/>
</kw>
<kw name="Capture Page Screenshot" owner="SeleniumLibrary">
<msg time="2026-05-31T05:03:40.508547" level="INFO" html="true">&lt;/td&gt;&lt;/tr&gt;&lt;tr&gt;&lt;td colspan="3"&gt;&lt;a href="../../screenshots/Suites.Auth.TC05_register_existing_email__TC05_Register_User_With_Existing_Email__1780203820459.png"&gt;&lt;img src="../../screenshots/Suites.Auth.TC05_register_existing_email__TC05_Register_User_With_Existing_Email__1780203820459.png" width="800px"&gt;&lt;/a&gt;</msg>
<arg>${safe_suite_name}__${safe_test_name}__${ts}.png</arg>
<doc>Takes a screenshot of the current page and embeds it into a log file.</doc>
<status status="PASS" start="2026-05-31T05:03:40.459776" elapsed="0.048874"/>
</kw>
<doc>Capture screenshot with failed test case name for easier traceability in reports.</doc>
<status status="PASS" start="2026-05-31T05:03:40.458397" elapsed="0.050353"/>
</kw>
<msg time="2026-05-31T05:03:40.508935" level="FAIL">Page should have contained element 'xpath=//a[contains(text(),'Delete Account')]' but did not.</msg>
<arg>${NAV_DELETE_ACCOUNT_LINK}</arg>
<doc>Verifies that element ``locator`` is found on the current page.</doc>
<status status="FAIL" start="2026-05-31T05:03:30.430024" elapsed="10.079969">Page should have contained element 'xpath=//a[contains(text(),'Delete Account')]' but did not.</status>
</kw>
<msg time="2026-05-31T05:03:40.510101" level="INFO">${status} = False</msg>
<var>${status}</var>
<arg>Page Should Contain Element</arg>
<arg>${NAV_DELETE_ACCOUNT_LINK}</arg>
<doc>Runs the given keyword with given arguments and returns the status as a Boolean value.</doc>
<status status="PASS" start="2026-05-31T05:03:30.429884" elapsed="10.080243"/>
</kw>
<if>
<branch type="IF" condition="${status}">
<kw name="Run Keyword And Return Status" owner="BuiltIn">
<var>${clicked}</var>
<arg>Click Element</arg>
<arg>${NAV_DELETE_ACCOUNT_LINK}</arg>
<doc>Runs the given keyword with given arguments and returns the status as a Boolean value.</doc>
<status status="NOT RUN" start="2026-05-31T05:03:40.510408" elapsed="0.000029"/>
</kw>
<if>
<branch type="IF" condition="not ${clicked}">
<kw name="Log" owner="BuiltIn">
<arg>Native click failed on Delete Account; trying JS click fallback.</arg>
<arg>level=WARN</arg>
<doc>Logs the given message with the given level.</doc>
<status status="NOT RUN" start="2026-05-31T05:03:40.510595" elapsed="0.000024"/>
</kw>
<kw name="Execute Javascript" owner="SeleniumLibrary">
<arg>document.querySelector("a[href='/delete_account']").click()</arg>
<doc>Executes the given JavaScript code with possible arguments.</doc>
<status status="NOT RUN" start="2026-05-31T05:03:40.510715" elapsed="0.000023"/>
</kw>
<status status="NOT RUN" start="2026-05-31T05:03:40.510508" elapsed="0.000263"/>
</branch>
<status status="NOT RUN" start="2026-05-31T05:03:40.510492" elapsed="0.000338"/>
</if>
<kw name="Run Keyword And Return Status" owner="BuiltIn">
<var>${deleted}</var>
<arg>Wait Until Page Contains</arg>
<arg>Account Deleted</arg>
<arg>timeout=45s</arg>
<doc>Runs the given keyword with given arguments and returns the status as a Boolean value.</doc>
<status status="NOT RUN" start="2026-05-31T05:03:40.510916" elapsed="0.000024"/>
</kw>
<if>
<branch type="IF" condition="not ${deleted}">
<kw name="Log" owner="BuiltIn">
<arg>Account deletion confirmation not visible; continuing without failing teardown.</arg>
<arg>level=WARN</arg>
<doc>Logs the given message with the given level.</doc>
<status status="NOT RUN" start="2026-05-31T05:03:40.511134" elapsed="0.000022"/>
</kw>
<status status="NOT RUN" start="2026-05-31T05:03:40.511048" elapsed="0.000144"/>
</branch>
<status status="NOT RUN" start="2026-05-31T05:03:40.511031" elapsed="0.000191"/>
</if>
<status status="NOT RUN" start="2026-05-31T05:03:40.510232" elapsed="0.001008"/>
</branch>
<branch type="ELSE">
<kw name="Log" owner="BuiltIn">
<arg>Delete Account link not found, skipping cleanup.</arg>
<arg>level=DEBUG</arg>
<doc>Logs the given message with the given level.</doc>
<status status="PASS" start="2026-05-31T05:03:40.511347" elapsed="0.000163"/>
</kw>
<status status="PASS" start="2026-05-31T05:03:40.511267" elapsed="0.000285"/>
</branch>
<status status="PASS" start="2026-05-31T05:03:40.510202" elapsed="0.001381"/>
</if>
<doc>Deletes the current account if logged in.</doc>
<status status="PASS" start="2026-05-31T05:03:30.429637" elapsed="10.081986"/>
</kw>
<kw name="Close Test Browser" owner="common">
<kw name="Register Keyword To Run On Failure" owner="SeleniumLibrary">
<msg time="2026-05-31T05:03:40.512124" level="INFO">No keyword will be run on failure.</msg>
<arg>NONE</arg>
<doc>Sets the keyword to execute, when a SeleniumLibrary keyword fails.</doc>
<status status="PASS" start="2026-05-31T05:03:40.512011" elapsed="0.000153"/>
</kw>
<kw name="Close Browser" owner="SeleniumLibrary">
<doc>Closes the current browser.</doc>
<status status="PASS" start="2026-05-31T05:03:40.512252" elapsed="0.067824"/>
</kw>
<status status="PASS" start="2026-05-31T05:03:40.511769" elapsed="0.068470"/>
</kw>
<arg>Cleanup Test User</arg>
<arg>AND</arg>
<arg>Close Test Browser</arg>
<doc>Executes all the given keywords in a sequence.</doc>
<status status="PASS" start="2026-05-31T05:03:30.429345" elapsed="10.150984"/>
</kw>
<status status="PASS" start="2026-05-31T05:03:03.033591" elapsed="37.546822"/>
</test>
<status status="PASS" start="2026-05-31T05:03:02.911375" elapsed="37.669552"/>
</suite>
<status status="PASS" start="2026-05-31T05:03:02.910602" elapsed="37.670832"/>
</suite>
<status status="PASS" start="2026-05-31T05:03:02.889057" elapsed="37.692701"/>
</suite>
<statistics>
<total>
<stat pass="1" fail="0" skip="0">All Tests</stat>
</total>
<tag>
</tag>
<suite>
<stat name="Suites" id="s1" pass="1" fail="0" skip="0">Suites</stat>
<stat name="Auth" id="s1-s1" pass="1" fail="0" skip="0">Suites.Auth</stat>
<stat name="TC05 register existing email" id="s1-s1-s1" pass="1" fail="0" skip="0">Suites.Auth.TC05 register existing email</stat>
</suite>
</statistics>
<errors>
</errors>
</robot>
