<?xml version="1.0" encoding="UTF-8"?>
<robot generator="Rebot 7.2.2 (Python 3.11.16 on linux)" generated="2026-09-06T04:58:04.109984" rpa="false" schemaversion="5">
<suite id="s1" name="Suites">
<suite id="s1-s1" name="Auth" source="/home/runner/work/engg-robot-testing-framework/engg-robot-testing-framework/tests/auth">
<suite id="s1-s1-s1" name="TC01 register user" source="/home/runner/work/engg-robot-testing-framework/engg-robot-testing-framework/tests/auth/TC01_register_user.robot">
<test id="s1-s1-s1-t1" name="TC01 Register User" line="11">
<kw name="Open Browser To Home Page" owner="common" type="SETUP">
<kw name="Evaluate" owner="BuiltIn">
<msg time="2026-09-06T04:57:12.103750" level="INFO">${is_headless} = False</msg>
<var>${is_headless}</var>
<arg>str(${HEADLESS}).strip().lower() in ["true", "1", "yes", "on"]</arg>
<doc>Evaluates the given expression in Python and returns the result.</doc>
<status status="PASS" start="2026-09-06T04:57:12.103499" elapsed="0.000285"/>
</kw>
<kw name="Log" owner="BuiltIn">
<msg time="2026-09-06T04:57:12.104084" level="INFO">Starting Playwright browser (Headless: False) to: https://www.automationexercise.com</msg>
<arg>Starting Playwright browser (Headless: ${is_headless}) to: ${BASE_URL}</arg>
<doc>Logs the given message with the given level.</doc>
<status status="PASS" start="2026-09-06T04:57:12.103895" elapsed="0.000233"/>
</kw>
<kw name="Open Browser">
<msg time="2026-09-06T04:57:12.105134" level="FAIL">No keyword with name 'Open Browser' found.</msg>
<arg>${BASE_URL}</arg>
<arg>${BROWSER}</arg>
<arg>headless=${is_headless}</arg>
<status status="FAIL" start="2026-09-06T04:57:12.105103" elapsed="0.000069">No keyword with name 'Open Browser' found.</status>
</kw>
<kw name="Set Screenshot Directory">
<arg>${SCREENSHOT_DIR}</arg>
<status status="NOT RUN" start="2026-09-06T04:57:12.105287" elapsed="0.000018"/>
</kw>
<kw name="Register Keyword To Run On Failure">
<arg>Capture Failure Screenshot</arg>
<status status="NOT RUN" start="2026-09-06T04:57:12.105390" elapsed="0.000017"/>
</kw>
<kw name="Set Browser Timeout">
<arg>${TIMEOUT}</arg>
<status status="NOT RUN" start="2026-09-06T04:57:12.105486" elapsed="0.000016"/>
</kw>
<kw name="Title Should Be">
<arg>Automation Exercise</arg>
<status status="NOT RUN" start="2026-09-06T04:57:12.105589" elapsed="0.000021"/>
</kw>
<status status="FAIL" start="2026-09-06T04:57:12.103076" elapsed="0.002631">No keyword with name 'Open Browser' found.</status>
</kw>
<kw name="Run Keywords" owner="BuiltIn" type="TEARDOWN">
<kw name="Cleanup Test User" owner="common">
<kw name="Run Keyword And Return Status" owner="BuiltIn">
<kw name="Page Should Contain Element">
<msg time="2026-09-06T04:57:12.107362" level="FAIL">No keyword with name 'Page Should Contain Element' found.</msg>
<arg>${NAV_DELETE_ACCOUNT_LINK}</arg>
<status status="FAIL" start="2026-09-06T04:57:12.107338" elapsed="0.000055">No keyword with name 'Page Should Contain Element' found.</status>
</kw>
<msg time="2026-09-06T04:57:12.107464" level="INFO">${status} = False</msg>
<var>${status}</var>
<arg>Page Should Contain Element</arg>
<arg>${NAV_DELETE_ACCOUNT_LINK}</arg>
<doc>Runs the given keyword with given arguments and returns the status as a Boolean value.</doc>
<status status="PASS" start="2026-09-06T04:57:12.106430" elapsed="0.001058"/>
</kw>
<if>
<branch type="IF" condition="${status}">
<kw name="Run Keyword And Return Status" owner="BuiltIn">
<var>${clicked}</var>
<arg>Click Element</arg>
<arg>${NAV_DELETE_ACCOUNT_LINK}</arg>
<doc>Runs the given keyword with given arguments and returns the status as a Boolean value.</doc>
<status status="NOT RUN" start="2026-09-06T04:57:12.107686" elapsed="0.000016"/>
</kw>
<if>
<branch type="IF" condition="not ${clicked}">
<kw name="Log" owner="BuiltIn">
<arg>Native click failed on Delete Account; trying JS click fallback.</arg>
<arg>level=WARN</arg>
<doc>Logs the given message with the given level.</doc>
<status status="NOT RUN" start="2026-09-06T04:57:12.107832" elapsed="0.000017"/>
</kw>
<kw name="Execute JavaScript">
<arg>document.querySelector("a[href='/delete_account']").click()</arg>
<status status="NOT RUN" start="2026-09-06T04:57:12.107932" elapsed="0.000049"/>
</kw>
<status status="NOT RUN" start="2026-09-06T04:57:12.107757" elapsed="0.000252"/>
</branch>
<status status="NOT RUN" start="2026-09-06T04:57:12.107743" elapsed="0.000289"/>
</if>
<kw name="Run Keyword And Return Status" owner="BuiltIn">
<var>${deleted}</var>
<arg>Wait Until Page Contains</arg>
<arg>Account Deleted</arg>
<arg>timeout=45s</arg>
<doc>Runs the given keyword with given arguments and returns the status as a Boolean value.</doc>
<status status="NOT RUN" start="2026-09-06T04:57:12.108112" elapsed="0.000015"/>
</kw>
<if>
<branch type="IF" condition="not ${deleted}">
<kw name="Log" owner="BuiltIn">
<arg>Account deletion confirmation not visible; continuing without failing teardown.</arg>
<arg>level=WARN</arg>
<doc>Logs the given message with the given level.</doc>
<status status="NOT RUN" start="2026-09-06T04:57:12.108255" elapsed="0.000014"/>
</kw>
<status status="NOT RUN" start="2026-09-06T04:57:12.108182" elapsed="0.000112"/>
</branch>
<status status="NOT RUN" start="2026-09-06T04:57:12.108168" elapsed="0.000143"/>
</if>
<status status="NOT RUN" start="2026-09-06T04:57:12.107563" elapsed="0.000765"/>
</branch>
<branch type="ELSE">
<kw name="Log" owner="BuiltIn">
<arg>Delete Account link not found, skipping cleanup.</arg>
<arg>level=DEBUG</arg>
<doc>Logs the given message with the given level.</doc>
<status status="PASS" start="2026-09-06T04:57:12.108412" elapsed="0.000132"/>
</kw>
<status status="PASS" start="2026-09-06T04:57:12.108345" elapsed="0.000227"/>
</branch>
<status status="PASS" start="2026-09-06T04:57:12.107540" elapsed="0.001050"/>
</if>
<doc>Deletes the current account if logged in.</doc>
<status status="PASS" start="2026-09-06T04:57:12.106199" elapsed="0.002429"/>
</kw>
<kw name="Close Test Browser" owner="common">
<kw name="Register Keyword To Run On Failure">
<msg time="2026-09-06T04:57:12.109936" level="FAIL">No keyword with name 'Register Keyword To Run On Failure' found.</msg>
<arg>NONE</arg>
<status status="FAIL" start="2026-09-06T04:57:12.109898" elapsed="0.000113">No keyword with name 'Register Keyword To Run On Failure' found.</status>
</kw>
<kw name="Evaluate" owner="BuiltIn">
<msg time="2026-09-06T04:57:12.110343" level="INFO">${is_headless} = False</msg>
<var>${is_headless}</var>
<arg>str(${HEADLESS}).strip().lower() in ["true", "1", "yes", "on"]</arg>
<doc>Evaluates the given expression in Python and returns the result.</doc>
<status status="PASS" start="2026-09-06T04:57:12.110117" elapsed="0.000250"/>
</kw>
<if>
<branch type="IF" condition="not ${is_headless}">
<kw name="Sleep" owner="BuiltIn">
<msg time="2026-09-06T04:57:22.110886" level="INFO">Slept 10 seconds.</msg>
<arg>${BROWSER_CLOSE_DELAY}s</arg>
<doc>Pauses the test executed for the given time.</doc>
<status status="PASS" start="2026-09-06T04:57:12.110570" elapsed="10.000484"/>
</kw>
<status status="PASS" start="2026-09-06T04:57:12.110434" elapsed="10.000677"/>
</branch>
<status status="PASS" start="2026-09-06T04:57:12.110417" elapsed="10.000732"/>
</if>
<kw name="Close Browser">
<msg time="2026-09-06T04:57:22.112145" level="FAIL">No keyword with name 'Close Browser' found. Did you mean:
    common.Close Test Browser</msg>
<status status="FAIL" start="2026-09-06T04:57:22.112111" elapsed="0.000074">No keyword with name 'Close Browser' found. Did you mean:
    common.Close Test Browser</status>
</kw>
<status status="FAIL" start="2026-09-06T04:57:12.108780" elapsed="10.003542">Several failures occurred:

1) No keyword with name 'Register Keyword To Run On Failure' found.

2) No keyword with name 'Close Browser' found. Did you mean:
    common.Close Test Browser</status>
</kw>
<arg>Cleanup Test User</arg>
<arg>AND</arg>
<arg>Close Test Browser</arg>
<doc>Executes all the given keywords in a sequence.</doc>
<status status="FAIL" start="2026-09-06T04:57:12.105878" elapsed="10.006519">Several failures occurred:

1) No keyword with name 'Register Keyword To Run On Failure' found.

2) No keyword with name 'Close Browser' found. Did you mean:
    common.Close Test Browser</status>
</kw>
<status status="FAIL" start="2026-09-06T04:57:12.102466" elapsed="10.010068">Setup failed:
No keyword with name 'Open Browser' found.

Also teardown failed:
Several failures occurred:

1) No keyword with name 'Register Keyword To Run On Failure' found.

2) No keyword with name 'Close Browser' found. Did you mean:
    common.Close Test Browser</status>
</test>
<status status="FAIL" start="2026-09-06T04:57:12.083000" elapsed="10.010000"/>
</suite>
<suite id="s1-s1-s2" name="TC02 login valid" source="/home/runner/work/engg-robot-testing-framework/engg-robot-testing-framework/tests/auth/TC02_login_valid.robot">
<test id="s1-s1-s2-t1" name="TC02 Login User With Correct Email And Password" line="11">
<kw name="Open Browser To Home Page" owner="common" type="SETUP">
<kw name="Evaluate" owner="BuiltIn">
<msg time="2026-09-06T04:57:12.112583" level="INFO">${is_headless} = False</msg>
<var>${is_headless}</var>
<arg>str(${HEADLESS}).strip().lower() in ["true", "1", "yes", "on"]</arg>
<doc>Evaluates the given expression in Python and returns the result.</doc>
<status status="PASS" start="2026-09-06T04:57:12.112334" elapsed="0.000284"/>
</kw>
<kw name="Log" owner="BuiltIn">
<msg time="2026-09-06T04:57:12.112875" level="INFO">Starting Playwright browser (Headless: False) to: https://www.automationexercise.com</msg>
<arg>Starting Playwright browser (Headless: ${is_headless}) to: ${BASE_URL}</arg>
<doc>Logs the given message with the given level.</doc>
<status status="PASS" start="2026-09-06T04:57:12.112728" elapsed="0.000191"/>
</kw>
<kw name="Open Browser">
<msg time="2026-09-06T04:57:12.113967" level="FAIL">No keyword with name 'Open Browser' found.</msg>
<arg>${BASE_URL}</arg>
<arg>${BROWSER}</arg>
<arg>headless=${is_headless}</arg>
<status status="FAIL" start="2026-09-06T04:57:12.113910" elapsed="0.000101">No keyword with name 'Open Browser' found.</status>
</kw>
<kw name="Set Screenshot Directory">
<arg>${SCREENSHOT_DIR}</arg>
<status status="NOT RUN" start="2026-09-06T04:57:12.114132" elapsed="0.000018"/>
</kw>
<kw name="Register Keyword To Run On Failure">
<arg>Capture Failure Screenshot</arg>
<status status="NOT RUN" start="2026-09-06T04:57:12.114237" elapsed="0.000016"/>
</kw>
<kw name="Set Browser Timeout">
<arg>${TIMEOUT}</arg>
<status status="NOT RUN" start="2026-09-06T04:57:12.114344" elapsed="0.000015"/>
</kw>
<kw name="Title Should Be">
<arg>Automation Exercise</arg>
<status status="NOT RUN" start="2026-09-06T04:57:12.114470" elapsed="0.000023"/>
</kw>
<status status="FAIL" start="2026-09-06T04:57:12.111882" elapsed="0.002708">No keyword with name 'Open Browser' found.</status>
</kw>
<kw name="Run Keywords" owner="BuiltIn" type="TEARDOWN">
<kw name="Cleanup Test User" owner="common">
<kw name="Run Keyword And Return Status" owner="BuiltIn">
<kw name="Page Should Contain Element">
<msg time="2026-09-06T04:57:12.116242" level="FAIL">No keyword with name 'Page Should Contain Element' found.</msg>
<arg>${NAV_DELETE_ACCOUNT_LINK}</arg>
<status status="FAIL" start="2026-09-06T04:57:12.116217" elapsed="0.000056">No keyword with name 'Page Should Contain Element' found.</status>
</kw>
<msg time="2026-09-06T04:57:12.116345" level="INFO">${status} = False</msg>
<var>${status}</var>
<arg>Page Should Contain Element</arg>
<arg>${NAV_DELETE_ACCOUNT_LINK}</arg>
<doc>Runs the given keyword with given arguments and returns the status as a Boolean value.</doc>
<status status="PASS" start="2026-09-06T04:57:12.115302" elapsed="0.001068"/>
</kw>
<if>
<branch type="IF" condition="${status}">
<kw name="Run Keyword And Return Status" owner="BuiltIn">
<var>${clicked}</var>
<arg>Click Element</arg>
<arg>${NAV_DELETE_ACCOUNT_LINK}</arg>
<doc>Runs the given keyword with given arguments and returns the status as a Boolean value.</doc>
<status status="NOT RUN" start="2026-09-06T04:57:12.116573" elapsed="0.000017"/>
</kw>
<if>
<branch type="IF" condition="not ${clicked}">
<kw name="Log" owner="BuiltIn">
<arg>Native click failed on Delete Account; trying JS click fallback.</arg>
<arg>level=WARN</arg>
<doc>Logs the given message with the given level.</doc>
<status status="NOT RUN" start="2026-09-06T04:57:12.116739" elapsed="0.000018"/>
</kw>
<kw name="Execute JavaScript">
<arg>document.querySelector("a[href='/delete_account']").click()</arg>
<status status="NOT RUN" start="2026-09-06T04:57:12.116843" elapsed="0.000014"/>
</kw>
<status status="NOT RUN" start="2026-09-06T04:57:12.116658" elapsed="0.000220"/>
</branch>
<status status="NOT RUN" start="2026-09-06T04:57:12.116631" elapsed="0.000270"/>
</if>
<kw name="Run Keyword And Return Status" owner="BuiltIn">
<var>${deleted}</var>
<arg>Wait Until Page Contains</arg>
<arg>Account Deleted</arg>
<arg>timeout=45s</arg>
<doc>Runs the given keyword with given arguments and returns the status as a Boolean value.</doc>
<status status="NOT RUN" start="2026-09-06T04:57:12.117013" elapsed="0.000018"/>
</kw>
<if>
<branch type="IF" condition="not ${deleted}">
<kw name="Log" owner="BuiltIn">
<arg>Account deletion confirmation not visible; continuing without failing teardown.</arg>
<arg>level=WARN</arg>
<doc>Logs the given message with the given level.</doc>
<status status="NOT RUN" start="2026-09-06T04:57:12.117162" elapsed="0.000015"/>
</kw>
<status status="NOT RUN" start="2026-09-06T04:57:12.117089" elapsed="0.000113"/>
</branch>
<status status="NOT RUN" start="2026-09-06T04:57:12.117074" elapsed="0.000145"/>
</if>
<status status="NOT RUN" start="2026-09-06T04:57:12.116441" elapsed="0.000795"/>
</branch>
<branch type="ELSE">
<kw name="Log" owner="BuiltIn">
<arg>Delete Account link not found, skipping cleanup.</arg>
<arg>level=DEBUG</arg>
<doc>Logs the given message with the given level.</doc>
<status status="PASS" start="2026-09-06T04:57:12.117321" elapsed="0.000133"/>
</kw>
<status status="PASS" start="2026-09-06T04:57:12.117253" elapsed="0.000230"/>
</branch>
<status status="PASS" start="2026-09-06T04:57:12.116419" elapsed="0.001081"/>
</if>
<doc>Deletes the current account if logged in.</doc>
<status status="PASS" start="2026-09-06T04:57:12.115082" elapsed="0.002458"/>
</kw>
<kw name="Close Test Browser" owner="common">
<kw name="Register Keyword To Run On Failure">
<msg time="2026-09-06T04:57:12.118611" level="FAIL">No keyword with name 'Register Keyword To Run On Failure' found.</msg>
<arg>NONE</arg>
<status status="FAIL" start="2026-09-06T04:57:12.118587" elapsed="0.000053">No keyword with name 'Register Keyword To Run On Failure' found.</status>
</kw>
<kw name="Evaluate" owner="BuiltIn">
<msg time="2026-09-06T04:57:12.118987" level="INFO">${is_headless} = False</msg>
<var>${is_headless}</var>
<arg>str(${HEADLESS}).strip().lower() in ["true", "1", "yes", "on"]</arg>
<doc>Evaluates the given expression in Python and returns the result.</doc>
<status status="PASS" start="2026-09-06T04:57:12.118733" elapsed="0.000280"/>
</kw>
<if>
<branch type="IF" condition="not ${is_headless}">
<kw name="Sleep" owner="BuiltIn">
<msg time="2026-09-06T04:57:22.119514" level="INFO">Slept 10 seconds.</msg>
<arg>${BROWSER_CLOSE_DELAY}s</arg>
<doc>Pauses the test executed for the given time.</doc>
<status status="PASS" start="2026-09-06T04:57:12.119211" elapsed="10.000413"/>
</kw>
<status status="PASS" start="2026-09-06T04:57:12.119075" elapsed="10.000594"/>
</branch>
<status status="PASS" start="2026-09-06T04:57:12.119059" elapsed="10.000642"/>
</if>
<kw name="Close Browser">
<msg time="2026-09-06T04:57:22.120555" level="FAIL">No keyword with name 'Close Browser' found. Did you mean:
    common.Close Test Browser</msg>
<status status="FAIL" start="2026-09-06T04:57:22.120521" elapsed="0.000072">No keyword with name 'Close Browser' found. Did you mean:
    common.Close Test Browser</status>
</kw>
<status status="FAIL" start="2026-09-06T04:57:12.117693" elapsed="10.003045">Several failures occurred:

1) No keyword with name 'Register Keyword To Run On Failure' found.

2) No keyword with name 'Close Browser' found. Did you mean:
    common.Close Test Browser</status>
</kw>
<arg>Cleanup Test User</arg>
<arg>AND</arg>
<arg>Close Test Browser</arg>
<doc>Executes all the given keywords in a sequence.</doc>
<status status="FAIL" start="2026-09-06T04:57:12.114763" elapsed="10.006057">Several failures occurred:

1) No keyword with name 'Register Keyword To Run On Failure' found.

2) No keyword with name 'Close Browser' found. Did you mean:
    common.Close Test Browser</status>
</kw>
<status status="FAIL" start="2026-09-06T04:57:12.111267" elapsed="10.009695">Setup failed:
No keyword with name 'Open Browser' found.

Also teardown failed:
Several failures occurred:

1) No keyword with name 'Register Keyword To Run On Failure' found.

2) No keyword with name 'Close Browser' found. Did you mean:
    common.Close Test Browser</status>
</test>
<status status="FAIL" start="2026-09-06T04:57:12.092279" elapsed="10.029167"/>
</suite>
<suite id="s1-s1-s3" name="TC03 login invalid" source="/home/runner/work/engg-robot-testing-framework/engg-robot-testing-framework/tests/auth/TC03_login_invalid.robot">
<test id="s1-s1-s3-t1" name="TC03 Login User With Incorrect Email And Password" line="11">
<kw name="Open Browser To Home Page" owner="common" type="SETUP">
<kw name="Evaluate" owner="BuiltIn">
<msg time="2026-09-06T04:57:22.532363" level="INFO">${is_headless} = False</msg>
<var>${is_headless}</var>
<arg>str(${HEADLESS}).strip().lower() in ["true", "1", "yes", "on"]</arg>
<doc>Evaluates the given expression in Python and returns the result.</doc>
<status status="PASS" start="2026-09-06T04:57:22.532099" elapsed="0.000300"/>
</kw>
<kw name="Log" owner="BuiltIn">
<msg time="2026-09-06T04:57:22.532673" level="INFO">Starting Playwright browser (Headless: False) to: https://www.automationexercise.com</msg>
<arg>Starting Playwright browser (Headless: ${is_headless}) to: ${BASE_URL}</arg>
<doc>Logs the given message with the given level.</doc>
<status status="PASS" start="2026-09-06T04:57:22.532522" elapsed="0.000194"/>
</kw>
<kw name="Open Browser">
<msg time="2026-09-06T04:57:22.533746" level="FAIL">No keyword with name 'Open Browser' found.</msg>
<arg>${BASE_URL}</arg>
<arg>${BROWSER}</arg>
<arg>headless=${is_headless}</arg>
<status status="FAIL" start="2026-09-06T04:57:22.533715" elapsed="0.000074">No keyword with name 'Open Browser' found.</status>
</kw>
<kw name="Set Screenshot Directory">
<arg>${SCREENSHOT_DIR}</arg>
<status status="NOT RUN" start="2026-09-06T04:57:22.533907" elapsed="0.000019"/>
</kw>
<kw name="Register Keyword To Run On Failure">
<arg>Capture Failure Screenshot</arg>
<status status="NOT RUN" start="2026-09-06T04:57:22.534056" elapsed="0.000019"/>
</kw>
<kw name="Set Browser Timeout">
<arg>${TIMEOUT}</arg>
<status status="NOT RUN" start="2026-09-06T04:57:22.534162" elapsed="0.000016"/>
</kw>
<kw name="Title Should Be">
<arg>Automation Exercise</arg>
<status status="NOT RUN" start="2026-09-06T04:57:22.534269" elapsed="0.000021"/>
</kw>
<status status="FAIL" start="2026-09-06T04:57:22.531582" elapsed="0.002806">No keyword with name 'Open Browser' found.</status>
</kw>
<kw name="Run Keywords" owner="BuiltIn" type="TEARDOWN">
<kw name="Cleanup Test User" owner="common">
<kw name="Run Keyword And Return Status" owner="BuiltIn">
<kw name="Page Should Contain Element">
<msg time="2026-09-06T04:57:22.536073" level="FAIL">No keyword with name 'Page Should Contain Element' found.</msg>
<arg>${NAV_DELETE_ACCOUNT_LINK}</arg>
<status status="FAIL" start="2026-09-06T04:57:22.536048" elapsed="0.000055">No keyword with name 'Page Should Contain Element' found.</status>
</kw>
<msg time="2026-09-06T04:57:22.536176" level="INFO">${status} = False</msg>
<var>${status}</var>
<arg>Page Should Contain Element</arg>
<arg>${NAV_DELETE_ACCOUNT_LINK}</arg>
<doc>Runs the given keyword with given arguments and returns the status as a Boolean value.</doc>
<status status="PASS" start="2026-09-06T04:57:22.535116" elapsed="0.001080"/>
</kw>
<if>
<branch type="IF" condition="${status}">
<kw name="Run Keyword And Return Status" owner="BuiltIn">
<var>${clicked}</var>
<arg>Click Element</arg>
<arg>${NAV_DELETE_ACCOUNT_LINK}</arg>
<doc>Runs the given keyword with given arguments and returns the status as a Boolean value.</doc>
<status status="NOT RUN" start="2026-09-06T04:57:22.536393" elapsed="0.000017"/>
</kw>
<if>
<branch type="IF" condition="not ${clicked}">
<kw name="Log" owner="BuiltIn">
<arg>Native click failed on Delete Account; trying JS click fallback.</arg>
<arg>level=WARN</arg>
<doc>Logs the given message with the given level.</doc>
<status status="NOT RUN" start="2026-09-06T04:57:22.536541" elapsed="0.000014"/>
</kw>
<kw name="Execute JavaScript">
<arg>document.querySelector("a[href='/delete_account']").click()</arg>
<status status="NOT RUN" start="2026-09-06T04:57:22.536638" elapsed="0.000014"/>
</kw>
<status status="NOT RUN" start="2026-09-06T04:57:22.536465" elapsed="0.000209"/>
</branch>
<status status="NOT RUN" start="2026-09-06T04:57:22.536452" elapsed="0.000245"/>
</if>
<kw name="Run Keyword And Return Status" owner="BuiltIn">
<var>${deleted}</var>
<arg>Wait Until Page Contains</arg>
<arg>Account Deleted</arg>
<arg>timeout=45s</arg>
<doc>Runs the given keyword with given arguments and returns the status as a Boolean value.</doc>
<status status="NOT RUN" start="2026-09-06T04:57:22.536771" elapsed="0.000014"/>
</kw>
<if>
<branch type="IF" condition="not ${deleted}">
<kw name="Log" owner="BuiltIn">
<arg>Account deletion confirmation not visible; continuing without failing teardown.</arg>
<arg>level=WARN</arg>
<doc>Logs the given message with the given level.</doc>
<status status="NOT RUN" start="2026-09-06T04:57:22.536911" elapsed="0.000014"/>
</kw>
<status status="NOT RUN" start="2026-09-06T04:57:22.536838" elapsed="0.000144"/>
</branch>
<status status="NOT RUN" start="2026-09-06T04:57:22.536824" elapsed="0.000178"/>
</if>
<status status="NOT RUN" start="2026-09-06T04:57:22.536267" elapsed="0.000753"/>
</branch>
<branch type="ELSE">
<kw name="Log" owner="BuiltIn">
<arg>Delete Account link not found, skipping cleanup.</arg>
<arg>level=DEBUG</arg>
<doc>Logs the given message with the given level.</doc>
<status status="PASS" start="2026-09-06T04:57:22.537108" elapsed="0.000140"/>
</kw>
<status status="PASS" start="2026-09-06T04:57:22.537037" elapsed="0.000240"/>
</branch>
<status status="PASS" start="2026-09-06T04:57:22.536245" elapsed="0.001050"/>
</if>
<doc>Deletes the current account if logged in.</doc>
<status status="PASS" start="2026-09-06T04:57:22.534856" elapsed="0.002476"/>
</kw>
<kw name="Close Test Browser" owner="common">
<kw name="Register Keyword To Run On Failure">
<msg time="2026-09-06T04:57:22.538406" level="FAIL">No keyword with name 'Register Keyword To Run On Failure' found.</msg>
<arg>NONE</arg>
<status status="FAIL" start="2026-09-06T04:57:22.538383" elapsed="0.000053">No keyword with name 'Register Keyword To Run On Failure' found.</status>
</kw>
<kw name="Evaluate" owner="BuiltIn">
<msg time="2026-09-06T04:57:22.538745" level="INFO">${is_headless} = False</msg>
<var>${is_headless}</var>
<arg>str(${HEADLESS}).strip().lower() in ["true", "1", "yes", "on"]</arg>
<doc>Evaluates the given expression in Python and returns the result.</doc>
<status status="PASS" start="2026-09-06T04:57:22.538528" elapsed="0.000240"/>
</kw>
<if>
<branch type="IF" condition="not ${is_headless}">
<kw name="Sleep" owner="BuiltIn">
<msg time="2026-09-06T04:57:32.539337" level="INFO">Slept 10 seconds.</msg>
<arg>${BROWSER_CLOSE_DELAY}s</arg>
<doc>Pauses the test executed for the given time.</doc>
<status status="PASS" start="2026-09-06T04:57:22.539007" elapsed="10.000451"/>
</kw>
<status status="PASS" start="2026-09-06T04:57:22.538826" elapsed="10.000685"/>
</branch>
<status status="PASS" start="2026-09-06T04:57:22.538811" elapsed="10.000737"/>
</if>
<kw name="Close Browser">
<msg time="2026-09-06T04:57:32.540421" level="FAIL">No keyword with name 'Close Browser' found. Did you mean:
    common.Close Test Browser</msg>
<status status="FAIL" start="2026-09-06T04:57:32.540389" elapsed="0.000072">No keyword with name 'Close Browser' found. Did you mean:
    common.Close Test Browser</status>
</kw>
<status status="FAIL" start="2026-09-06T04:57:22.537485" elapsed="10.003108">Several failures occurred:

1) No keyword with name 'Register Keyword To Run On Failure' found.

2) No keyword with name 'Close Browser' found. Did you mean:
    common.Close Test Browser</status>
</kw>
<arg>Cleanup Test User</arg>
<arg>AND</arg>
<arg>Close Test Browser</arg>
<doc>Executes all the given keywords in a sequence.</doc>
<status status="FAIL" start="2026-09-06T04:57:22.534568" elapsed="10.006105">Several failures occurred:

1) No keyword with name 'Register Keyword To Run On Failure' found.

2) No keyword with name 'Close Browser' found. Did you mean:
    common.Close Test Browser</status>
</kw>
<status status="FAIL" start="2026-09-06T04:57:22.530791" elapsed="10.010023">Setup failed:
No keyword with name 'Open Browser' found.

Also teardown failed:
Several failures occurred:

1) No keyword with name 'Register Keyword To Run On Failure' found.

2) No keyword with name 'Close Browser' found. Did you mean:
    common.Close Test Browser</status>
</test>
<status status="FAIL" start="2026-09-06T04:57:22.511545" elapsed="10.029735"/>
</suite>
<suite id="s1-s1-s4" name="TC04 logout user" source="/home/runner/work/engg-robot-testing-framework/engg-robot-testing-framework/tests/auth/TC04_logout_user.robot">
<test id="s1-s1-s4-t1" name="TC04 Logout User" line="11">
<kw name="Open Browser To Home Page" owner="common" type="SETUP">
<kw name="Evaluate" owner="BuiltIn">
<msg time="2026-09-06T04:57:22.533260" level="INFO">${is_headless} = False</msg>
<var>${is_headless}</var>
<arg>str(${HEADLESS}).strip().lower() in ["true", "1", "yes", "on"]</arg>
<doc>Evaluates the given expression in Python and returns the result.</doc>
<status status="PASS" start="2026-09-06T04:57:22.532939" elapsed="0.000356"/>
</kw>
<kw name="Log" owner="BuiltIn">
<msg time="2026-09-06T04:57:22.533571" level="INFO">Starting Playwright browser (Headless: False) to: https://www.automationexercise.com</msg>
<arg>Starting Playwright browser (Headless: ${is_headless}) to: ${BASE_URL}</arg>
<doc>Logs the given message with the given level.</doc>
<status status="PASS" start="2026-09-06T04:57:22.533414" elapsed="0.000200"/>
</kw>
<kw name="Open Browser">
<msg time="2026-09-06T04:57:22.534667" level="FAIL">No keyword with name 'Open Browser' found.</msg>
<arg>${BASE_URL}</arg>
<arg>${BROWSER}</arg>
<arg>headless=${is_headless}</arg>
<status status="FAIL" start="2026-09-06T04:57:22.534635" elapsed="0.000074">No keyword with name 'Open Browser' found.</status>
</kw>
<kw name="Set Screenshot Directory">
<arg>${SCREENSHOT_DIR}</arg>
<status status="NOT RUN" start="2026-09-06T04:57:22.534832" elapsed="0.000018"/>
</kw>
<kw name="Register Keyword To Run On Failure">
<arg>Capture Failure Screenshot</arg>
<status status="NOT RUN" start="2026-09-06T04:57:22.534936" elapsed="0.000040"/>
</kw>
<kw name="Set Browser Timeout">
<arg>${TIMEOUT}</arg>
<status status="NOT RUN" start="2026-09-06T04:57:22.535063" elapsed="0.000016"/>
</kw>
<kw name="Title Should Be">
<arg>Automation Exercise</arg>
<status status="NOT RUN" start="2026-09-06T04:57:22.535169" elapsed="0.000021"/>
</kw>
<status status="FAIL" start="2026-09-06T04:57:22.532499" elapsed="0.002793">No keyword with name 'Open Browser' found.</status>
</kw>
<kw name="Run Keywords" owner="BuiltIn" type="TEARDOWN">
<kw name="Cleanup Test User" owner="common">
<kw name="Run Keyword And Return Status" owner="BuiltIn">
<kw name="Page Should Contain Element">
<msg time="2026-09-06T04:57:22.536977" level="FAIL">No keyword with name 'Page Should Contain Element' found.</msg>
<arg>${NAV_DELETE_ACCOUNT_LINK}</arg>
<status status="FAIL" start="2026-09-06T04:57:22.536919" elapsed="0.000097">No keyword with name 'Page Should Contain Element' found.</status>
</kw>
<msg time="2026-09-06T04:57:22.537092" level="INFO">${status} = False</msg>
<var>${status}</var>
<arg>Page Should Contain Element</arg>
<arg>${NAV_DELETE_ACCOUNT_LINK}</arg>
<doc>Runs the given keyword with given arguments and returns the status as a Boolean value.</doc>
<status status="PASS" start="2026-09-06T04:57:22.536011" elapsed="0.001107"/>
</kw>
<if>
<branch type="IF" condition="${status}">
<kw name="Run Keyword And Return Status" owner="BuiltIn">
<var>${clicked}</var>
<arg>Click Element</arg>
<arg>${NAV_DELETE_ACCOUNT_LINK}</arg>
<doc>Runs the given keyword with given arguments and returns the status as a Boolean value.</doc>
<status status="NOT RUN" start="2026-09-06T04:57:22.537321" elapsed="0.000017"/>
</kw>
<if>
<branch type="IF" condition="not ${clicked}">
<kw name="Log" owner="BuiltIn">
<arg>Native click failed on Delete Account; trying JS click fallback.</arg>
<arg>level=WARN</arg>
<doc>Logs the given message with the given level.</doc>
<status status="NOT RUN" start="2026-09-06T04:57:22.537477" elapsed="0.000018"/>
</kw>
<kw name="Execute JavaScript">
<arg>document.querySelector("a[href='/delete_account']").click()</arg>
<status status="NOT RUN" start="2026-09-06T04:57:22.537580" elapsed="0.000014"/>
</kw>
<status status="NOT RUN" start="2026-09-06T04:57:22.537398" elapsed="0.000218"/>
</branch>
<status status="NOT RUN" start="2026-09-06T04:57:22.537384" elapsed="0.000254"/>
</if>
<kw name="Run Keyword And Return Status" owner="BuiltIn">
<var>${deleted}</var>
<arg>Wait Until Page Contains</arg>
<arg>Account Deleted</arg>
<arg>timeout=45s</arg>
<doc>Runs the given keyword with given arguments and returns the status as a Boolean value.</doc>
<status status="NOT RUN" start="2026-09-06T04:57:22.537712" elapsed="0.000015"/>
</kw>
<if>
<branch type="IF" condition="not ${deleted}">
<kw name="Log" owner="BuiltIn">
<arg>Account deletion confirmation not visible; continuing without failing teardown.</arg>
<arg>level=WARN</arg>
<doc>Logs the given message with the given level.</doc>
<status status="NOT RUN" start="2026-09-06T04:57:22.537853" elapsed="0.000015"/>
</kw>
<status status="NOT RUN" start="2026-09-06T04:57:22.537781" elapsed="0.000111"/>
</branch>
<status status="NOT RUN" start="2026-09-06T04:57:22.537767" elapsed="0.000143"/>
</if>
<status status="NOT RUN" start="2026-09-06T04:57:22.537195" elapsed="0.000732"/>
</branch>
<branch type="ELSE">
<kw name="Log" owner="BuiltIn">
<arg>Delete Account link not found, skipping cleanup.</arg>
<arg>level=DEBUG</arg>
<doc>Logs the given message with the given level.</doc>
<status status="PASS" start="2026-09-06T04:57:22.538040" elapsed="0.000140"/>
</kw>
<status status="PASS" start="2026-09-06T04:57:22.537966" elapsed="0.000243"/>
</branch>
<status status="PASS" start="2026-09-06T04:57:22.537171" elapsed="0.001056"/>
</if>
<doc>Deletes the current account if logged in.</doc>
<status status="PASS" start="2026-09-06T04:57:22.535777" elapsed="0.002490"/>
</kw>
<kw name="Close Test Browser" owner="common">
<kw name="Register Keyword To Run On Failure">
<msg time="2026-09-06T04:57:22.539383" level="FAIL">No keyword with name 'Register Keyword To Run On Failure' found.</msg>
<arg>NONE</arg>
<status status="FAIL" start="2026-09-06T04:57:22.539359" elapsed="0.000055">No keyword with name 'Register Keyword To Run On Failure' found.</status>
</kw>
<kw name="Evaluate" owner="BuiltIn">
<msg time="2026-09-06T04:57:22.539727" level="INFO">${is_headless} = False</msg>
<var>${is_headless}</var>
<arg>str(${HEADLESS}).strip().lower() in ["true", "1", "yes", "on"]</arg>
<doc>Evaluates the given expression in Python and returns the result.</doc>
<status status="PASS" start="2026-09-06T04:57:22.539510" elapsed="0.000250"/>
</kw>
<if>
<branch type="IF" condition="not ${is_headless}">
<kw name="Sleep" owner="BuiltIn">
<msg time="2026-09-06T04:57:32.540296" level="INFO">Slept 10 seconds.</msg>
<arg>${BROWSER_CLOSE_DELAY}s</arg>
<doc>Pauses the test executed for the given time.</doc>
<status status="PASS" start="2026-09-06T04:57:22.539981" elapsed="10.000437"/>
</kw>
<status status="PASS" start="2026-09-06T04:57:22.539820" elapsed="10.000649"/>
</branch>
<status status="PASS" start="2026-09-06T04:57:22.539804" elapsed="10.000700"/>
</if>
<kw name="Close Browser">
<msg time="2026-09-06T04:57:32.541467" level="FAIL">No keyword with name 'Close Browser' found. Did you mean:
    common.Close Test Browser</msg>
<status status="FAIL" start="2026-09-06T04:57:32.541433" elapsed="0.000073">No keyword with name 'Close Browser' found. Did you mean:
    common.Close Test Browser</status>
</kw>
<status status="FAIL" start="2026-09-06T04:57:22.538425" elapsed="10.003261">Several failures occurred:

1) No keyword with name 'Register Keyword To Run On Failure' found.

2) No keyword with name 'Close Browser' found. Did you mean:
    common.Close Test Browser</status>
</kw>
<arg>Cleanup Test User</arg>
<arg>AND</arg>
<arg>Close Test Browser</arg>
<doc>Executes all the given keywords in a sequence.</doc>
<status status="FAIL" start="2026-09-06T04:57:22.535479" elapsed="10.006331">Several failures occurred:

1) No keyword with name 'Register Keyword To Run On Failure' found.

2) No keyword with name 'Close Browser' found. Did you mean:
    common.Close Test Browser</status>
</kw>
<status status="FAIL" start="2026-09-06T04:57:22.531816" elapsed="10.010115">Setup failed:
No keyword with name 'Open Browser' found.

Also teardown failed:
Several failures occurred:

1) No keyword with name 'Register Keyword To Run On Failure' found.

2) No keyword with name 'Close Browser' found. Did you mean:
    common.Close Test Browser</status>
</test>
<status status="FAIL" start="2026-09-06T04:57:22.512433" elapsed="10.030116"/>
</suite>
<suite id="s1-s1-s5" name="TC05 register existing email" source="/home/runner/work/engg-robot-testing-framework/engg-robot-testing-framework/tests/auth/TC05_register_existing_email.robot">
<test id="s1-s1-s5-t1" name="TC05 Register User With Existing Email" line="11">
<kw name="Open Browser To Home Page" owner="common" type="SETUP">
<kw name="Evaluate" owner="BuiltIn">
<msg time="2026-09-06T04:57:32.958319" level="INFO">${is_headless} = False</msg>
<var>${is_headless}</var>
<arg>str(${HEADLESS}).strip().lower() in ["true", "1", "yes", "on"]</arg>
<doc>Evaluates the given expression in Python and returns the result.</doc>
<status status="PASS" start="2026-09-06T04:57:32.958058" elapsed="0.000296"/>
</kw>
<kw name="Log" owner="BuiltIn">
<msg time="2026-09-06T04:57:32.958614" level="INFO">Starting Playwright browser (Headless: False) to: https://www.automationexercise.com</msg>
<arg>Starting Playwright browser (Headless: ${is_headless}) to: ${BASE_URL}</arg>
<doc>Logs the given message with the given level.</doc>
<status status="PASS" start="2026-09-06T04:57:32.958466" elapsed="0.000190"/>
</kw>
<kw name="Open Browser">
<msg time="2026-09-06T04:57:32.959675" level="FAIL">No keyword with name 'Open Browser' found.</msg>
<arg>${BASE_URL}</arg>
<arg>${BROWSER}</arg>
<arg>headless=${is_headless}</arg>
<status status="FAIL" start="2026-09-06T04:57:32.959645" elapsed="0.000070">No keyword with name 'Open Browser' found.</status>
</kw>
<kw name="Set Screenshot Directory">
<arg>${SCREENSHOT_DIR}</arg>
<status status="NOT RUN" start="2026-09-06T04:57:32.959830" elapsed="0.000019"/>
</kw>
<kw name="Register Keyword To Run On Failure">
<arg>Capture Failure Screenshot</arg>
<status status="NOT RUN" start="2026-09-06T04:57:32.959934" elapsed="0.000038"/>
</kw>
<kw name="Set Browser Timeout">
<arg>${TIMEOUT}</arg>
<status status="NOT RUN" start="2026-09-06T04:57:32.960060" elapsed="0.000017"/>
</kw>
<kw name="Title Should Be">
<arg>Automation Exercise</arg>
<status status="NOT RUN" start="2026-09-06T04:57:32.960166" elapsed="0.000021"/>
</kw>
<status status="FAIL" start="2026-09-06T04:57:32.957576" elapsed="0.002709">No keyword with name 'Open Browser' found.</status>
</kw>
<kw name="Run Keywords" owner="BuiltIn" type="TEARDOWN">
<kw name="Cleanup Test User" owner="common">
<kw name="Run Keyword And Return Status" owner="BuiltIn">
<kw name="Page Should Contain Element">
<msg time="2026-09-06T04:57:32.961886" level="FAIL">No keyword with name 'Page Should Contain Element' found.</msg>
<arg>${NAV_DELETE_ACCOUNT_LINK}</arg>
<status status="FAIL" start="2026-09-06T04:57:32.961863" elapsed="0.000053">No keyword with name 'Page Should Contain Element' found.</status>
</kw>
<msg time="2026-09-06T04:57:32.962009" level="INFO">${status} = False</msg>
<var>${status}</var>
<arg>Page Should Contain Element</arg>
<arg>${NAV_DELETE_ACCOUNT_LINK}</arg>
<doc>Runs the given keyword with given arguments and returns the status as a Boolean value.</doc>
<status status="PASS" start="2026-09-06T04:57:32.960970" elapsed="0.001064"/>
</kw>
<if>
<branch type="IF" condition="${status}">
<kw name="Run Keyword And Return Status" owner="BuiltIn">
<var>${clicked}</var>
<arg>Click Element</arg>
<arg>${NAV_DELETE_ACCOUNT_LINK}</arg>
<doc>Runs the given keyword with given arguments and returns the status as a Boolean value.</doc>
<status status="NOT RUN" start="2026-09-06T04:57:32.962229" elapsed="0.000016"/>
</kw>
<if>
<branch type="IF" condition="not ${clicked}">
<kw name="Log" owner="BuiltIn">
<arg>Native click failed on Delete Account; trying JS click fallback.</arg>
<arg>level=WARN</arg>
<doc>Logs the given message with the given level.</doc>
<status status="NOT RUN" start="2026-09-06T04:57:32.962374" elapsed="0.000015"/>
</kw>
<kw name="Execute JavaScript">
<arg>document.querySelector("a[href='/delete_account']").click()</arg>
<status status="NOT RUN" start="2026-09-06T04:57:32.962471" elapsed="0.000015"/>
</kw>
<status status="NOT RUN" start="2026-09-06T04:57:32.962299" elapsed="0.000209"/>
</branch>
<status status="NOT RUN" start="2026-09-06T04:57:32.962286" elapsed="0.000244"/>
</if>
<kw name="Run Keyword And Return Status" owner="BuiltIn">
<var>${deleted}</var>
<arg>Wait Until Page Contains</arg>
<arg>Account Deleted</arg>
<arg>timeout=45s</arg>
<doc>Runs the given keyword with given arguments and returns the status as a Boolean value.</doc>
<status status="NOT RUN" start="2026-09-06T04:57:32.962603" elapsed="0.000015"/>
</kw>
<if>
<branch type="IF" condition="not ${deleted}">
<kw name="Log" owner="BuiltIn">
<arg>Account deletion confirmation not visible; continuing without failing teardown.</arg>
<arg>level=WARN</arg>
<doc>Logs the given message with the given level.</doc>
<status status="NOT RUN" start="2026-09-06T04:57:32.962742" elapsed="0.000014"/>
</kw>
<status status="NOT RUN" start="2026-09-06T04:57:32.962671" elapsed="0.000110"/>
</branch>
<status status="NOT RUN" start="2026-09-06T04:57:32.962657" elapsed="0.000141"/>
</if>
<status status="NOT RUN" start="2026-09-06T04:57:32.962107" elapsed="0.000708"/>
</branch>
<branch type="ELSE">
<kw name="Log" owner="BuiltIn">
<arg>Delete Account link not found, skipping cleanup.</arg>
<arg>level=DEBUG</arg>
<doc>Logs the given message with the given level.</doc>
<status status="PASS" start="2026-09-06T04:57:32.962897" elapsed="0.000160"/>
</kw>
<status status="PASS" start="2026-09-06T04:57:32.962831" elapsed="0.000256"/>
</branch>
<status status="PASS" start="2026-09-06T04:57:32.962085" elapsed="0.001021"/>
</if>
<doc>Deletes the current account if logged in.</doc>
<status status="PASS" start="2026-09-06T04:57:32.960743" elapsed="0.002402"/>
</kw>
<kw name="Close Test Browser" owner="common">
<kw name="Register Keyword To Run On Failure">
<msg time="2026-09-06T04:57:32.964204" level="FAIL">No keyword with name 'Register Keyword To Run On Failure' found.</msg>
<arg>NONE</arg>
<status status="FAIL" start="2026-09-06T04:57:32.964181" elapsed="0.000052">No keyword with name 'Register Keyword To Run On Failure' found.</status>
</kw>
<kw name="Evaluate" owner="BuiltIn">
<msg time="2026-09-06T04:57:32.964543" level="INFO">${is_headless} = False</msg>
<var>${is_headless}</var>
<arg>str(${HEADLESS}).strip().lower() in ["true", "1", "yes", "on"]</arg>
<doc>Evaluates the given expression in Python and returns the result.</doc>
<status status="PASS" start="2026-09-06T04:57:32.964325" elapsed="0.000240"/>
</kw>
<if>
<branch type="IF" condition="not ${is_headless}">
<kw name="Sleep" owner="BuiltIn">
<msg time="2026-09-06T04:57:42.965101" level="INFO">Slept 10 seconds.</msg>
<arg>${BROWSER_CLOSE_DELAY}s</arg>
<doc>Pauses the test executed for the given time.</doc>
<status status="PASS" start="2026-09-06T04:57:32.964794" elapsed="10.000419"/>
</kw>
<status status="PASS" start="2026-09-06T04:57:32.964623" elapsed="10.000638"/>
</branch>
<status status="PASS" start="2026-09-06T04:57:32.964607" elapsed="10.000690"/>
</if>
<kw name="Close Browser">
<msg time="2026-09-06T04:57:42.966483" level="FAIL">No keyword with name 'Close Browser' found. Did you mean:
    common.Close Test Browser</msg>
<status status="FAIL" start="2026-09-06T04:57:42.966447" elapsed="0.000077">No keyword with name 'Close Browser' found. Did you mean:
    common.Close Test Browser</status>
</kw>
<status status="FAIL" start="2026-09-06T04:57:32.963299" elapsed="10.003364">Several failures occurred:

1) No keyword with name 'Register Keyword To Run On Failure' found.

2) No keyword with name 'Close Browser' found. Did you mean:
    common.Close Test Browser</status>
</kw>
<arg>Cleanup Test User</arg>
<arg>AND</arg>
<arg>Close Test Browser</arg>
<doc>Executes all the given keywords in a sequence.</doc>
<status status="FAIL" start="2026-09-06T04:57:32.960461" elapsed="10.006339">Several failures occurred:

1) No keyword with name 'Register Keyword To Run On Failure' found.

2) No keyword with name 'Close Browser' found. Did you mean:
    common.Close Test Browser</status>
</kw>
<status status="FAIL" start="2026-09-06T04:57:32.956891" elapsed="10.010118">Setup failed:
No keyword with name 'Open Browser' found.

Also teardown failed:
Several failures occurred:

1) No keyword with name 'Register Keyword To Run On Failure' found.

2) No keyword with name 'Close Browser' found. Did you mean:
    common.Close Test Browser</status>
</test>
<status status="FAIL" start="2026-09-06T04:57:32.937629" elapsed="10.029837"/>
</suite>
<status status="FAIL" start="2026-09-06T04:57:12.082000" elapsed="30.885000"/>
</suite>
<suite id="s1-s2" name="Cart" source="/home/runner/work/engg-robot-testing-framework/engg-robot-testing-framework/tests/cart">
<suite id="s1-s2-s1" name="TC12 add products to cart" source="/home/runner/work/engg-robot-testing-framework/engg-robot-testing-framework/tests/cart/TC12_add_products_to_cart.robot">
<test id="s1-s2-s1-t1" name="TC12 Add Products In Cart" line="14">
<kw name="Open Browser To Home Page" owner="common" type="SETUP">
<kw name="Evaluate" owner="BuiltIn">
<msg time="2026-09-06T04:57:32.973638" level="INFO">${is_headless} = False</msg>
<var>${is_headless}</var>
<arg>str(${HEADLESS}).strip().lower() in ["true", "1", "yes", "on"]</arg>
<doc>Evaluates the given expression in Python and returns the result.</doc>
<status status="PASS" start="2026-09-06T04:57:32.973377" elapsed="0.000295"/>
</kw>
<kw name="Log" owner="BuiltIn">
<msg time="2026-09-06T04:57:32.973974" level="INFO">Starting Playwright browser (Headless: False) to: https://www.automationexercise.com</msg>
<arg>Starting Playwright browser (Headless: ${is_headless}) to: ${BASE_URL}</arg>
<doc>Logs the given message with the given level.</doc>
<status status="PASS" start="2026-09-06T04:57:32.973785" elapsed="0.000258"/>
</kw>
<kw name="Open Browser">
<msg time="2026-09-06T04:57:32.975173" level="FAIL">No keyword with name 'Open Browser' found.</msg>
<arg>${BASE_URL}</arg>
<arg>${BROWSER}</arg>
<arg>headless=${is_headless}</arg>
<status status="FAIL" start="2026-09-06T04:57:32.975140" elapsed="0.000072">No keyword with name 'Open Browser' found.</status>
</kw>
<kw name="Set Screenshot Directory">
<arg>${SCREENSHOT_DIR}</arg>
<status status="NOT RUN" start="2026-09-06T04:57:32.975333" elapsed="0.000018"/>
</kw>
<kw name="Register Keyword To Run On Failure">
<arg>Capture Failure Screenshot</arg>
<status status="NOT RUN" start="2026-09-06T04:57:32.975443" elapsed="0.000016"/>
</kw>
<kw name="Set Browser Timeout">
<arg>${TIMEOUT}</arg>
<status status="NOT RUN" start="2026-09-06T04:57:32.975543" elapsed="0.000016"/>
</kw>
<kw name="Title Should Be">
<arg>Automation Exercise</arg>
<status status="NOT RUN" start="2026-09-06T04:57:32.975658" elapsed="0.000021"/>
</kw>
<status status="FAIL" start="2026-09-06T04:57:32.972874" elapsed="0.002900">No keyword with name 'Open Browser' found.</status>
</kw>
<kw name="Run Keywords" owner="BuiltIn" type="TEARDOWN">
<kw name="Cleanup Test User" owner="common">
<kw name="Run Keyword And Return Status" owner="BuiltIn">
<kw name="Page Should Contain Element">
<msg time="2026-09-06T04:57:32.977814" level="FAIL">No keyword with name 'Page Should Contain Element' found.</msg>
<arg>${NAV_DELETE_ACCOUNT_LINK}</arg>
<status status="FAIL" start="2026-09-06T04:57:32.977789" elapsed="0.000055">No keyword with name 'Page Should Contain Element' found.</status>
</kw>
<msg time="2026-09-06T04:57:32.977917" level="INFO">${status} = False</msg>
<var>${status}</var>
<arg>Page Should Contain Element</arg>
<arg>${NAV_DELETE_ACCOUNT_LINK}</arg>
<doc>Runs the given keyword with given arguments and returns the status as a Boolean value.</doc>
<status status="PASS" start="2026-09-06T04:57:32.976582" elapsed="0.001355"/>
</kw>
<if>
<branch type="IF" condition="${status}">
<kw name="Run Keyword And Return Status" owner="BuiltIn">
<var>${clicked}</var>
<arg>Click Element</arg>
<arg>${NAV_DELETE_ACCOUNT_LINK}</arg>
<doc>Runs the given keyword with given arguments and returns the status as a Boolean value.</doc>
<status status="NOT RUN" start="2026-09-06T04:57:32.978167" elapsed="0.000018"/>
</kw>
<if>
<branch type="IF" condition="not ${clicked}">
<kw name="Log" owner="BuiltIn">
<arg>Native click failed on Delete Account; trying JS click fallback.</arg>
<arg>level=WARN</arg>
<doc>Logs the given message with the given level.</doc>
<status status="NOT RUN" start="2026-09-06T04:57:32.978319" elapsed="0.000015"/>
</kw>
<kw name="Execute JavaScript">
<arg>document.querySelector("a[href='/delete_account']").click()</arg>
<status status="NOT RUN" start="2026-09-06T04:57:32.978423" elapsed="0.000014"/>
</kw>
<status status="NOT RUN" start="2026-09-06T04:57:32.978240" elapsed="0.000220"/>
</branch>
<status status="NOT RUN" start="2026-09-06T04:57:32.978226" elapsed="0.000256"/>
</if>
<kw name="Run Keyword And Return Status" owner="BuiltIn">
<var>${deleted}</var>
<arg>Wait Until Page Contains</arg>
<arg>Account Deleted</arg>
<arg>timeout=45s</arg>
<doc>Runs the given keyword with given arguments and returns the status as a Boolean value.</doc>
<status status="NOT RUN" start="2026-09-06T04:57:32.978565" elapsed="0.000015"/>
</kw>
<if>
<branch type="IF" condition="not ${deleted}">
<kw name="Log" owner="BuiltIn">
<arg>Account deletion confirmation not visible; continuing without failing teardown.</arg>
<arg>level=WARN</arg>
<doc>Logs the given message with the given level.</doc>
<status status="NOT RUN" start="2026-09-06T04:57:32.978719" elapsed="0.000015"/>
</kw>
<status status="NOT RUN" start="2026-09-06T04:57:32.978635" elapsed="0.000125"/>
</branch>
<status status="NOT RUN" start="2026-09-06T04:57:32.978621" elapsed="0.000157"/>
</if>
<status status="NOT RUN" start="2026-09-06T04:57:32.978033" elapsed="0.000763"/>
</branch>
<branch type="ELSE">
<kw name="Log" owner="BuiltIn">
<arg>Delete Account link not found, skipping cleanup.</arg>
<arg>level=DEBUG</arg>
<doc>Logs the given message with the given level.</doc>
<status status="PASS" start="2026-09-06T04:57:32.978888" elapsed="0.000154"/>
</kw>
<status status="PASS" start="2026-09-06T04:57:32.978813" elapsed="0.000260"/>
</branch>
<status status="PASS" start="2026-09-06T04:57:32.978010" elapsed="0.001081"/>
</if>
<doc>Deletes the current account if logged in.</doc>
<status status="PASS" start="2026-09-06T04:57:32.976267" elapsed="0.002870"/>
</kw>
<kw name="Close Test Browser" owner="common">
<kw name="Register Keyword To Run On Failure">
<msg time="2026-09-06T04:57:32.980513" level="FAIL">No keyword with name 'Register Keyword To Run On Failure' found.</msg>
<arg>NONE</arg>
<status status="FAIL" start="2026-09-06T04:57:32.980488" elapsed="0.000055">No keyword with name 'Register Keyword To Run On Failure' found.</status>
</kw>
<kw name="Evaluate" owner="BuiltIn">
<msg time="2026-09-06T04:57:32.980858" level="INFO">${is_headless} = False</msg>
<var>${is_headless}</var>
<arg>str(${HEADLESS}).strip().lower() in ["true", "1", "yes", "on"]</arg>
<doc>Evaluates the given expression in Python and returns the result.</doc>
<status status="PASS" start="2026-09-06T04:57:32.980641" elapsed="0.000240"/>
</kw>
<if>
<branch type="IF" condition="not ${is_headless}">
<kw name="Sleep" owner="BuiltIn">
<msg time="2026-09-06T04:57:42.981390" level="INFO">Slept 10 seconds.</msg>
<arg>${BROWSER_CLOSE_DELAY}s</arg>
<doc>Pauses the test executed for the given time.</doc>
<status status="PASS" start="2026-09-06T04:57:32.981101" elapsed="10.000414"/>
</kw>
<status status="PASS" start="2026-09-06T04:57:32.980959" elapsed="10.000615"/>
</branch>
<status status="PASS" start="2026-09-06T04:57:32.980923" elapsed="10.000696"/>
</if>
<kw name="Close Browser">
<msg time="2026-09-06T04:57:42.983178" level="FAIL">No keyword with name 'Close Browser' found. Did you mean:
    common.Close Test Browser</msg>
<status status="FAIL" start="2026-09-06T04:57:42.983136" elapsed="0.000094">No keyword with name 'Close Browser' found. Did you mean:
    common.Close Test Browser</status>
</kw>
<status status="FAIL" start="2026-09-06T04:57:32.979297" elapsed="10.004113">Several failures occurred:

1) No keyword with name 'Register Keyword To Run On Failure' found.

2) No keyword with name 'Close Browser' found. Did you mean:
    common.Close Test Browser</status>
</kw>
<arg>Cleanup Test User</arg>
<arg>AND</arg>
<arg>Close Test Browser</arg>
<doc>Executes all the given keywords in a sequence.</doc>
<status status="FAIL" start="2026-09-06T04:57:32.975978" elapsed="10.007539">Several failures occurred:

1) No keyword with name 'Register Keyword To Run On Failure' found.

2) No keyword with name 'Close Browser' found. Did you mean:
    common.Close Test Browser</status>
</kw>
<status status="FAIL" start="2026-09-06T04:57:32.972210" elapsed="10.011467">Setup failed:
No keyword with name 'Open Browser' found.

Also teardown failed:
Several failures occurred:

1) No keyword with name 'Register Keyword To Run On Failure' found.

2) No keyword with name 'Close Browser' found. Did you mean:
    common.Close Test Browser</status>
</test>
<doc>TC12 - Add Products In Cart</doc>
<status status="FAIL" start="2026-09-06T04:57:32.941098" elapsed="10.043119"/>
</suite>
<suite id="s1-s2-s2" name="TC13 verify product quantity" source="/home/runner/work/engg-robot-testing-framework/engg-robot-testing-framework/tests/cart/TC13_verify_product_quantity.robot">
<test id="s1-s2-s2-t1" name="TC13 Verify Product Quantity In Cart" line="14">
<kw name="Open Browser To Home Page" owner="common" type="SETUP">
<kw name="Evaluate" owner="BuiltIn">
<msg time="2026-09-06T04:57:43.389259" level="INFO">${is_headless} = False</msg>
<var>${is_headless}</var>
<arg>str(${HEADLESS}).strip().lower() in ["true", "1", "yes", "on"]</arg>
<doc>Evaluates the given expression in Python and returns the result.</doc>
<status status="PASS" start="2026-09-06T04:57:43.389004" elapsed="0.000288"/>
</kw>
<kw name="Log" owner="BuiltIn">
<msg time="2026-09-06T04:57:43.389559" level="INFO">Starting Playwright browser (Headless: False) to: https://www.automationexercise.com</msg>
<arg>Starting Playwright browser (Headless: ${is_headless}) to: ${BASE_URL}</arg>
<doc>Logs the given message with the given level.</doc>
<status status="PASS" start="2026-09-06T04:57:43.389407" elapsed="0.000227"/>
</kw>
<kw name="Open Browser">
<msg time="2026-09-06T04:57:43.390806" level="FAIL">No keyword with name 'Open Browser' found.</msg>
<arg>${BASE_URL}</arg>
<arg>${BROWSER}</arg>
<arg>headless=${is_headless}</arg>
<status status="FAIL" start="2026-09-06T04:57:43.390772" elapsed="0.000075">No keyword with name 'Open Browser' found.</status>
</kw>
<kw name="Set Screenshot Directory">
<arg>${SCREENSHOT_DIR}</arg>
<status status="NOT RUN" start="2026-09-06T04:57:43.390996" elapsed="0.000020"/>
</kw>
<kw name="Register Keyword To Run On Failure">
<arg>Capture Failure Screenshot</arg>
<status status="NOT RUN" start="2026-09-06T04:57:43.391122" elapsed="0.000017"/>
</kw>
<kw name="Set Browser Timeout">
<arg>${TIMEOUT}</arg>
<status status="NOT RUN" start="2026-09-06T04:57:43.391226" elapsed="0.000015"/>
</kw>
<kw name="Title Should Be">
<arg>Automation Exercise</arg>
<status status="NOT RUN" start="2026-09-06T04:57:43.391334" elapsed="0.000021"/>
</kw>
<status status="FAIL" start="2026-09-06T04:57:43.388481" elapsed="0.002969">No keyword with name 'Open Browser' found.</status>
</kw>
<kw name="Run Keywords" owner="BuiltIn" type="TEARDOWN">
<kw name="Cleanup Test User" owner="common">
<kw name="Run Keyword And Return Status" owner="BuiltIn">
<kw name="Page Should Contain Element">
<msg time="2026-09-06T04:57:43.393508" level="FAIL">No keyword with name 'Page Should Contain Element' found.</msg>
<arg>${NAV_DELETE_ACCOUNT_LINK}</arg>
<status status="FAIL" start="2026-09-06T04:57:43.393484" elapsed="0.000055">No keyword with name 'Page Should Contain Element' found.</status>
</kw>
<msg time="2026-09-06T04:57:43.393610" level="INFO">${status} = False</msg>
<var>${status}</var>
<arg>Page Should Contain Element</arg>
<arg>${NAV_DELETE_ACCOUNT_LINK}</arg>
<doc>Runs the given keyword with given arguments and returns the status as a Boolean value.</doc>
<status status="PASS" start="2026-09-06T04:57:43.392256" elapsed="0.001374"/>
</kw>
<if>
<branch type="IF" condition="${status}">
<kw name="Run Keyword And Return Status" owner="BuiltIn">
<var>${clicked}</var>
<arg>Click Element</arg>
<arg>${NAV_DELETE_ACCOUNT_LINK}</arg>
<doc>Runs the given keyword with given arguments and returns the status as a Boolean value.</doc>
<status status="NOT RUN" start="2026-09-06T04:57:43.393830" elapsed="0.000017"/>
</kw>
<if>
<branch type="IF" condition="not ${clicked}">
<kw name="Log" owner="BuiltIn">
<arg>Native click failed on Delete Account; trying JS click fallback.</arg>
<arg>level=WARN</arg>
<doc>Logs the given message with the given level.</doc>
<status status="NOT RUN" start="2026-09-06T04:57:43.394007" elapsed="0.000018"/>
</kw>
<kw name="Execute JavaScript">
<arg>document.querySelector("a[href='/delete_account']").click()</arg>
<status status="NOT RUN" start="2026-09-06T04:57:43.394119" elapsed="0.000015"/>
</kw>
<status status="NOT RUN" start="2026-09-06T04:57:43.393901" elapsed="0.000255"/>
</branch>
<status status="NOT RUN" start="2026-09-06T04:57:43.393888" elapsed="0.000290"/>
</if>
<kw name="Run Keyword And Return Status" owner="BuiltIn">
<var>${deleted}</var>
<arg>Wait Until Page Contains</arg>
<arg>Account Deleted</arg>
<arg>timeout=45s</arg>
<doc>Runs the given keyword with given arguments and returns the status as a Boolean value.</doc>
<status status="NOT RUN" start="2026-09-06T04:57:43.394262" elapsed="0.000015"/>
</kw>
<if>
<branch type="IF" condition="not ${deleted}">
<kw name="Log" owner="BuiltIn">
<arg>Account deletion confirmation not visible; continuing without failing teardown.</arg>
<arg>level=WARN</arg>
<doc>Logs the given message with the given level.</doc>
<status status="NOT RUN" start="2026-09-06T04:57:43.394415" elapsed="0.000015"/>
</kw>
<status status="NOT RUN" start="2026-09-06T04:57:43.394332" elapsed="0.000123"/>
</branch>
<status status="NOT RUN" start="2026-09-06T04:57:43.394317" elapsed="0.000156"/>
</if>
<status status="NOT RUN" start="2026-09-06T04:57:43.393701" elapsed="0.000791"/>
</branch>
<branch type="ELSE">
<kw name="Log" owner="BuiltIn">
<arg>Delete Account link not found, skipping cleanup.</arg>
<arg>level=DEBUG</arg>
<doc>Logs the given message with the given level.</doc>
<status status="PASS" start="2026-09-06T04:57:43.394584" elapsed="0.000129"/>
</kw>
<status status="PASS" start="2026-09-06T04:57:43.394509" elapsed="0.000233"/>
</branch>
<status status="PASS" start="2026-09-06T04:57:43.393680" elapsed="0.001080"/>
</if>
<doc>Deletes the current account if logged in.</doc>
<status status="PASS" start="2026-09-06T04:57:43.391919" elapsed="0.002880"/>
</kw>
<kw name="Close Test Browser" owner="common">
<kw name="Register Keyword To Run On Failure">
<msg time="2026-09-06T04:57:43.396148" level="FAIL">No keyword with name 'Register Keyword To Run On Failure' found.</msg>
<arg>NONE</arg>
<status status="FAIL" start="2026-09-06T04:57:43.396124" elapsed="0.000054">No keyword with name 'Register Keyword To Run On Failure' found.</status>
</kw>
<kw name="Evaluate" owner="BuiltIn">
<msg time="2026-09-06T04:57:43.396476" level="INFO">${is_headless} = False</msg>
<var>${is_headless}</var>
<arg>str(${HEADLESS}).strip().lower() in ["true", "1", "yes", "on"]</arg>
<doc>Evaluates the given expression in Python and returns the result.</doc>
<status status="PASS" start="2026-09-06T04:57:43.396272" elapsed="0.000226"/>
</kw>
<if>
<branch type="IF" condition="not ${is_headless}">
<kw name="Sleep" owner="BuiltIn">
<msg time="2026-09-06T04:57:53.396955" level="INFO">Slept 10 seconds.</msg>
<arg>${BROWSER_CLOSE_DELAY}s</arg>
<doc>Pauses the test executed for the given time.</doc>
<status status="PASS" start="2026-09-06T04:57:43.396686" elapsed="10.000423"/>
</kw>
<status status="PASS" start="2026-09-06T04:57:43.396557" elapsed="10.000606"/>
</branch>
<status status="PASS" start="2026-09-06T04:57:43.396541" elapsed="10.000660"/>
</if>
<kw name="Close Browser">
<msg time="2026-09-06T04:57:53.398346" level="FAIL">No keyword with name 'Close Browser' found. Did you mean:
    common.Close Test Browser</msg>
<status status="FAIL" start="2026-09-06T04:57:53.398313" elapsed="0.000074">No keyword with name 'Close Browser' found. Did you mean:
    common.Close Test Browser</status>
</kw>
<status status="FAIL" start="2026-09-06T04:57:43.394975" elapsed="10.003547">Several failures occurred:

1) No keyword with name 'Register Keyword To Run On Failure' found.

2) No keyword with name 'Close Browser' found. Did you mean:
    common.Close Test Browser</status>
</kw>
<arg>Cleanup Test User</arg>
<arg>AND</arg>
<arg>Close Test Browser</arg>
<doc>Executes all the given keywords in a sequence.</doc>
<status status="FAIL" start="2026-09-06T04:57:43.391632" elapsed="10.006968">Several failures occurred:

1) No keyword with name 'Register Keyword To Run On Failure' found.

2) No keyword with name 'Close Browser' found. Did you mean:
    common.Close Test Browser</status>
</kw>
<status status="FAIL" start="2026-09-06T04:57:43.387822" elapsed="10.010915">Setup failed:
No keyword with name 'Open Browser' found.

Also teardown failed:
Several failures occurred:

1) No keyword with name 'Register Keyword To Run On Failure' found.

2) No keyword with name 'Close Browser' found. Did you mean:
    common.Close Test Browser</status>
</test>
<doc>TC13 - Verify Product Quantity In Cart</doc>
<status status="FAIL" start="2026-09-06T04:57:43.357137" elapsed="10.042084"/>
</suite>
<suite id="s1-s2-s3" name="TC17 remove products from cart" source="/home/runner/work/engg-robot-testing-framework/engg-robot-testing-framework/tests/cart/TC17_remove_products_from_cart.robot">
<test id="s1-s2-s3-t1" name="TC17 Remove Products From Cart" line="14">
<kw name="Open Browser To Home Page" owner="common" type="SETUP">
<kw name="Evaluate" owner="BuiltIn">
<msg time="2026-09-06T04:57:43.391079" level="INFO">${is_headless} = False</msg>
<var>${is_headless}</var>
<arg>str(${HEADLESS}).strip().lower() in ["true", "1", "yes", "on"]</arg>
<doc>Evaluates the given expression in Python and returns the result.</doc>
<status status="PASS" start="2026-09-06T04:57:43.390781" elapsed="0.000333"/>
</kw>
<kw name="Log" owner="BuiltIn">
<msg time="2026-09-06T04:57:43.391383" level="INFO">Starting Playwright browser (Headless: False) to: https://www.automationexercise.com</msg>
<arg>Starting Playwright browser (Headless: ${is_headless}) to: ${BASE_URL}</arg>
<doc>Logs the given message with the given level.</doc>
<status status="PASS" start="2026-09-06T04:57:43.391228" elapsed="0.000200"/>
</kw>
<kw name="Open Browser">
<msg time="2026-09-06T04:57:43.392542" level="FAIL">No keyword with name 'Open Browser' found.</msg>
<arg>${BASE_URL}</arg>
<arg>${BROWSER}</arg>
<arg>headless=${is_headless}</arg>
<status status="FAIL" start="2026-09-06T04:57:43.392513" elapsed="0.000067">No keyword with name 'Open Browser' found.</status>
</kw>
<kw name="Set Screenshot Directory">
<arg>${SCREENSHOT_DIR}</arg>
<status status="NOT RUN" start="2026-09-06T04:57:43.392705" elapsed="0.000019"/>
</kw>
<kw name="Register Keyword To Run On Failure">
<arg>Capture Failure Screenshot</arg>
<status status="NOT RUN" start="2026-09-06T04:57:43.392816" elapsed="0.000016"/>
</kw>
<kw name="Set Browser Timeout">
<arg>${TIMEOUT}</arg>
<status status="NOT RUN" start="2026-09-06T04:57:43.392918" elapsed="0.000015"/>
</kw>
<kw name="Title Should Be">
<arg>Automation Exercise</arg>
<status status="NOT RUN" start="2026-09-06T04:57:43.393067" elapsed="0.000023"/>
</kw>
<status status="FAIL" start="2026-09-06T04:57:43.390302" elapsed="0.002886">No keyword with name 'Open Browser' found.</status>
</kw>
<kw name="Run Keywords" owner="BuiltIn" type="TEARDOWN">
<kw name="Cleanup Test User" owner="common">
<kw name="Run Keyword And Return Status" owner="BuiltIn">
<kw name="Page Should Contain Element">
<msg time="2026-09-06T04:57:43.395232" level="FAIL">No keyword with name 'Page Should Contain Element' found.</msg>
<arg>${NAV_DELETE_ACCOUNT_LINK}</arg>
<status status="FAIL" start="2026-09-06T04:57:43.395208" elapsed="0.000055">No keyword with name 'Page Should Contain Element' found.</status>
</kw>
<msg time="2026-09-06T04:57:43.395336" level="INFO">${status} = False</msg>
<var>${status}</var>
<arg>Page Should Contain Element</arg>
<arg>${NAV_DELETE_ACCOUNT_LINK}</arg>
<doc>Runs the given keyword with given arguments and returns the status as a Boolean value.</doc>
<status status="PASS" start="2026-09-06T04:57:43.394000" elapsed="0.001357"/>
</kw>
<if>
<branch type="IF" condition="${status}">
<kw name="Run Keyword And Return Status" owner="BuiltIn">
<var>${clicked}</var>
<arg>Click Element</arg>
<arg>${NAV_DELETE_ACCOUNT_LINK}</arg>
<doc>Runs the given keyword with given arguments and returns the status as a Boolean value.</doc>
<status status="NOT RUN" start="2026-09-06T04:57:43.395559" elapsed="0.000017"/>
</kw>
<if>
<branch type="IF" condition="not ${clicked}">
<kw name="Log" owner="BuiltIn">
<arg>Native click failed on Delete Account; trying JS click fallback.</arg>
<arg>level=WARN</arg>
<doc>Logs the given message with the given level.</doc>
<status status="NOT RUN" start="2026-09-06T04:57:43.395712" elapsed="0.000014"/>
</kw>
<kw name="Execute JavaScript">
<arg>document.querySelector("a[href='/delete_account']").click()</arg>
<status status="NOT RUN" start="2026-09-06T04:57:43.395814" elapsed="0.000014"/>
</kw>
<status status="NOT RUN" start="2026-09-06T04:57:43.395631" elapsed="0.000219"/>
</branch>
<status status="NOT RUN" start="2026-09-06T04:57:43.395618" elapsed="0.000254"/>
</if>
<kw name="Run Keyword And Return Status" owner="BuiltIn">
<var>${deleted}</var>
<arg>Wait Until Page Contains</arg>
<arg>Account Deleted</arg>
<arg>timeout=45s</arg>
<doc>Runs the given keyword with given arguments and returns the status as a Boolean value.</doc>
<status status="NOT RUN" start="2026-09-06T04:57:43.395976" elapsed="0.000017"/>
</kw>
<if>
<branch type="IF" condition="not ${deleted}">
<kw name="Log" owner="BuiltIn">
<arg>Account deletion confirmation not visible; continuing without failing teardown.</arg>
<arg>level=WARN</arg>
<doc>Logs the given message with the given level.</doc>
<status status="NOT RUN" start="2026-09-06T04:57:43.396138" elapsed="0.000015"/>
</kw>
<status status="NOT RUN" start="2026-09-06T04:57:43.396051" elapsed="0.000128"/>
</branch>
<status status="NOT RUN" start="2026-09-06T04:57:43.396036" elapsed="0.000161"/>
</if>
<status status="NOT RUN" start="2026-09-06T04:57:43.395427" elapsed="0.000788"/>
</branch>
<branch type="ELSE">
<kw name="Log" owner="BuiltIn">
<arg>Delete Account link not found, skipping cleanup.</arg>
<arg>level=DEBUG</arg>
<doc>Logs the given message with the given level.</doc>
<status status="PASS" start="2026-09-06T04:57:43.396307" elapsed="0.000130"/>
</kw>
<status status="PASS" start="2026-09-06T04:57:43.396232" elapsed="0.000234"/>
</branch>
<status status="PASS" start="2026-09-06T04:57:43.395407" elapsed="0.001076"/>
</if>
<doc>Deletes the current account if logged in.</doc>
<status status="PASS" start="2026-09-06T04:57:43.393652" elapsed="0.002869"/>
</kw>
<kw name="Close Test Browser" owner="common">
<kw name="Register Keyword To Run On Failure">
<msg time="2026-09-06T04:57:43.397856" level="FAIL">No keyword with name 'Register Keyword To Run On Failure' found.</msg>
<arg>NONE</arg>
<status status="FAIL" start="2026-09-06T04:57:43.397832" elapsed="0.000053">No keyword with name 'Register Keyword To Run On Failure' found.</status>
</kw>
<kw name="Evaluate" owner="BuiltIn">
<msg time="2026-09-06T04:57:43.398213" level="INFO">${is_headless} = False</msg>
<var>${is_headless}</var>
<arg>str(${HEADLESS}).strip().lower() in ["true", "1", "yes", "on"]</arg>
<doc>Evaluates the given expression in Python and returns the result.</doc>
<status status="PASS" start="2026-09-06T04:57:43.398004" elapsed="0.000231"/>
</kw>
<if>
<branch type="IF" condition="not ${is_headless}">
<kw name="Sleep" owner="BuiltIn">
<msg time="2026-09-06T04:57:53.398720" level="INFO">Slept 10 seconds.</msg>
<arg>${BROWSER_CLOSE_DELAY}s</arg>
<doc>Pauses the test executed for the given time.</doc>
<status status="PASS" start="2026-09-06T04:57:43.398427" elapsed="10.000398"/>
</kw>
<status status="PASS" start="2026-09-06T04:57:43.398294" elapsed="10.000594"/>
</branch>
<status status="PASS" start="2026-09-06T04:57:43.398278" elapsed="10.000708"/>
</if>
<kw name="Close Browser">
<msg time="2026-09-06T04:57:53.400363" level="FAIL">No keyword with name 'Close Browser' found. Did you mean:
    common.Close Test Browser</msg>
<status status="FAIL" start="2026-09-06T04:57:53.400329" elapsed="0.000073">No keyword with name 'Close Browser' found. Did you mean:
    common.Close Test Browser</status>
</kw>
<status status="FAIL" start="2026-09-06T04:57:43.396677" elapsed="10.003875">Several failures occurred:

1) No keyword with name 'Register Keyword To Run On Failure' found.

2) No keyword with name 'Close Browser' found. Did you mean:
    common.Close Test Browser</status>
</kw>
<arg>Cleanup Test User</arg>
<arg>AND</arg>
<arg>Close Test Browser</arg>
<doc>Executes all the given keywords in a sequence.</doc>
<status status="FAIL" start="2026-09-06T04:57:43.393369" elapsed="10.007319">Several failures occurred:

1) No keyword with name 'Register Keyword To Run On Failure' found.

2) No keyword with name 'Close Browser' found. Did you mean:
    common.Close Test Browser</status>
</kw>
<status status="FAIL" start="2026-09-06T04:57:43.389639" elapsed="10.011176">Setup failed:
No keyword with name 'Open Browser' found.

Also teardown failed:
Several failures occurred:

1) No keyword with name 'Register Keyword To Run On Failure' found.

2) No keyword with name 'Close Browser' found. Did you mean:
    common.Close Test Browser</status>
</test>
<doc>TC17 - Remove Products From Cart</doc>
<status status="FAIL" start="2026-09-06T04:57:43.358720" elapsed="10.042621"/>
</suite>
<suite id="s1-s2-s4" name="TC20 search and verify cart after login" source="/home/runner/work/engg-robot-testing-framework/engg-robot-testing-framework/tests/cart/TC20_search_and_verify_cart_after_login.robot">
<test id="s1-s2-s4-t1" name="TC20 Search Products And Verify Cart After Login" line="16">
<kw name="Open Browser To Home Page" owner="common" type="SETUP">
<kw name="Evaluate" owner="BuiltIn">
<msg time="2026-09-06T04:57:53.816119" level="INFO">${is_headless} = False</msg>
<var>${is_headless}</var>
<arg>str(${HEADLESS}).strip().lower() in ["true", "1", "yes", "on"]</arg>
<doc>Evaluates the given expression in Python and returns the result.</doc>
<status status="PASS" start="2026-09-06T04:57:53.815831" elapsed="0.000325"/>
</kw>
<kw name="Log" owner="BuiltIn">
<msg time="2026-09-06T04:57:53.816439" level="INFO">Starting Playwright browser (Headless: False) to: https://www.automationexercise.com</msg>
<arg>Starting Playwright browser (Headless: ${is_headless}) to: ${BASE_URL}</arg>
<doc>Logs the given message with the given level.</doc>
<status status="PASS" start="2026-09-06T04:57:53.816274" elapsed="0.000211"/>
</kw>
<kw name="Open Browser">
<msg time="2026-09-06T04:57:53.817688" level="FAIL">No keyword with name 'Open Browser' found.</msg>
<arg>${BASE_URL}</arg>
<arg>${BROWSER}</arg>
<arg>headless=${is_headless}</arg>
<status status="FAIL" start="2026-09-06T04:57:53.817656" elapsed="0.000073">No keyword with name 'Open Browser' found.</status>
</kw>
<kw name="Set Screenshot Directory">
<arg>${SCREENSHOT_DIR}</arg>
<status status="NOT RUN" start="2026-09-06T04:57:53.817854" elapsed="0.000018"/>
</kw>
<kw name="Register Keyword To Run On Failure">
<arg>Capture Failure Screenshot</arg>
<status status="NOT RUN" start="2026-09-06T04:57:53.817986" elapsed="0.000018"/>
</kw>
<kw name="Set Browser Timeout">
<arg>${TIMEOUT}</arg>
<status status="NOT RUN" start="2026-09-06T04:57:53.818096" elapsed="0.000016"/>
</kw>
<kw name="Title Should Be">
<arg>Automation Exercise</arg>
<status status="NOT RUN" start="2026-09-06T04:57:53.818209" elapsed="0.000021"/>
</kw>
<status status="FAIL" start="2026-09-06T04:57:53.815335" elapsed="0.003016">No keyword with name 'Open Browser' found.</status>
</kw>
<kw name="Run Keywords" owner="BuiltIn" type="TEARDOWN">
<kw name="Cleanup Test User" owner="common">
<kw name="Run Keyword And Return Status" owner="BuiltIn">
<kw name="Page Should Contain Element">
<msg time="2026-09-06T04:57:53.820453" level="FAIL">No keyword with name 'Page Should Contain Element' found.</msg>
<arg>${NAV_DELETE_ACCOUNT_LINK}</arg>
<status status="FAIL" start="2026-09-06T04:57:53.820430" elapsed="0.000055">No keyword with name 'Page Should Contain Element' found.</status>
</kw>
<msg time="2026-09-06T04:57:53.820556" level="INFO">${status} = False</msg>
<var>${status}</var>
<arg>Page Should Contain Element</arg>
<arg>${NAV_DELETE_ACCOUNT_LINK}</arg>
<doc>Runs the given keyword with given arguments and returns the status as a Boolean value.</doc>
<status status="PASS" start="2026-09-06T04:57:53.819097" elapsed="0.001479"/>
</kw>
<if>
<branch type="IF" condition="${status}">
<kw name="Run Keyword And Return Status" owner="BuiltIn">
<var>${clicked}</var>
<arg>Click Element</arg>
<arg>${NAV_DELETE_ACCOUNT_LINK}</arg>
<doc>Runs the given keyword with given arguments and returns the status as a Boolean value.</doc>
<status status="NOT RUN" start="2026-09-06T04:57:53.820783" elapsed="0.000016"/>
</kw>
<if>
<branch type="IF" condition="not ${clicked}">
<kw name="Log" owner="BuiltIn">
<arg>Native click failed on Delete Account; trying JS click fallback.</arg>
<arg>level=WARN</arg>
<doc>Logs the given message with the given level.</doc>
<status status="NOT RUN" start="2026-09-06T04:57:53.820936" elapsed="0.000036"/>
</kw>
<kw name="Execute JavaScript">
<arg>document.querySelector("a[href='/delete_account']").click()</arg>
<status status="NOT RUN" start="2026-09-06T04:57:53.821067" elapsed="0.000015"/>
</kw>
<status status="NOT RUN" start="2026-09-06T04:57:53.820853" elapsed="0.000251"/>
</branch>
<status status="NOT RUN" start="2026-09-06T04:57:53.820840" elapsed="0.000287"/>
</if>
<kw name="Run Keyword And Return Status" owner="BuiltIn">
<var>${deleted}</var>
<arg>Wait Until Page Contains</arg>
<arg>Account Deleted</arg>
<arg>timeout=45s</arg>
<doc>Runs the given keyword with given arguments and returns the status as a Boolean value.</doc>
<status status="NOT RUN" start="2026-09-06T04:57:53.821214" elapsed="0.000015"/>
</kw>
<if>
<branch type="IF" condition="not ${deleted}">
<kw name="Log" owner="BuiltIn">
<arg>Account deletion confirmation not visible; continuing without failing teardown.</arg>
<arg>level=WARN</arg>
<doc>Logs the given message with the given level.</doc>
<status status="NOT RUN" start="2026-09-06T04:57:53.821366" elapsed="0.000015"/>
</kw>
<status status="NOT RUN" start="2026-09-06T04:57:53.821284" elapsed="0.000121"/>
</branch>
<status status="NOT RUN" start="2026-09-06T04:57:53.821270" elapsed="0.000153"/>
</if>
<status status="NOT RUN" start="2026-09-06T04:57:53.820649" elapsed="0.000791"/>
</branch>
<branch type="ELSE">
<kw name="Log" owner="BuiltIn">
<arg>Delete Account link not found, skipping cleanup.</arg>
<arg>level=DEBUG</arg>
<doc>Logs the given message with the given level.</doc>
<status status="PASS" start="2026-09-06T04:57:53.821531" elapsed="0.000131"/>
</kw>
<status status="PASS" start="2026-09-06T04:57:53.821457" elapsed="0.000233"/>
</branch>
<status status="PASS" start="2026-09-06T04:57:53.820626" elapsed="0.001081"/>
</if>
<doc>Deletes the current account if logged in.</doc>
<status status="PASS" start="2026-09-06T04:57:53.818857" elapsed="0.002890"/>
</kw>
<kw name="Close Test Browser" owner="common">
<kw name="Register Keyword To Run On Failure">
<msg time="2026-09-06T04:57:53.823387" level="FAIL">No keyword with name 'Register Keyword To Run On Failure' found.</msg>
<arg>NONE</arg>
<status status="FAIL" start="2026-09-06T04:57:53.823364" elapsed="0.000054">No keyword with name 'Register Keyword To Run On Failure' found.</status>
</kw>
<kw name="Evaluate" owner="BuiltIn">
<msg time="2026-09-06T04:57:53.823724" level="INFO">${is_headless} = False</msg>
<var>${is_headless}</var>
<arg>str(${HEADLESS}).strip().lower() in ["true", "1", "yes", "on"]</arg>
<doc>Evaluates the given expression in Python and returns the result.</doc>
<status status="PASS" start="2026-09-06T04:57:53.823516" elapsed="0.000231"/>
</kw>
<if>
<branch type="IF" condition="not ${is_headless}">
<kw name="Sleep" owner="BuiltIn">
<msg time="2026-09-06T04:58:03.824247" level="INFO">Slept 10 seconds.</msg>
<arg>${BROWSER_CLOSE_DELAY}s</arg>
<doc>Pauses the test executed for the given time.</doc>
<status status="PASS" start="2026-09-06T04:57:53.823961" elapsed="10.000394"/>
</kw>
<status status="PASS" start="2026-09-06T04:57:53.823806" elapsed="10.000595"/>
</branch>
<status status="PASS" start="2026-09-06T04:57:53.823790" elapsed="10.000646"/>
</if>
<kw name="Close Browser">
<msg time="2026-09-06T04:58:03.825548" level="FAIL">No keyword with name 'Close Browser' found. Did you mean:
    common.Close Test Browser</msg>
<status status="FAIL" start="2026-09-06T04:58:03.825515" elapsed="0.000072">No keyword with name 'Close Browser' found. Did you mean:
    common.Close Test Browser</status>
</kw>
<status status="FAIL" start="2026-09-06T04:57:53.821911" elapsed="10.003824">Several failures occurred:

1) No keyword with name 'Register Keyword To Run On Failure' found.

2) No keyword with name 'Close Browser' found. Did you mean:
    common.Close Test Browser</status>
</kw>
<arg>Cleanup Test User</arg>
<arg>AND</arg>
<arg>Close Test Browser</arg>
<doc>Executes all the given keywords in a sequence.</doc>
<status status="FAIL" start="2026-09-06T04:57:53.818567" elapsed="10.007246">Several failures occurred:

1) No keyword with name 'Register Keyword To Run On Failure' found.

2) No keyword with name 'Close Browser' found. Did you mean:
    common.Close Test Browser</status>
</kw>
<status status="FAIL" start="2026-09-06T04:57:53.814578" elapsed="10.011361">Setup failed:
No keyword with name 'Open Browser' found.

Also teardown failed:
Several failures occurred:

1) No keyword with name 'Register Keyword To Run On Failure' found.

2) No keyword with name 'Close Browser' found. Did you mean:
    common.Close Test Browser</status>
</test>
<doc>TC20 - Search Products And Verify Cart After Login</doc>
<status status="FAIL" start="2026-09-06T04:57:53.777823" elapsed="10.048591"/>
</suite>
<suite id="s1-s2-s5" name="TC22 add from recommended items" source="/home/runner/work/engg-robot-testing-framework/engg-robot-testing-framework/tests/cart/TC22_add_from_recommended_items.robot">
<test id="s1-s2-s5-t1" name="TC22 Add To Cart From Recommended Items" line="13">
<kw name="Open Browser To Home Page" owner="common" type="SETUP">
<kw name="Evaluate" owner="BuiltIn">
<msg time="2026-09-06T04:57:53.802852" level="INFO">${is_headless} = False</msg>
<var>${is_headless}</var>
<arg>str(${HEADLESS}).strip().lower() in ["true", "1", "yes", "on"]</arg>
<doc>Evaluates the given expression in Python and returns the result.</doc>
<status status="PASS" start="2026-09-06T04:57:53.802611" elapsed="0.000275"/>
</kw>
<kw name="Log" owner="BuiltIn">
<msg time="2026-09-06T04:57:53.803188" level="INFO">Starting Playwright browser (Headless: False) to: https://www.automationexercise.com</msg>
<arg>Starting Playwright browser (Headless: ${is_headless}) to: ${BASE_URL}</arg>
<doc>Logs the given message with the given level.</doc>
<status status="PASS" start="2026-09-06T04:57:53.803022" elapsed="0.000212"/>
</kw>
<kw name="Open Browser">
<msg time="2026-09-06T04:57:53.804279" level="FAIL">No keyword with name 'Open Browser' found.</msg>
<arg>${BASE_URL}</arg>
<arg>${BROWSER}</arg>
<arg>headless=${is_headless}</arg>
<status status="FAIL" start="2026-09-06T04:57:53.804246" elapsed="0.000077">No keyword with name 'Open Browser' found.</status>
</kw>
<kw name="Set Screenshot Directory">
<arg>${SCREENSHOT_DIR}</arg>
<status status="NOT RUN" start="2026-09-06T04:57:53.804450" elapsed="0.000018"/>
</kw>
<kw name="Register Keyword To Run On Failure">
<arg>Capture Failure Screenshot</arg>
<status status="NOT RUN" start="2026-09-06T04:57:53.804561" elapsed="0.000017"/>
</kw>
<kw name="Set Browser Timeout">
<arg>${TIMEOUT}</arg>
<status status="NOT RUN" start="2026-09-06T04:57:53.804665" elapsed="0.000017"/>
</kw>
<kw name="Title Should Be">
<arg>Automation Exercise</arg>
<status status="NOT RUN" start="2026-09-06T04:57:53.804778" elapsed="0.000027"/>
</kw>
<status status="FAIL" start="2026-09-06T04:57:53.802156" elapsed="0.002756">No keyword with name 'Open Browser' found.</status>
</kw>
<kw name="Run Keywords" owner="BuiltIn" type="TEARDOWN">
<kw name="Cleanup Test User" owner="common">
<kw name="Run Keyword And Return Status" owner="BuiltIn">
<kw name="Page Should Contain Element">
<msg time="2026-09-06T04:57:53.806777" level="FAIL">No keyword with name 'Page Should Contain Element' found.</msg>
<arg>${NAV_DELETE_ACCOUNT_LINK}</arg>
<status status="FAIL" start="2026-09-06T04:57:53.806752" elapsed="0.000056">No keyword with name 'Page Should Contain Element' found.</status>
</kw>
<msg time="2026-09-06T04:57:53.806888" level="INFO">${status} = False</msg>
<var>${status}</var>
<arg>Page Should Contain Element</arg>
<arg>${NAV_DELETE_ACCOUNT_LINK}</arg>
<doc>Runs the given keyword with given arguments and returns the status as a Boolean value.</doc>
<status status="PASS" start="2026-09-06T04:57:53.805678" elapsed="0.001233"/>
</kw>
<if>
<branch type="IF" condition="${status}">
<kw name="Run Keyword And Return Status" owner="BuiltIn">
<var>${clicked}</var>
<arg>Click Element</arg>
<arg>${NAV_DELETE_ACCOUNT_LINK}</arg>
<doc>Runs the given keyword with given arguments and returns the status as a Boolean value.</doc>
[...]
Traceback (most recent call last):
  None
PYTHONPATH:
  /opt/hostedtoolcache/Python/3.11.16/x64/bin
  /opt/hostedtoolcache/Python/3.11.16/x64/lib/python311.zip
  /opt/hostedtoolcache/Python/3.11.16/x64/lib/python3.11
  /opt/hostedtoolcache/Python/3.11.16/x64/lib/python3.11/lib-dynload
  /opt/hostedtoolcache/Python/3.11.16/x64/lib/python3.11/site-packages</msg>
<msg time="2026-09-06T04:57:12.093345" level="ERROR">Error in file '/home/runner/work/engg-robot-testing-framework/engg-robot-testing-framework/tests/auth/TC02_login_valid.robot' on line 2: Importing library 'playwright_keyword_library.PlaywrightKeywordLibrary' failed: ModuleNotFoundError: No module named 'playwright_keyword_library'
Traceback (most recent call last):
  None
PYTHONPATH:
  /opt/hostedtoolcache/Python/3.11.16/x64/bin
  /opt/hostedtoolcache/Python/3.11.16/x64/lib/python311.zip
  /opt/hostedtoolcache/Python/3.11.16/x64/lib/python3.11
  /opt/hostedtoolcache/Python/3.11.16/x64/lib/python3.11/lib-dynload
  /opt/hostedtoolcache/Python/3.11.16/x64/lib/python3.11/site-packages</msg>
<msg time="2026-09-06T04:57:12.098714" level="ERROR">Error in file '/home/runner/work/engg-robot-testing-framework/engg-robot-testing-framework/resources/auth_keywords.resource' on line 2: Importing library 'playwright_keyword_library.PlaywrightKeywordLibrary' failed: ModuleNotFoundError: No module named 'playwright_keyword_library'
Traceback (most recent call last):
  None
PYTHONPATH:
  /opt/hostedtoolcache/Python/3.11.16/x64/bin
  /opt/hostedtoolcache/Python/3.11.16/x64/lib/python311.zip
  /opt/hostedtoolcache/Python/3.11.16/x64/lib/python3.11
  /opt/hostedtoolcache/Python/3.11.16/x64/lib/python3.11/lib-dynload
  /opt/hostedtoolcache/Python/3.11.16/x64/lib/python3.11/site-packages</msg>
<msg time="2026-09-06T04:57:12.106124" level="ERROR">Error in file '/home/runner/work/engg-robot-testing-framework/engg-robot-testing-framework/resources/common.resource' on line 4: Importing library 'playwright_keyword_library.PlaywrightKeywordLibrary' failed: ModuleNotFoundError: No module named 'playwright_keyword_library'
Traceback (most recent call last):
  None
PYTHONPATH:
  /opt/hostedtoolcache/Python/3.11.16/x64/bin
  /opt/hostedtoolcache/Python/3.11.16/x64/lib/python311.zip
  /opt/hostedtoolcache/Python/3.11.16/x64/lib/python3.11
  /opt/hostedtoolcache/Python/3.11.16/x64/lib/python3.11/lib-dynload
  /opt/hostedtoolcache/Python/3.11.16/x64/lib/python3.11/site-packages</msg>
<msg time="2026-09-06T04:57:22.512682" level="ERROR">Error in file '/home/runner/work/engg-robot-testing-framework/engg-robot-testing-framework/tests/auth/TC03_login_invalid.robot' on line 2: Importing library 'playwright_keyword_library.PlaywrightKeywordLibrary' failed: ModuleNotFoundError: No module named 'playwright_keyword_library'
Traceback (most recent call last):
  None
PYTHONPATH:
  /opt/hostedtoolcache/Python/3.11.16/x64/bin
  /opt/hostedtoolcache/Python/3.11.16/x64/lib/python311.zip
  /opt/hostedtoolcache/Python/3.11.16/x64/lib/python3.11
  /opt/hostedtoolcache/Python/3.11.16/x64/lib/python3.11/lib-dynload
  /opt/hostedtoolcache/Python/3.11.16/x64/lib/python3.11/site-packages</msg>
<msg time="2026-09-06T04:57:22.518311" level="ERROR">Error in file '/home/runner/work/engg-robot-testing-framework/engg-robot-testing-framework/resources/auth_keywords.resource' on line 2: Importing library 'playwright_keyword_library.PlaywrightKeywordLibrary' failed: ModuleNotFoundError: No module named 'playwright_keyword_library'
Traceback (most recent call last):
  None
PYTHONPATH:
  /opt/hostedtoolcache/Python/3.11.16/x64/bin
  /opt/hostedtoolcache/Python/3.11.16/x64/lib/python311.zip
  /opt/hostedtoolcache/Python/3.11.16/x64/lib/python3.11
  /opt/hostedtoolcache/Python/3.11.16/x64/lib/python3.11/lib-dynload
  /opt/hostedtoolcache/Python/3.11.16/x64/lib/python3.11/site-packages</msg>
<msg time="2026-09-06T04:57:22.525717" level="ERROR">Error in file '/home/runner/work/engg-robot-testing-framework/engg-robot-testing-framework/resources/common.resource' on line 4: Importing library 'playwright_keyword_library.PlaywrightKeywordLibrary' failed: ModuleNotFoundError: No module named 'playwright_keyword_library'
Traceback (most recent call last):
  None
PYTHONPATH:
  /opt/hostedtoolcache/Python/3.11.16/x64/bin
  /opt/hostedtoolcache/Python/3.11.16/x64/lib/python311.zip
  /opt/hostedtoolcache/Python/3.11.16/x64/lib/python3.11
  /opt/hostedtoolcache/Python/3.11.16/x64/lib/python3.11/lib-dynload
  /opt/hostedtoolcache/Python/3.11.16/x64/lib/python3.11/site-packages</msg>
<msg time="2026-09-06T04:57:22.513531" level="ERROR">Error in file '/home/runner/work/engg-robot-testing-framework/engg-robot-testing-framework/tests/auth/TC04_logout_user.robot' on line 2: Importing library 'playwright_keyword_library.PlaywrightKeywordLibrary' failed: ModuleNotFoundError: No module named 'playwright_keyword_library'
Traceback (most recent call last):
  None
PYTHONPATH:
  /opt/hostedtoolcache/Python/3.11.16/x64/bin
  /opt/hostedtoolcache/Python/3.11.16/x64/lib/python311.zip
  /opt/hostedtoolcache/Python/3.11.16/x64/lib/python3.11
  /opt/hostedtoolcache/Python/3.11.16/x64/lib/python3.11/lib-dynload
  /opt/hostedtoolcache/Python/3.11.16/x64/lib/python3.11/site-packages</msg>
<msg time="2026-09-06T04:57:22.519170" level="ERROR">Error in file '/home/runner/work/engg-robot-testing-framework/engg-robot-testing-framework/resources/auth_keywords.resource' on line 2: Importing library 'playwright_keyword_library.PlaywrightKeywordLibrary' failed: ModuleNotFoundError: No module named 'playwright_keyword_library'
Traceback (most recent call last):
  None
PYTHONPATH:
  /opt/hostedtoolcache/Python/3.11.16/x64/bin
  /opt/hostedtoolcache/Python/3.11.16/x64/lib/python311.zip
  /opt/hostedtoolcache/Python/3.11.16/x64/lib/python3.11
  /opt/hostedtoolcache/Python/3.11.16/x64/lib/python3.11/lib-dynload
  /opt/hostedtoolcache/Python/3.11.16/x64/lib/python3.11/site-packages</msg>
<msg time="2026-09-06T04:57:22.526578" level="ERROR">Error in file '/home/runner/work/engg-robot-testing-framework/engg-robot-testing-framework/resources/common.resource' on line 4: Importing library 'playwright_keyword_library.PlaywrightKeywordLibrary' failed: ModuleNotFoundError: No module named 'playwright_keyword_library'
Traceback (most recent call last):
  None
PYTHONPATH:
  /opt/hostedtoolcache/Python/3.11.16/x64/bin
  /opt/hostedtoolcache/Python/3.11.16/x64/lib/python311.zip
  /opt/hostedtoolcache/Python/3.11.16/x64/lib/python3.11
  /opt/hostedtoolcache/Python/3.11.16/x64/lib/python3.11/lib-dynload
  /opt/hostedtoolcache/Python/3.11.16/x64/lib/python3.11/site-packages</msg>
<msg time="2026-09-06T04:57:32.938745" level="ERROR">Error in file '/home/runner/work/engg-robot-testing-framework/engg-robot-testing-framework/tests/auth/TC05_register_existing_email.robot' on line 2: Importing library 'playwright_keyword_library.PlaywrightKeywordLibrary' failed: ModuleNotFoundError: No module named 'playwright_keyword_library'
Traceback (most recent call last):
  None
PYTHONPATH:
  /opt/hostedtoolcache/Python/3.11.16/x64/bin
  /opt/hostedtoolcache/Python/3.11.16/x64/lib/python311.zip
  /opt/hostedtoolcache/Python/3.11.16/x64/lib/python3.11
  /opt/hostedtoolcache/Python/3.11.16/x64/lib/python3.11/lib-dynload
  /opt/hostedtoolcache/Python/3.11.16/x64/lib/python3.11/site-packages</msg>
<msg time="2026-09-06T04:57:32.944447" level="ERROR">Error in file '/home/runner/work/engg-robot-testing-framework/engg-robot-testing-framework/resources/auth_keywords.resource' on line 2: Importing library 'playwright_keyword_library.PlaywrightKeywordLibrary' failed: ModuleNotFoundError: No module named 'playwright_keyword_library'
Traceback (most recent call last):
  None
PYTHONPATH:
  /opt/hostedtoolcache/Python/3.11.16/x64/bin
  /opt/hostedtoolcache/Python/3.11.16/x64/lib/python311.zip
  /opt/hostedtoolcache/Python/3.11.16/x64/lib/python3.11
  /opt/hostedtoolcache/Python/3.11.16/x64/lib/python3.11/lib-dynload
  /opt/hostedtoolcache/Python/3.11.16/x64/lib/python3.11/site-packages</msg>
<msg time="2026-09-06T04:57:32.951795" level="ERROR">Error in file '/home/runner/work/engg-robot-testing-framework/engg-robot-testing-framework/resources/common.resource' on line 4: Importing library 'playwright_keyword_library.PlaywrightKeywordLibrary' failed: ModuleNotFoundError: No module named 'playwright_keyword_library'
Traceback (most recent call last):
  None
PYTHONPATH:
  /opt/hostedtoolcache/Python/3.11.16/x64/bin
  /opt/hostedtoolcache/Python/3.11.16/x64/lib/python311.zip
  /opt/hostedtoolcache/Python/3.11.16/x64/lib/python3.11
  /opt/hostedtoolcache/Python/3.11.16/x64/lib/python3.11/lib-dynload
  /opt/hostedtoolcache/Python/3.11.16/x64/lib/python3.11/site-packages</msg>
<msg time="2026-09-06T04:57:32.947423" level="ERROR">Error in file '/home/runner/work/engg-robot-testing-framework/engg-robot-testing-framework/resources/common.resource' on line 4: Importing library 'playwright_keyword_library.PlaywrightKeywordLibrary' failed: ModuleNotFoundError: No module named 'playwright_keyword_library'
Traceback (most recent call last):
  None
PYTHONPATH:
  /opt/hostedtoolcache/Python/3.11.16/x64/bin
  /opt/hostedtoolcache/Python/3.11.16/x64/lib/python311.zip
  /opt/hostedtoolcache/Python/3.11.16/x64/lib/python3.11
  /opt/hostedtoolcache/Python/3.11.16/x64/lib/python3.11/lib-dynload
  /opt/hostedtoolcache/Python/3.11.16/x64/lib/python3.11/site-packages</msg>
<msg time="2026-09-06T04:57:32.957197" level="ERROR">Error in file '/home/runner/work/engg-robot-testing-framework/engg-robot-testing-framework/resources/product_keywords.resource' on line 2: Importing library 'playwright_keyword_library.PlaywrightKeywordLibrary' failed: ModuleNotFoundError: No module named 'playwright_keyword_library'
Traceback (most recent call last):
  None
PYTHONPATH:
  /opt/hostedtoolcache/Python/3.11.16/x64/bin
  /opt/hostedtoolcache/Python/3.11.16/x64/lib/python311.zip
  /opt/hostedtoolcache/Python/3.11.16/x64/lib/python3.11
  /opt/hostedtoolcache/Python/3.11.16/x64/lib/python3.11/lib-dynload
  /opt/hostedtoolcache/Python/3.11.16/x64/lib/python3.11/site-packages</msg>
<msg time="2026-09-06T04:57:32.962984" level="ERROR">Error in file '/home/runner/work/engg-robot-testing-framework/engg-robot-testing-framework/resources/cart_keywords.resource' on line 2: Importing library 'playwright_keyword_library.PlaywrightKeywordLibrary' failed: ModuleNotFoundError: No module named 'playwright_keyword_library'
Traceback (most recent call last):
  None
PYTHONPATH:
  /opt/hostedtoolcache/Python/3.11.16/x64/bin
  /opt/hostedtoolcache/Python/3.11.16/x64/lib/python311.zip
  /opt/hostedtoolcache/Python/3.11.16/x64/lib/python3.11
  /opt/hostedtoolcache/Python/3.11.16/x64/lib/python3.11/lib-dynload
  /opt/hostedtoolcache/Python/3.11.16/x64/lib/python3.11/site-packages</msg>
<msg time="2026-09-06T04:57:43.363301" level="ERROR">Error in file '/home/runner/work/engg-robot-testing-framework/engg-robot-testing-framework/resources/common.resource' on line 4: Importing library 'playwright_keyword_library.PlaywrightKeywordLibrary' failed: ModuleNotFoundError: No module named 'playwright_keyword_library'
Traceback (most recent call last):
  None
PYTHONPATH:
  /opt/hostedtoolcache/Python/3.11.16/x64/bin
  /opt/hostedtoolcache/Python/3.11.16/x64/lib/python311.zip
  /opt/hostedtoolcache/Python/3.11.16/x64/lib/python3.11
  /opt/hostedtoolcache/Python/3.11.16/x64/lib/python3.11/lib-dynload
  /opt/hostedtoolcache/Python/3.11.16/x64/lib/python3.11/site-packages</msg>
<msg time="2026-09-06T04:57:43.372852" level="ERROR">Error in file '/home/runner/work/engg-robot-testing-framework/engg-robot-testing-framework/resources/product_keywords.resource' on line 2: Importing library 'playwright_keyword_library.PlaywrightKeywordLibrary' failed: ModuleNotFoundError: No module named 'playwright_keyword_library'
Traceback (most recent call last):
  None
PYTHONPATH:
  /opt/hostedtoolcache/Python/3.11.16/x64/bin
  /opt/hostedtoolcache/Python/3.11.16/x64/lib/python311.zip
  /opt/hostedtoolcache/Python/3.11.16/x64/lib/python3.11
  /opt/hostedtoolcache/Python/3.11.16/x64/lib/python3.11/lib-dynload
  /opt/hostedtoolcache/Python/3.11.16/x64/lib/python3.11/site-packages</msg>
<msg time="2026-09-06T04:57:43.378595" level="ERROR">Error in file '/home/runner/work/engg-robot-testing-framework/engg-robot-testing-framework/resources/cart_keywords.resource' on line 2: Importing library 'playwright_keyword_library.PlaywrightKeywordLibrary' failed: ModuleNotFoundError: No module named 'playwright_keyword_library'
Traceback (most recent call last):
  None
PYTHONPATH:
  /opt/hostedtoolcache/Python/3.11.16/x64/bin
  /opt/hostedtoolcache/Python/3.11.16/x64/lib/python311.zip
  /opt/hostedtoolcache/Python/3.11.16/x64/lib/python3.11
  /opt/hostedtoolcache/Python/3.11.16/x64/lib/python3.11/lib-dynload
  /opt/hostedtoolcache/Python/3.11.16/x64/lib/python3.11/site-packages</msg>
<msg time="2026-09-06T04:57:43.364691" level="ERROR">Error in file '/home/runner/work/engg-robot-testing-framework/engg-robot-testing-framework/resources/common.resource' on line 4: Importing library 'playwright_keyword_library.PlaywrightKeywordLibrary' failed: ModuleNotFoundError: No module named 'playwright_keyword_library'
Traceback (most recent call last):
  None
PYTHONPATH:
  /opt/hostedtoolcache/Python/3.11.16/x64/bin
  /opt/hostedtoolcache/Python/3.11.16/x64/lib/python311.zip
  /opt/hostedtoolcache/Python/3.11.16/x64/lib/python3.11
  /opt/hostedtoolcache/Python/3.11.16/x64/lib/python3.11/lib-dynload
  /opt/hostedtoolcache/Python/3.11.16/x64/lib/python3.11/site-packages</msg>
<msg time="2026-09-06T04:57:43.374612" level="ERROR">Error in file '/home/runner/work/engg-robot-testing-framework/engg-robot-testing-framework/resources/product_keywords.resource' on line 2: Importing library 'playwright_keyword_library.PlaywrightKeywordLibrary' failed: ModuleNotFoundError: No module named 'playwright_keyword_library'
Traceback (most recent call last):
  None
PYTHONPATH:
  /opt/hostedtoolcache/Python/3.11.16/x64/bin
  /opt/hostedtoolcache/Python/3.11.16/x64/lib/python311.zip
  /opt/hostedtoolcache/Python/3.11.16/x64/lib/python3.11
  /opt/hostedtoolcache/Python/3.11.16/x64/lib/python3.11/lib-dynload
  /opt/hostedtoolcache/Python/3.11.16/x64/lib/python3.11/site-packages</msg>
<msg time="2026-09-06T04:57:43.380349" level="ERROR">Error in file '/home/runner/work/engg-robot-testing-framework/engg-robot-testing-framework/resources/cart_keywords.resource' on line 2: Importing library 'playwright_keyword_library.PlaywrightKeywordLibrary' failed: ModuleNotFoundError: No module named 'playwright_keyword_library'
Traceback (most recent call last):
  None
PYTHONPATH:
  /opt/hostedtoolcache/Python/3.11.16/x64/bin
  /opt/hostedtoolcache/Python/3.11.16/x64/lib/python311.zip
  /opt/hostedtoolcache/Python/3.11.16/x64/lib/python3.11
  /opt/hostedtoolcache/Python/3.11.16/x64/lib/python3.11/lib-dynload
  /opt/hostedtoolcache/Python/3.11.16/x64/lib/python3.11/site-packages</msg>
<msg time="2026-09-06T04:57:53.778917" level="ERROR">Error in file '/home/runner/work/engg-robot-testing-framework/engg-robot-testing-framework/tests/cart/TC20_search_and_verify_cart_after_login.robot' on line 3: Importing library 'playwright_keyword_library.PlaywrightKeywordLibrary' failed: ModuleNotFoundError: No module named 'playwright_keyword_library'
Traceback (most recent call last):
  None
PYTHONPATH:
  /opt/hostedtoolcache/Python/3.11.16/x64/bin
  /opt/hostedtoolcache/Python/3.11.16/x64/lib/python311.zip
  /opt/hostedtoolcache/Python/3.11.16/x64/lib/python3.11
  /opt/hostedtoolcache/Python/3.11.16/x64/lib/python3.11/lib-dynload
  /opt/hostedtoolcache/Python/3.11.16/x64/lib/python3.11/site-packages</msg>
<msg time="2026-09-06T04:57:53.784842" level="ERROR">Error in file '/home/runner/work/engg-robot-testing-framework/engg-robot-testing-framework/resources/common.resource' on line 4: Importing library 'playwright_keyword_library.PlaywrightKeywordLibrary' failed: ModuleNotFoundError: No module named 'playwright_keyword_library'
Traceback (most recent call last):
  None
PYTHONPATH:
  /opt/hostedtoolcache/Python/3.11.16/x64/bin
  /opt/hostedtoolcache/Python/3.11.16/x64/lib/python311.zip
  /opt/hostedtoolcache/Python/3.11.16/x64/lib/python3.11
  /opt/hostedtoolcache/Python/3.11.16/x64/lib/python3.11/lib-dynload
  /opt/hostedtoolcache/Python/3.11.16/x64/lib/python3.11/site-packages</msg>
<msg time="2026-09-06T04:57:53.794111" level="ERROR">Error in file '/home/runner/work/engg-robot-testing-framework/engg-robot-testing-framework/resources/product_keywords.resource' on line 2: Importing library 'playwright_keyword_library.PlaywrightKeywordLibrary' failed: ModuleNotFoundError: No module named 'playwright_keyword_library'
Traceback (most recent call last):
  None
PYTHONPATH:
  /opt/hostedtoolcache/Python/3.11.16/x64/bin
  /opt/hostedtoolcache/Python/3.11.16/x64/lib/python311.zip
  /opt/hostedtoolcache/Python/3.11.16/x64/lib/python3.11
  /opt/hostedtoolcache/Python/3.11.16/x64/lib/python3.11/lib-dynload
  /opt/hostedtoolcache/Python/3.11.16/x64/lib/python3.11/site-packages</msg>
<msg time="2026-09-06T04:57:53.799811" level="ERROR">Error in file '/home/runner/work/engg-robot-testing-framework/engg-robot-testing-framework/resources/cart_keywords.resource' on line 2: Importing library 'playwright_keyword_library.PlaywrightKeywordLibrary' failed: ModuleNotFoundError: No module named 'playwright_keyword_library'
Traceback (most recent call last):
  None
PYTHONPATH:
  /opt/hostedtoolcache/Python/3.11.16/x64/bin
  /opt/hostedtoolcache/Python/3.11.16/x64/lib/python311.zip
  /opt/hostedtoolcache/Python/3.11.16/x64/lib/python3.11
  /opt/hostedtoolcache/Python/3.11.16/x64/lib/python3.11/lib-dynload
  /opt/hostedtoolcache/Python/3.11.16/x64/lib/python3.11/site-packages</msg>
<msg time="2026-09-06T04:57:53.813090" level="ERROR">Error in file '/home/runner/work/engg-robot-testing-framework/engg-robot-testing-framework/resources/auth_keywords.resource' on line 2: Importing library 'playwright_keyword_library.PlaywrightKeywordLibrary' failed: ModuleNotFoundError: No module named 'playwright_keyword_library'
Traceback (most recent call last):
  None
PYTHONPATH:
  /opt/hostedtoolcache/Python/3.11.16/x64/bin
  /opt/hostedtoolcache/Python/3.11.16/x64/lib/python311.zip
  /opt/hostedtoolcache/Python/3.11.16/x64/lib/python3.11
  /opt/hostedtoolcache/Python/3.11.16/x64/lib/python3.11/lib-dynload
  /opt/hostedtoolcache/Python/3.11.16/x64/lib/python3.11/site-packages</msg>
<msg time="2026-09-06T04:57:53.784357" level="ERROR">Error in file '/home/runner/work/engg-robot-testing-framework/engg-robot-testing-framework/resources/common.resource' on line 4: Importing library 'playwright_keyword_library.PlaywrightKeywordLibrary' failed: ModuleNotFoundError: No module named 'playwright_keyword_library'
Traceback (most recent call last):
  None
PYTHONPATH:
  /opt/hostedtoolcache/Python/3.11.16/x64/bin
  /opt/hostedtoolcache/Python/3.11.16/x64/lib/python311.zip
  /opt/hostedtoolcache/Python/3.11.16/x64/lib/python3.11
  /opt/hostedtoolcache/Python/3.11.16/x64/lib/python3.11/lib-dynload
  /opt/hostedtoolcache/Python/3.11.16/x64/lib/python3.11/site-packages</msg>
<msg time="2026-09-06T04:57:53.792553" level="ERROR">Error in file '/home/runner/work/engg-robot-testing-framework/engg-robot-testing-framework/resources/cart_keywords.resource' on line 2: Importing library 'playwright_keyword_library.PlaywrightKeywordLibrary' failed: ModuleNotFoundError: No module named 'playwright_keyword_library'
Traceback (most recent call last):
  None
PYTHONPATH:
  /opt/hostedtoolcache/Python/3.11.16/x64/bin
  /opt/hostedtoolcache/Python/3.11.16/x64/lib/python311.zip
  /opt/hostedtoolcache/Python/3.11.16/x64/lib/python3.11
  /opt/hostedtoolcache/Python/3.11.16/x64/lib/python3.11/lib-dynload
  /opt/hostedtoolcache/Python/3.11.16/x64/lib/python3.11/site-packages</msg>
</errors>
</robot>
