<?xml version="1.0" encoding="UTF-8"?>
<robot generator="Robot 7.2.2 (Python 3.11.15 on linux)" generated="2026-06-12T05:14:16.294632" rpa="false" schemaversion="5">
<suite id="s1" name="Suites">
<suite id="s1-s1" name="Cart" source="/home/runner/work/engg-robot-testing-framework/engg-robot-testing-framework/tests/cart">
<suite id="s1-s1-s1" name="TC12 add products to cart" source="/home/runner/work/engg-robot-testing-framework/engg-robot-testing-framework/tests/cart/TC12_add_products_to_cart.robot">
<test id="s1-s1-s1-t1" name="TC12 Add Products In Cart" line="14">
<kw name="Open Browser To Home Page" owner="common" type="SETUP">
<kw name="Evaluate" owner="BuiltIn">
<msg time="2026-06-12T05:14:16.442225" level="INFO">${is_headless} = True</msg>
<var>${is_headless}</var>
<arg>str(${HEADLESS}).strip().lower() in ["true", "1", "yes", "on"]</arg>
<doc>Evaluates the given expression in Python and returns the result.</doc>
<status status="PASS" start="2026-06-12T05:14:16.441965" elapsed="0.000296"/>
</kw>
<kw name="Log" owner="BuiltIn">
<msg time="2026-06-12T05:14:16.442547" level="INFO">Starting browser (Headless: True) to: https://www.automationexercise.com</msg>
<arg>Starting browser (Headless: ${is_headless}) to: ${BASE_URL}</arg>
<doc>Logs the given message with the given level.</doc>
<status status="PASS" start="2026-06-12T05:14:16.442406" elapsed="0.000180"/>
</kw>
<kw name="Evaluate" owner="BuiltIn">
<msg time="2026-06-12T05:14:16.442896" level="INFO">${chrome_options} = &lt;selenium.webdriver.chrome.options.Options object at 0x7f5d65f0f8d0&gt;</msg>
<var>${chrome_options}</var>
<arg>selenium.webdriver.ChromeOptions()</arg>
<arg>modules=selenium.webdriver</arg>
<doc>Evaluates the given expression in Python and returns the result.</doc>
<status status="PASS" start="2026-06-12T05:14:16.442689" elapsed="0.000234"/>
</kw>
<if>
<branch type="IF" condition="${is_headless}">
<kw name="Evaluate" owner="BuiltIn">
<arg>$chrome_options.add_argument("--headless=new")</arg>
<doc>Evaluates the given expression in Python and returns the result.</doc>
<status status="PASS" start="2026-06-12T05:14:16.443137" elapsed="0.002702"/>
</kw>
<status status="PASS" start="2026-06-12T05:14:16.443012" elapsed="0.002884"/>
</branch>
<status status="PASS" start="2026-06-12T05:14:16.442987" elapsed="0.002949"/>
</if>
<kw name="Evaluate" owner="BuiltIn">
<arg>$chrome_options.add_argument("--no-sandbox")</arg>
<doc>Evaluates the given expression in Python and returns the result.</doc>
<status status="PASS" start="2026-06-12T05:14:16.446032" elapsed="0.000195"/>
</kw>
<kw name="Evaluate" owner="BuiltIn">
<arg>$chrome_options.add_argument("--disable-dev-shm-usage")</arg>
<doc>Evaluates the given expression in Python and returns the result.</doc>
<status status="PASS" start="2026-06-12T05:14:16.446330" elapsed="0.000179"/>
</kw>
<kw name="Evaluate" owner="BuiltIn">
<arg>$chrome_options.add_argument("--disable-gpu")</arg>
<doc>Evaluates the given expression in Python and returns the result.</doc>
<status status="PASS" start="2026-06-12T05:14:16.446624" elapsed="0.000150"/>
</kw>
<kw name="Evaluate" owner="BuiltIn">
<arg>$chrome_options.add_argument("--window-size=1920,1080")</arg>
<doc>Evaluates the given expression in Python and returns the result.</doc>
<status status="PASS" start="2026-06-12T05:14:16.446869" elapsed="0.000154"/>
</kw>
<kw name="Evaluate" owner="BuiltIn">
<arg>$chrome_options.add_argument("--remote-debugging-pipe")</arg>
<doc>Evaluates the given expression in Python and returns the result.</doc>
<status status="PASS" start="2026-06-12T05:14:16.447111" elapsed="0.000136"/>
</kw>
<kw name="Evaluate" owner="BuiltIn">
<arg>$chrome_options.add_argument("--disable-extensions")</arg>
<doc>Evaluates the given expression in Python and returns the result.</doc>
<status status="PASS" start="2026-06-12T05:14:16.447328" elapsed="0.000149"/>
</kw>
<kw name="Evaluate" owner="BuiltIn">
<arg>$chrome_options.add_argument("--incognito")</arg>
<doc>Evaluates the given expression in Python and returns the result.</doc>
<status status="PASS" start="2026-06-12T05:14:16.447562" elapsed="0.000136"/>
</kw>
<kw name="Create Webdriver" owner="SeleniumLibrary">
<msg time="2026-06-12T05:14:16.447934" level="INFO">Creating an instance of the Chrome WebDriver.</msg>
<arg>Chrome</arg>
<arg>options=${chrome_options}</arg>
<doc>Creates an instance of Selenium WebDriver.</doc>
<status status="PASS" start="2026-06-12T05:14:16.447789" elapsed="0.274415"/>
</kw>
<kw name="Set Screenshot Directory" owner="SeleniumLibrary">
<arg>${SCREENSHOT_DIR}</arg>
<doc>Sets the directory for captured screenshots.</doc>
<status status="PASS" start="2026-06-12T05:14:16.722535" elapsed="0.000329"/>
</kw>
<kw name="Register Keyword To Run On Failure" owner="SeleniumLibrary">
<msg time="2026-06-12T05:14:16.723123" level="INFO">Capture Failure Screenshot will be run on failure.</msg>
<arg>Capture Failure Screenshot</arg>
<doc>Sets the keyword to execute, when a SeleniumLibrary keyword fails.</doc>
<status status="PASS" start="2026-06-12T05:14:16.723001" elapsed="0.000174"/>
</kw>
<kw name="Go To" owner="SeleniumLibrary">
<msg time="2026-06-12T05:14:16.723424" level="INFO">Opening url 'https://www.automationexercise.com'</msg>
<arg>${BASE_URL}</arg>
<doc>Navigates the current browser window to the provided ``url``.</doc>
<status status="PASS" start="2026-06-12T05:14:16.723283" elapsed="0.310529"/>
</kw>
<kw name="Set Selenium Implicit Wait" owner="SeleniumLibrary">
<arg>${TIMEOUT}</arg>
<doc>Sets the implicit wait value used by Selenium.</doc>
<status status="PASS" start="2026-06-12T05:14:17.034050" elapsed="0.001052"/>
</kw>
<kw name="Title Should Be" owner="SeleniumLibrary">
<kw name="Capture Failure Screenshot" owner="common">
<kw name="Evaluate" owner="BuiltIn">
<msg time="2026-06-12T05:14:17.039739" level="INFO">${safe_test_name} = TC12_Add_Products_In_Cart</msg>
<var>${safe_test_name}</var>
<arg>__import__("re").sub(r"[^A-Za-z0-9._-]+", "_", """${TEST NAME}""").strip("_")</arg>
<doc>Evaluates the given expression in Python and returns the result.</doc>
<status status="PASS" start="2026-06-12T05:14:17.039325" elapsed="0.000457"/>
</kw>
<kw name="Evaluate" owner="BuiltIn">
<msg time="2026-06-12T05:14:17.040153" level="INFO">${safe_suite_name} = Suites.Cart.TC12_add_products_to_cart</msg>
<var>${safe_suite_name}</var>
<arg>__import__("re").sub(r"[^A-Za-z0-9._-]+", "_", """${SUITE NAME}""").strip("_")</arg>
<doc>Evaluates the given expression in Python and returns the result.</doc>
<status status="PASS" start="2026-06-12T05:14:17.039930" elapsed="0.000248"/>
</kw>
<kw name="Evaluate" owner="BuiltIn">
<msg time="2026-06-12T05:14:17.040455" level="INFO">${ts} = 1781241257040</msg>
<var>${ts}</var>
<arg>str(int(__import__("time").time()*1000))</arg>
<doc>Evaluates the given expression in Python and returns the result.</doc>
<status status="PASS" start="2026-06-12T05:14:17.040271" elapsed="0.000208"/>
</kw>
<kw name="Capture Page Screenshot" owner="SeleniumLibrary">
<msg time="2026-06-12T05:14:17.123162" level="INFO" html="true">&lt;/td&gt;&lt;/tr&gt;&lt;tr&gt;&lt;td colspan="3"&gt;&lt;a href="../../screenshots/Suites.Cart.TC12_add_products_to_cart__TC12_Add_Products_In_Cart__1781241257040.png"&gt;&lt;img src="../../screenshots/Suites.Cart.TC12_add_products_to_cart__TC12_Add_Products_In_Cart__1781241257040.png" width="800px"&gt;&lt;/a&gt;</msg>
<arg>${safe_suite_name}__${safe_test_name}__${ts}.png</arg>
<doc>Takes a screenshot of the current page and embeds it into a log file.</doc>
<status status="PASS" start="2026-06-12T05:14:17.040586" elapsed="0.082693"/>
</kw>
<doc>Capture screenshot with failed test case name for easier traceability in reports.</doc>
<status status="PASS" start="2026-06-12T05:14:17.038956" elapsed="0.084479"/>
</kw>
<msg time="2026-06-12T05:14:17.123577" level="FAIL">Title should have been 'Automation Exercise' but was 'One moment, please...'.</msg>
<arg>Automation Exercise</arg>
<doc>Verifies that the current page title equals ``title``.</doc>
<status status="FAIL" start="2026-06-12T05:14:17.035224" elapsed="0.089148">Title should have been 'Automation Exercise' but was 'One moment, please...'.</status>
</kw>
<status status="FAIL" start="2026-06-12T05:14:16.441234" elapsed="0.683348">Title should have been 'Automation Exercise' but was 'One moment, please...'.</status>
</kw>
<kw name="Run Keywords" owner="BuiltIn" type="TEARDOWN">
<kw name="Cleanup Test User" owner="common">
<kw name="Run Keyword And Return Status" owner="BuiltIn">
<kw name="Page Should Contain Element" owner="SeleniumLibrary">
<kw name="Capture Failure Screenshot" owner="common">
<kw name="Evaluate" owner="BuiltIn">
<msg time="2026-06-12T05:14:27.198723" level="INFO">${safe_test_name} = TC12_Add_Products_In_Cart</msg>
<var>${safe_test_name}</var>
<arg>__import__("re").sub(r"[^A-Za-z0-9._-]+", "_", """${TEST NAME}""").strip("_")</arg>
<doc>Evaluates the given expression in Python and returns the result.</doc>
<status status="PASS" start="2026-06-12T05:14:27.198373" elapsed="0.000389"/>
</kw>
<kw name="Evaluate" owner="BuiltIn">
<msg time="2026-06-12T05:14:27.199403" level="INFO">${safe_suite_name} = Suites.Cart.TC12_add_products_to_cart</msg>
<var>${safe_suite_name}</var>
<arg>__import__("re").sub(r"[^A-Za-z0-9._-]+", "_", """${SUITE NAME}""").strip("_")</arg>
<doc>Evaluates the given expression in Python and returns the result.</doc>
<status status="PASS" start="2026-06-12T05:14:27.198986" elapsed="0.000471"/>
</kw>
<kw name="Evaluate" owner="BuiltIn">
<msg time="2026-06-12T05:14:27.199900" level="INFO">${ts} = 1781241267199</msg>
<var>${ts}</var>
<arg>str(int(__import__("time").time()*1000))</arg>
<doc>Evaluates the given expression in Python and returns the result.</doc>
<status status="PASS" start="2026-06-12T05:14:27.199621" elapsed="0.000317"/>
</kw>
<kw name="Capture Page Screenshot" owner="SeleniumLibrary">
<msg time="2026-06-12T05:14:27.275324" level="INFO" html="true">&lt;/td&gt;&lt;/tr&gt;&lt;tr&gt;&lt;td colspan="3"&gt;&lt;a href="../../screenshots/Suites.Cart.TC12_add_products_to_cart__TC12_Add_Products_In_Cart__1781241267199.png"&gt;&lt;img src="../../screenshots/Suites.Cart.TC12_add_products_to_cart__TC12_Add_Products_In_Cart__1781241267199.png" width="800px"&gt;&lt;/a&gt;</msg>
<arg>${safe_suite_name}__${safe_test_name}__${ts}.png</arg>
<doc>Takes a screenshot of the current page and embeds it into a log file.</doc>
<status status="PASS" start="2026-06-12T05:14:27.200129" elapsed="0.075351"/>
</kw>
<doc>Capture screenshot with failed test case name for easier traceability in reports.</doc>
<status status="PASS" start="2026-06-12T05:14:27.197932" elapsed="0.077663"/>
</kw>
<msg time="2026-06-12T05:14:27.275722" level="FAIL">Page should have contained element 'xpath=//a[contains(text(),'Delete Account')]' but did not.</msg>
<arg>${NAV_DELETE_ACCOUNT_LINK}</arg>
<doc>Verifies that element ``locator`` is found on the current page.</doc>
<status status="FAIL" start="2026-06-12T05:14:17.125634" elapsed="10.150725">Page should have contained element 'xpath=//a[contains(text(),'Delete Account')]' but did not.</status>
</kw>
<msg time="2026-06-12T05:14:27.276485" level="INFO">${status} = False</msg>
<var>${status}</var>
<arg>Page Should Contain Element</arg>
<arg>${NAV_DELETE_ACCOUNT_LINK}</arg>
<doc>Runs the given keyword with given arguments and returns the status as a Boolean value.</doc>
<status status="PASS" start="2026-06-12T05:14:17.125499" elapsed="10.151008"/>
</kw>
<if>
<branch type="IF" condition="${status}">
<kw name="Run Keyword And Return Status" owner="BuiltIn">
<var>${clicked}</var>
<arg>Click Element</arg>
<arg>${NAV_DELETE_ACCOUNT_LINK}</arg>
<doc>Runs the given keyword with given arguments and returns the status as a Boolean value.</doc>
<status status="NOT RUN" start="2026-06-12T05:14:27.276811" elapsed="0.000025"/>
</kw>
<if>
<branch type="IF" condition="not ${clicked}">
<kw name="Log" owner="BuiltIn">
<arg>Native click failed on Delete Account; trying JS click fallback.</arg>
<arg>level=WARN</arg>
<doc>Logs the given message with the given level.</doc>
<status status="NOT RUN" start="2026-06-12T05:14:27.277168" elapsed="0.000021"/>
</kw>
<kw name="Execute Javascript" owner="SeleniumLibrary">
<arg>document.querySelector("a[href='/delete_account']").click()</arg>
<doc>Executes the given JavaScript code with possible arguments.</doc>
<status status="NOT RUN" start="2026-06-12T05:14:27.277281" elapsed="0.000019"/>
</kw>
<status status="NOT RUN" start="2026-06-12T05:14:27.276896" elapsed="0.000431"/>
</branch>
<status status="NOT RUN" start="2026-06-12T05:14:27.276882" elapsed="0.000479"/>
</if>
<kw name="Run Keyword And Return Status" owner="BuiltIn">
<var>${deleted}</var>
<arg>Wait Until Page Contains</arg>
<arg>Account Deleted</arg>
<arg>timeout=45s</arg>
<doc>Runs the given keyword with given arguments and returns the status as a Boolean value.</doc>
<status status="NOT RUN" start="2026-06-12T05:14:27.277463" elapsed="0.000020"/>
</kw>
<if>
<branch type="IF" condition="not ${deleted}">
<kw name="Log" owner="BuiltIn">
<arg>Account deletion confirmation not visible; continuing without failing teardown.</arg>
<arg>level=WARN</arg>
<doc>Logs the given message with the given level.</doc>
<status status="NOT RUN" start="2026-06-12T05:14:27.277612" elapsed="0.000017"/>
</kw>
<status status="NOT RUN" start="2026-06-12T05:14:27.277539" elapsed="0.000117"/>
</branch>
<status status="NOT RUN" start="2026-06-12T05:14:27.277526" elapsed="0.000156"/>
</if>
<status status="NOT RUN" start="2026-06-12T05:14:27.276612" elapsed="0.001086"/>
</branch>
<branch type="ELSE">
<kw name="Log" owner="BuiltIn">
<arg>Delete Account link not found, skipping cleanup.</arg>
<arg>level=DEBUG</arg>
<doc>Logs the given message with the given level.</doc>
<status status="PASS" start="2026-06-12T05:14:27.277799" elapsed="0.000170"/>
</kw>
<status status="PASS" start="2026-06-12T05:14:27.277723" elapsed="0.000278"/>
</branch>
<status status="PASS" start="2026-06-12T05:14:27.276578" elapsed="0.001447"/>
</if>
<doc>Deletes the current account if logged in.</doc>
<status status="PASS" start="2026-06-12T05:14:17.125224" elapsed="10.152839"/>
</kw>
<kw name="Close Test Browser" owner="common">
<kw name="Register Keyword To Run On Failure" owner="SeleniumLibrary">
<msg time="2026-06-12T05:14:27.278604" level="INFO">No keyword will be run on failure.</msg>
<arg>NONE</arg>
<doc>Sets the keyword to execute, when a SeleniumLibrary keyword fails.</doc>
<status status="PASS" start="2026-06-12T05:14:27.278486" elapsed="0.000154"/>
</kw>
<kw name="Close Browser" owner="SeleniumLibrary">
<doc>Closes the current browser.</doc>
<status status="PASS" start="2026-06-12T05:14:27.278725" elapsed="0.064876"/>
</kw>
<status status="PASS" start="2026-06-12T05:14:27.278235" elapsed="0.065554"/>
</kw>
<arg>Cleanup Test User</arg>
<arg>AND</arg>
<arg>Close Test Browser</arg>
<doc>Executes all the given keywords in a sequence.</doc>
<status status="PASS" start="2026-06-12T05:14:17.124868" elapsed="10.219022"/>
</kw>
<status status="FAIL" start="2026-06-12T05:14:16.440424" elapsed="10.903567">Setup failed:
Title should have been 'Automation Exercise' but was 'One moment, please...'.</status>
</test>
<doc>TC12 - Add Products In Cart</doc>
<status status="FAIL" start="2026-06-12T05:14:16.315961" elapsed="11.028689"/>
</suite>
<status status="FAIL" start="2026-06-12T05:14:16.315175" elapsed="11.030304"/>
</suite>
<status status="FAIL" start="2026-06-12T05:14:16.295351" elapsed="11.050867"/>
</suite>
<statistics>
<total>
<stat pass="0" fail="1" skip="0">All Tests</stat>
</total>
<tag>
</tag>
<suite>
<stat name="Suites" id="s1" pass="0" fail="1" skip="0">Suites</stat>
<stat name="Cart" id="s1-s1" pass="0" fail="1" skip="0">Suites.Cart</stat>
<stat name="TC12 add products to cart" id="s1-s1-s1" pass="0" fail="1" skip="0">Suites.Cart.TC12 add products to cart</stat>
</suite>
</statistics>
<errors>
</errors>
</robot>
