<?xml version="1.0" encoding="UTF-8"?>
<robot generator="Robot 7.2.2 (Python 3.11.15 on linux)" generated="2026-05-14T04:28:29.616795" rpa="false" schemaversion="5">
<suite id="s1" name="Suites">
<suite id="s1-s1" name="Auth" source="/home/runner/work/engg-robot-testing-framework/engg-robot-testing-framework/tests/auth">
<suite id="s1-s1-s1" name="TC02 login valid" source="/home/runner/work/engg-robot-testing-framework/engg-robot-testing-framework/tests/auth/TC02_login_valid.robot">
<test id="s1-s1-s1-t1" name="TC02 Login User With Correct Email And Password" line="11">
<kw name="Open Browser To Home Page" owner="common" type="SETUP">
<kw name="Evaluate" owner="BuiltIn">
<msg time="2026-05-14T04:28:29.819090" level="INFO">${is_headless} = True</msg>
<var>${is_headless}</var>
<arg>str(${HEADLESS}).strip().lower() in ["true", "1", "yes", "on"]</arg>
<doc>Evaluates the given expression in Python and returns the result.</doc>
<status status="PASS" start="2026-05-14T04:28:29.818856" elapsed="0.000265"/>
</kw>
<kw name="Log" owner="BuiltIn">
<msg time="2026-05-14T04:28:29.819352" level="INFO">Starting browser (Headless: True) to: https://www.automationexercise.com</msg>
<arg>Starting browser (Headless: ${is_headless}) to: ${BASE_URL}</arg>
<doc>Logs the given message with the given level.</doc>
<status status="PASS" start="2026-05-14T04:28:29.819234" elapsed="0.000156"/>
</kw>
<kw name="Evaluate" owner="BuiltIn">
<msg time="2026-05-14T04:28:29.819652" level="INFO">${chrome_options} = &lt;selenium.webdriver.chrome.options.Options object at 0x7fde37c7cb50&gt;</msg>
<var>${chrome_options}</var>
<arg>selenium.webdriver.ChromeOptions()</arg>
<arg>modules=selenium.webdriver</arg>
<doc>Evaluates the given expression in Python and returns the result.</doc>
<status status="PASS" start="2026-05-14T04:28:29.819473" elapsed="0.000202"/>
</kw>
<if>
<branch type="IF" condition="${is_headless}">
<kw name="Evaluate" owner="BuiltIn">
<arg>$chrome_options.add_argument("--headless=new")</arg>
<doc>Evaluates the given expression in Python and returns the result.</doc>
<status status="PASS" start="2026-05-14T04:28:29.819892" elapsed="0.001751"/>
</kw>
<status status="PASS" start="2026-05-14T04:28:29.819784" elapsed="0.001917"/>
</branch>
<status status="PASS" start="2026-05-14T04:28:29.819761" elapsed="0.001975"/>
</if>
<kw name="Evaluate" owner="BuiltIn">
<arg>$chrome_options.add_argument("--no-sandbox")</arg>
<doc>Evaluates the given expression in Python and returns the result.</doc>
<status status="PASS" start="2026-05-14T04:28:29.821813" elapsed="0.000158"/>
</kw>
<kw name="Evaluate" owner="BuiltIn">
<arg>$chrome_options.add_argument("--disable-dev-shm-usage")</arg>
<doc>Evaluates the given expression in Python and returns the result.</doc>
<status status="PASS" start="2026-05-14T04:28:29.822071" elapsed="0.000129"/>
</kw>
<kw name="Evaluate" owner="BuiltIn">
<arg>$chrome_options.add_argument("--disable-gpu")</arg>
<doc>Evaluates the given expression in Python and returns the result.</doc>
<status status="PASS" start="2026-05-14T04:28:29.822285" elapsed="0.000122"/>
</kw>
<kw name="Evaluate" owner="BuiltIn">
<arg>$chrome_options.add_argument("--window-size=1920,1080")</arg>
<doc>Evaluates the given expression in Python and returns the result.</doc>
<status status="PASS" start="2026-05-14T04:28:29.822480" elapsed="0.000127"/>
</kw>
<kw name="Evaluate" owner="BuiltIn">
<arg>$chrome_options.add_argument("--remote-debugging-pipe")</arg>
<doc>Evaluates the given expression in Python and returns the result.</doc>
<status status="PASS" start="2026-05-14T04:28:29.822677" elapsed="0.000148"/>
</kw>
<kw name="Evaluate" owner="BuiltIn">
<arg>$chrome_options.add_argument("--disable-extensions")</arg>
<doc>Evaluates the given expression in Python and returns the result.</doc>
<status status="PASS" start="2026-05-14T04:28:29.822892" elapsed="0.000108"/>
</kw>
<kw name="Evaluate" owner="BuiltIn">
<arg>$chrome_options.add_argument("--incognito")</arg>
<doc>Evaluates the given expression in Python and returns the result.</doc>
<status status="PASS" start="2026-05-14T04:28:29.823062" elapsed="0.000111"/>
</kw>
<kw name="Create Webdriver" owner="SeleniumLibrary">
<msg time="2026-05-14T04:28:29.823368" level="INFO">Creating an instance of the Chrome WebDriver.</msg>
<arg>Chrome</arg>
<arg>options=${chrome_options}</arg>
<doc>Creates an instance of Selenium WebDriver.</doc>
<status status="PASS" start="2026-05-14T04:28:29.823242" elapsed="10.829791"/>
</kw>
<kw name="Set Screenshot Directory" owner="SeleniumLibrary">
<arg>${SCREENSHOT_DIR}</arg>
<doc>Sets the directory for captured screenshots.</doc>
<status status="PASS" start="2026-05-14T04:28:40.653302" elapsed="0.000356"/>
</kw>
<kw name="Register Keyword To Run On Failure" owner="SeleniumLibrary">
<msg time="2026-05-14T04:28:40.654051" level="INFO">Capture Failure Screenshot will be run on failure.</msg>
<arg>Capture Failure Screenshot</arg>
<doc>Sets the keyword to execute, when a SeleniumLibrary keyword fails.</doc>
<status status="PASS" start="2026-05-14T04:28:40.653855" elapsed="0.000256"/>
</kw>
<kw name="Go To" owner="SeleniumLibrary">
<msg time="2026-05-14T04:28:40.654419" level="INFO">Opening url 'https://www.automationexercise.com'</msg>
<arg>${BASE_URL}</arg>
<doc>Navigates the current browser window to the provided ``url``.</doc>
<status status="PASS" start="2026-05-14T04:28:40.654258" elapsed="0.747264"/>
</kw>
<kw name="Set Selenium Implicit Wait" owner="SeleniumLibrary">
<arg>${TIMEOUT}</arg>
<doc>Sets the implicit wait value used by Selenium.</doc>
<status status="PASS" start="2026-05-14T04:28:41.401820" elapsed="0.001597"/>
</kw>
<kw name="Title Should Be" owner="SeleniumLibrary">
<msg time="2026-05-14T04:28:41.495933" level="INFO">Page title is 'Automation Exercise'.</msg>
<arg>Automation Exercise</arg>
<doc>Verifies that the current page title equals ``title``.</doc>
<status status="PASS" start="2026-05-14T04:28:41.403623" elapsed="0.092466"/>
</kw>
<status status="PASS" start="2026-05-14T04:28:29.818245" elapsed="11.677993"/>
</kw>
<kw name="Generate Unique Email With Prefix" owner="common">
<kw name="Evaluate" owner="BuiltIn">
<msg time="2026-05-14T04:28:41.497251" level="INFO">${timestamp} = 1778732921</msg>
<var>${timestamp}</var>
<arg>str(int(__import__('time').time()))</arg>
<doc>Evaluates the given expression in Python and returns the result.</doc>
<status status="PASS" start="2026-05-14T04:28:41.496986" elapsed="0.000302"/>
</kw>
<kw name="Set Variable" owner="BuiltIn">
<msg time="2026-05-14T04:28:41.497606" level="INFO">${email} = tc02_login_1778732921@testmail.com</msg>
<var>${email}</var>
<arg>${prefix}_${timestamp}@testmail.com</arg>
<doc>Returns the given values which can then be assigned to a variables.</doc>
<status status="PASS" start="2026-05-14T04:28:41.497410" elapsed="0.000223"/>
</kw>
<return>
<value>${email}</value>
<status status="PASS" start="2026-05-14T04:28:41.497720" elapsed="0.000078"/>
</return>
<msg time="2026-05-14T04:28:41.497935" level="INFO">${unique_email} = tc02_login_1778732921@testmail.com</msg>
<var>${unique_email}</var>
<arg>tc02_login</arg>
<status status="PASS" start="2026-05-14T04:28:41.496560" elapsed="0.001398"/>
</kw>
<kw name="Navigate To Login Page" owner="auth_keywords">
<kw name="Click Element" owner="SeleniumLibrary">
<msg time="2026-05-14T04:28:41.499027" level="INFO">Clicking element 'xpath=//a[contains(text(),'Signup / Login')]'.</msg>
<arg>${NAV_SIGNUP_LOGIN_LINK}</arg>
<doc>Click the element identified by ``locator``.</doc>
<status status="PASS" start="2026-05-14T04:28:41.498340" elapsed="0.477529"/>
</kw>
<kw name="Wait Until Page Contains Element" owner="SeleniumLibrary">
<arg>${LOGIN_HEADING}</arg>
<arg>timeout=10s</arg>
<doc>Waits until the element ``locator`` appears on the current page.</doc>
<status status="PASS" start="2026-05-14T04:28:41.976147" elapsed="0.011404"/>
</kw>
<status status="PASS" start="2026-05-14T04:28:41.498101" elapsed="0.489578"/>
</kw>
<kw name="Enter Signup Name And Email" owner="auth_keywords">
<kw name="Input Text" owner="SeleniumLibrary">
<msg time="2026-05-14T04:28:41.988498" level="INFO">Typing text 'RobotTestUser' into text field 'css=input[data-qa='signup-name']'.</msg>
<arg>${SIGNUP_NAME_INPUT}</arg>
<arg>${name}</arg>
<doc>Types the given ``text`` into the text field identified by ``locator``.</doc>
<status status="PASS" start="2026-05-14T04:28:41.988300" elapsed="0.213470"/>
</kw>
<kw name="Input Text" owner="SeleniumLibrary">
<msg time="2026-05-14T04:28:42.202275" level="INFO">Typing text 'tc02_login_1778732921@testmail.com' into text field 'css=input[data-qa='signup-email']'.</msg>
<arg>${SIGNUP_EMAIL_INPUT}</arg>
<arg>${email}</arg>
<doc>Types the given ``text`` into the text field identified by ``locator``.</doc>
<status status="PASS" start="2026-05-14T04:28:42.202012" elapsed="0.091809"/>
</kw>
<kw name="Click Button" owner="SeleniumLibrary">
<msg time="2026-05-14T04:28:42.294354" level="INFO">Clicking button 'css=button[data-qa='signup-button']'.</msg>
<arg>${SIGNUP_BUTTON}</arg>
<doc>Clicks the button identified by ``locator``.</doc>
<status status="PASS" start="2026-05-14T04:28:42.294070" elapsed="0.554138"/>
</kw>
<kw name="Sleep" owner="BuiltIn">
<msg time="2026-05-14T04:28:45.848920" level="INFO">Slept 3 seconds.</msg>
<arg>3s</arg>
<doc>Pauses the test executed for the given time.</doc>
<status status="PASS" start="2026-05-14T04:28:42.848497" elapsed="3.000546"/>
</kw>
<arg>${SIGNUP_NAME}</arg>
<arg>${unique_email}</arg>
<status status="PASS" start="2026-05-14T04:28:41.987925" elapsed="3.861228"/>
</kw>
<kw name="Verify Enter Account Information Visible" owner="auth_keywords">
<kw name="Wait Until Page Contains" owner="SeleniumLibrary">
<arg>Enter Account Information</arg>
<arg>timeout=10s</arg>
<doc>Waits until ``text`` appears on the current page.</doc>
<status status="PASS" start="2026-05-14T04:28:45.849613" elapsed="0.084160"/>
</kw>
<status status="PASS" start="2026-05-14T04:28:45.849357" elapsed="0.084538"/>
</kw>
<kw name="Fill Account Information" owner="auth_keywords">
<kw name="Click Element" owner="SeleniumLibrary">
<msg time="2026-05-14T04:28:45.934560" level="INFO">Clicking element 'id=id_gender1'.</msg>
<arg>${REG_TITLE_MR_RADIO}</arg>
<doc>Click the element identified by ``locator``.</doc>
<status status="PASS" start="2026-05-14T04:28:45.934407" elapsed="0.044524"/>
</kw>
<kw name="Input Text" owner="SeleniumLibrary">
<msg time="2026-05-14T04:28:45.979389" level="INFO">Typing text 'Test@12345' into text field 'css=input[data-qa='password']'.</msg>
<arg>${REG_PASSWORD_INPUT}</arg>
<arg>${password}</arg>
<doc>Types the given ``text`` into the text field identified by ``locator``.</doc>
<status status="PASS" start="2026-05-14T04:28:45.979138" elapsed="0.056485"/>
</kw>
<kw name="Select From List By Value" owner="SeleniumLibrary">
<msg time="2026-05-14T04:28:46.036104" level="INFO">Selecting options from selection list 'id=days' by value 15.</msg>
<arg>${REG_DAYS_DROPDOWN}</arg>
<arg>${day}</arg>
<doc>Selects options from selection list ``locator`` by ``values``.</doc>
<status status="PASS" start="2026-05-14T04:28:46.035852" elapsed="0.054929"/>
</kw>
<kw name="Select From List By Label" owner="SeleniumLibrary">
<msg time="2026-05-14T04:28:46.091380" level="INFO">Selecting options from selection list 'id=months' by label March.</msg>
<arg>${REG_MONTHS_DROPDOWN}</arg>
<arg>${month}</arg>
<doc>Selects options from selection list ``locator`` by ``labels``.</doc>
<status status="PASS" start="2026-05-14T04:28:46.091050" elapsed="0.058928"/>
</kw>
<kw name="Select From List By Value" owner="SeleniumLibrary">
<msg time="2026-05-14T04:28:46.150481" level="INFO">Selecting options from selection list 'id=years' by value 1995.</msg>
<arg>${REG_YEARS_DROPDOWN}</arg>
<arg>${year}</arg>
<doc>Selects options from selection list ``locator`` by ``values``.</doc>
<status status="PASS" start="2026-05-14T04:28:46.150203" elapsed="0.054890"/>
</kw>
<kw name="Select Checkbox" owner="SeleniumLibrary">
<msg time="2026-05-14T04:28:46.205589" level="INFO">Selecting checkbox 'id=newsletter'.</msg>
<arg>${REG_NEWSLETTER_CHECKBOX}</arg>
<doc>Selects the checkbox identified by ``locator``.</doc>
<status status="PASS" start="2026-05-14T04:28:46.205352" elapsed="0.087159"/>
</kw>
<kw name="Select Checkbox" owner="SeleniumLibrary">
<msg time="2026-05-14T04:28:46.293124" level="INFO">Selecting checkbox 'id=optin'.</msg>
<arg>${REG_SPECIAL_OFFERS_CHECKBOX}</arg>
<doc>Selects the checkbox identified by ``locator``.</doc>
<status status="PASS" start="2026-05-14T04:28:46.292801" elapsed="0.074608"/>
</kw>
<arg>${VALID_PASS}</arg>
<arg>15</arg>
<arg>March</arg>
<arg>1995</arg>
<status status="PASS" start="2026-05-14T04:28:45.934097" elapsed="0.433463"/>
</kw>
<kw name="Fill Address Information" owner="auth_keywords">
<kw name="Input Text" owner="SeleniumLibrary">
<msg time="2026-05-14T04:28:46.368682" level="INFO">Typing text 'Robot' into text field 'css=input[data-qa='first_name']'.</msg>
<arg>${REG_FIRST_NAME_INPUT}</arg>
<arg>${first}</arg>
<doc>Types the given ``text`` into the text field identified by ``locator``.</doc>
<status status="PASS" start="2026-05-14T04:28:46.368405" elapsed="0.066588"/>
</kw>
<kw name="Input Text" owner="SeleniumLibrary">
<msg time="2026-05-14T04:28:46.435587" level="INFO">Typing text 'Tester' into text field 'css=input[data-qa='last_name']'.</msg>
<arg>${REG_LAST_NAME_INPUT}</arg>
<arg>${last}</arg>
<doc>Types the given ``text`` into the text field identified by ``locator``.</doc>
<status status="PASS" start="2026-05-14T04:28:46.435248" elapsed="0.078041"/>
</kw>
<kw name="Input Text" owner="SeleniumLibrary">
<msg time="2026-05-14T04:28:46.513890" level="INFO">Typing text 'TestCorp' into text field 'css=input[data-qa='company']'.</msg>
<arg>${REG_COMPANY_INPUT}</arg>
<arg>${company}</arg>
<doc>Types the given ``text`` into the text field identified by ``locator``.</doc>
<status status="PASS" start="2026-05-14T04:28:46.513534" elapsed="0.089763"/>
</kw>
<kw name="Input Text" owner="SeleniumLibrary">
<msg time="2026-05-14T04:28:46.603901" level="INFO">Typing text '123 Main Street' into text field 'css=input[data-qa='address']'.</msg>
<arg>${REG_ADDRESS_INPUT}</arg>
<arg>${address}</arg>
<doc>Types the given ``text`` into the text field identified by ``locator``.</doc>
<status status="PASS" start="2026-05-14T04:28:46.603563" elapsed="0.081957"/>
</kw>
<kw name="Input Text" owner="SeleniumLibrary">
<msg time="2026-05-14T04:28:46.686006" level="INFO">Typing text 'Apt 456' into text field 'css=input[data-qa='address2']'.</msg>
<arg>${REG_ADDRESS2_INPUT}</arg>
<arg>${address2}</arg>
<doc>Types the given ``text`` into the text field identified by ``locator``.</doc>
<status status="PASS" start="2026-05-14T04:28:46.685755" elapsed="0.071674"/>
</kw>
<kw name="Select From List By Label" owner="SeleniumLibrary">
<msg time="2026-05-14T04:28:46.758055" level="INFO">Selecting options from selection list 'css=select[data-qa='country']' by label India.</msg>
<arg>${REG_COUNTRY_DROPDOWN}</arg>
<arg>${country}</arg>
<doc>Selects options from selection list ``locator`` by ``labels``.</doc>
<status status="PASS" start="2026-05-14T04:28:46.757732" elapsed="0.038905"/>
</kw>
<kw name="Input Text" owner="SeleniumLibrary">
<msg time="2026-05-14T04:28:46.797447" level="INFO">Typing text 'Karnataka' into text field 'css=input[data-qa='state']'.</msg>
<arg>${REG_STATE_INPUT}</arg>
<arg>${state}</arg>
<doc>Types the given ``text`` into the text field identified by ``locator``.</doc>
<status status="PASS" start="2026-05-14T04:28:46.797005" elapsed="0.073200"/>
</kw>
<kw name="Input Text" owner="SeleniumLibrary">
<msg time="2026-05-14T04:28:46.870722" level="INFO">Typing text 'Bengaluru' into text field 'css=input[data-qa='city']'.</msg>
<arg>${REG_CITY_INPUT}</arg>
<arg>${city}</arg>
<doc>Types the given ``text`` into the text field identified by ``locator``.</doc>
<status status="PASS" start="2026-05-14T04:28:46.870440" elapsed="0.076807"/>
</kw>
<kw name="Input Text" owner="SeleniumLibrary">
<msg time="2026-05-14T04:28:46.947823" level="INFO">Typing text '560001' into text field 'css=input[data-qa='zipcode']'.</msg>
<arg>${REG_ZIPCODE_INPUT}</arg>
<arg>${zip}</arg>
<doc>Types the given ``text`` into the text field identified by ``locator``.</doc>
<status status="PASS" start="2026-05-14T04:28:46.947483" elapsed="0.068185"/>
</kw>
<kw name="Input Text" owner="SeleniumLibrary">
<msg time="2026-05-14T04:28:47.016208" level="INFO">Typing text '9876543210' into text field 'css=input[data-qa='mobile_number']'.</msg>
<arg>${REG_MOBILE_NUMBER_INPUT}</arg>
<arg>${mobile}</arg>
<doc>Types the given ``text`` into the text field identified by ``locator``.</doc>
<status status="PASS" start="2026-05-14T04:28:47.015956" elapsed="0.070750"/>
</kw>
<arg>${FIRST_NAME}</arg>
<arg>${LAST_NAME}</arg>
<arg>${COMPANY}</arg>
<arg>${ADDRESS1}</arg>
<arg>${ADDRESS2}</arg>
<arg>${COUNTRY}</arg>
<arg>${STATE}</arg>
<arg>${CITY}</arg>
<arg>${ZIPCODE}</arg>
<arg>${MOBILE}</arg>
<status status="PASS" start="2026-05-14T04:28:46.367876" elapsed="0.718956"/>
</kw>
<kw name="Click Create Account" owner="auth_keywords">
<kw name="Click Button" owner="SeleniumLibrary">
<msg time="2026-05-14T04:28:47.087569" level="INFO">Clicking button 'css=button[data-qa='create-account']'.</msg>
<arg>${REG_CREATE_ACCOUNT_BUTTON}</arg>
<doc>Clicks the button identified by ``locator``.</doc>
<status status="PASS" start="2026-05-14T04:28:47.087356" elapsed="0.078460"/>
</kw>
<kw name="Sleep" owner="BuiltIn">
<msg time="2026-05-14T04:28:50.166417" level="INFO">Slept 3 seconds.</msg>
<arg>3s</arg>
<doc>Pauses the test executed for the given time.</doc>
<status status="PASS" start="2026-05-14T04:28:47.166066" elapsed="3.000472"/>
</kw>
<status status="PASS" start="2026-05-14T04:28:47.087048" elapsed="3.079596"/>
</kw>
<kw name="Verify Account Created" owner="auth_keywords">
<kw name="Wait Until Page Contains" owner="SeleniumLibrary">
<arg>Account Created</arg>
<arg>timeout=20s</arg>
<doc>Waits until ``text`` appears on the current page.</doc>
<status status="PASS" start="2026-05-14T04:28:50.167097" elapsed="0.070282"/>
</kw>
<status status="PASS" start="2026-05-14T04:28:50.166852" elapsed="0.070636"/>
</kw>
<kw name="Click Continue After Account Created" owner="auth_keywords">
<kw name="Click Element" owner="SeleniumLibrary">
<msg time="2026-05-14T04:28:50.238089" level="INFO">Clicking element 'css=a[data-qa='continue-button']'.</msg>
<arg>${ACCOUNT_CREATED_CONTINUE_BUTTON}</arg>
<doc>Click the element identified by ``locator``.</doc>
<status status="PASS" start="2026-05-14T04:28:50.237926" elapsed="0.796576"/>
</kw>
<kw name="Sleep" owner="BuiltIn">
<msg time="2026-05-14T04:28:54.035116" level="INFO">Slept 3 seconds.</msg>
<arg>3s</arg>
<doc>Pauses the test executed for the given time.</doc>
<status status="PASS" start="2026-05-14T04:28:51.034768" elapsed="3.000497"/>
</kw>
<kw name="Wait Until Page Contains Element" owner="SeleniumLibrary">
<arg>${NAV_HOME_LINK}</arg>
<arg>timeout=30s</arg>
<doc>Waits until the element ``locator`` appears on the current page.</doc>
<status status="PASS" start="2026-05-14T04:28:54.035568" elapsed="0.054706"/>
</kw>
<status status="PASS" start="2026-05-14T04:28:50.237656" elapsed="3.852805"/>
</kw>
<kw name="Logout From Application" owner="auth_keywords">
<kw name="Wait Until Element Is Visible" owner="SeleniumLibrary">
<arg>${NAV_LOGOUT_LINK}</arg>
<arg>timeout=45s</arg>
<doc>Waits until the element ``locator`` is visible.</doc>
<status status="PASS" start="2026-05-14T04:28:54.091412" elapsed="0.016623"/>
</kw>
<kw name="Run Keyword And Return Status" owner="BuiltIn">
<kw name="Click Element" owner="SeleniumLibrary">
<msg time="2026-05-14T04:28:54.108552" level="INFO">Clicking element 'xpath=//a[contains(text(),'Logout')]'.</msg>
<arg>${NAV_LOGOUT_LINK}</arg>
<doc>Click the element identified by ``locator``.</doc>
<status status="PASS" start="2026-05-14T04:28:54.108383" elapsed="0.453162"/>
</kw>
<msg time="2026-05-14T04:28:54.561783" level="INFO">${clicked} = True</msg>
<var>${clicked}</var>
<arg>Click Element</arg>
<arg>${NAV_LOGOUT_LINK}</arg>
<doc>Runs the given keyword with given arguments and returns the status as a Boolean value.</doc>
<status status="PASS" start="2026-05-14T04:28:54.108219" elapsed="0.453604"/>
</kw>
<if>
<branch type="IF" condition="not ${clicked}">
<kw name="Execute Javascript" owner="SeleniumLibrary">
<arg>document.querySelector("a[href='/logout']").click()</arg>
<doc>Executes the given JavaScript code with possible arguments.</doc>
<status status="NOT RUN" start="2026-05-14T04:28:54.562300" elapsed="0.000042"/>
</kw>
<status status="NOT RUN" start="2026-05-14T04:28:54.561973" elapsed="0.000415"/>
</branch>
<status status="PASS" start="2026-05-14T04:28:54.561925" elapsed="0.000512"/>
</if>
<kw name="Wait Until Page Contains Element" owner="SeleniumLibrary">
<arg>${LOGIN_HEADING}</arg>
<arg>timeout=20s</arg>
<doc>Waits until the element ``locator`` appears on the current page.</doc>
<status status="PASS" start="2026-05-14T04:28:54.562538" elapsed="0.017031"/>
</kw>
<status status="PASS" start="2026-05-14T04:28:54.090928" elapsed="0.488823"/>
</kw>
<kw name="Login With Credentials" owner="auth_keywords">
<kw name="Input Text" owner="SeleniumLibrary">
<msg time="2026-05-14T04:28:54.580836" level="INFO">Typing text 'tc02_login_1778732921@testmail.com' into text field 'css=input[data-qa='login-email']'.</msg>
<arg>${LOGIN_EMAIL_INPUT}</arg>
<arg>${email}</arg>
<doc>Types the given ``text`` into the text field identified by ``locator``.</doc>
<status status="PASS" start="2026-05-14T04:28:54.580565" elapsed="0.153658"/>
</kw>
<kw name="Input Text" owner="SeleniumLibrary">
<msg time="2026-05-14T04:28:54.734762" level="INFO">Typing text 'Test@12345' into text field 'css=input[data-qa='login-password']'.</msg>
<arg>${LOGIN_PASSWORD_INPUT}</arg>
<arg>${password}</arg>
<doc>Types the given ``text`` into the text field identified by ``locator``.</doc>
<status status="PASS" start="2026-05-14T04:28:54.734428" elapsed="0.050726"/>
</kw>
<kw name="Click Button" owner="SeleniumLibrary">
<msg time="2026-05-14T04:28:54.785776" level="INFO">Clicking button 'css=button[data-qa='login-button']'.</msg>
<arg>${LOGIN_BUTTON}</arg>
<doc>Clicks the button identified by ``locator``.</doc>
<status status="PASS" start="2026-05-14T04:28:54.785432" elapsed="0.934636"/>
</kw>
<kw name="Sleep" owner="BuiltIn">
<msg time="2026-05-14T04:28:57.720661" level="INFO">Slept 2 seconds.</msg>
<arg>2s</arg>
<doc>Pauses the test executed for the given time.</doc>
<status status="PASS" start="2026-05-14T04:28:55.720339" elapsed="2.000474"/>
</kw>
<arg>${unique_email}</arg>
<arg>${VALID_PASS}</arg>
<status status="PASS" start="2026-05-14T04:28:54.580134" elapsed="3.140779"/>
</kw>
<kw name="Verify Logged In As" owner="auth_keywords">
<kw name="Wait Until Page Contains Element" owner="SeleniumLibrary">
<arg>${NAV_LOGGED_IN_AS_TEXT}</arg>
<arg>timeout=45s</arg>
<doc>Waits until the element ``locator`` appears on the current page.</doc>
<status status="PASS" start="2026-05-14T04:28:57.721403" elapsed="0.043684"/>
</kw>
<kw name="Element Text Should Be" owner="SeleniumLibrary">
<msg time="2026-05-14T04:28:57.765459" level="INFO">Verifying element 'css=li a b' contains exact text 'RobotTestUser'.</msg>
<arg>${NAV_LOGGED_IN_AS_TEXT}</arg>
<arg>${username}</arg>
<doc>Verifies that element ``locator`` contains exact the text ``expected``.</doc>
<status status="PASS" start="2026-05-14T04:28:57.765253" elapsed="0.011666"/>
</kw>
<arg>${SIGNUP_NAME}</arg>
<status status="PASS" start="2026-05-14T04:28:57.721105" elapsed="0.055889"/>
</kw>
<kw name="Delete Account" owner="auth_keywords">
<kw name="Run Keyword And Return Status" owner="BuiltIn">
<kw name="Click Element" owner="SeleniumLibrary">
<msg time="2026-05-14T04:28:57.777623" level="INFO">Clicking element 'xpath=//a[contains(text(),'Delete Account')]'.</msg>
<arg>${NAV_DELETE_ACCOUNT_LINK}</arg>
<doc>Click the element identified by ``locator``.</doc>
<status status="PASS" start="2026-05-14T04:28:57.777496" elapsed="0.474824"/>
</kw>
<msg time="2026-05-14T04:28:58.252479" level="INFO">${clicked} = True</msg>
<var>${clicked}</var>
<arg>Click Element</arg>
<arg>${NAV_DELETE_ACCOUNT_LINK}</arg>
<doc>Runs the given keyword with given arguments and returns the status as a Boolean value.</doc>
<status status="PASS" start="2026-05-14T04:28:57.777374" elapsed="0.475129"/>
</kw>
<if>
<branch type="IF" condition="not ${clicked}">
<kw name="Execute Javascript" owner="SeleniumLibrary">
<arg>document.querySelector("a[href='/delete_account']").click()</arg>
<doc>Executes the given JavaScript code with possible arguments.</doc>
<status status="NOT RUN" start="2026-05-14T04:28:58.252901" elapsed="0.000077"/>
</kw>
<status status="NOT RUN" start="2026-05-14T04:28:58.252601" elapsed="0.000408"/>
</branch>
<status status="PASS" start="2026-05-14T04:28:58.252570" elapsed="0.000472"/>
</if>
<kw name="Sleep" owner="BuiltIn">
<msg time="2026-05-14T04:29:01.253363" level="INFO">Slept 3 seconds.</msg>
<arg>3s</arg>
<doc>Pauses the test executed for the given time.</doc>
<status status="PASS" start="2026-05-14T04:28:58.253106" elapsed="3.000381"/>
</kw>
<kw name="Wait Until Page Contains" owner="SeleniumLibrary">
<arg>Account Deleted</arg>
<arg>timeout=60s</arg>
<doc>Waits until ``text`` appears on the current page.</doc>
<status status="PASS" start="2026-05-14T04:29:01.253681" elapsed="0.045202"/>
</kw>
<status status="PASS" start="2026-05-14T04:28:57.777173" elapsed="3.521818"/>
</kw>
<kw name="Verify Account Deleted" owner="auth_keywords">
<kw name="Wait Until Page Contains" owner="SeleniumLibrary">
<arg>Account Deleted</arg>
<arg>timeout=15s</arg>
<doc>Waits until ``text`` appears on the current page.</doc>
<status status="PASS" start="2026-05-14T04:29:01.299466" elapsed="0.004410"/>
</kw>
<status status="PASS" start="2026-05-14T04:29:01.299157" elapsed="0.004786"/>
</kw>
<kw name="Run Keywords" owner="BuiltIn" type="TEARDOWN">
<kw name="Cleanup Test User" owner="common">
<kw name="Run Keyword And Return Status" owner="BuiltIn">
<kw name="Page Should Contain Element" owner="SeleniumLibrary">
<kw name="Capture Failure Screenshot" owner="common">
<kw name="Evaluate" owner="BuiltIn">
<msg time="2026-05-14T04:29:11.331430" level="INFO">${safe_test_name} = TC02_Login_User_With_Correct_Email_And_Password</msg>
<var>${safe_test_name}</var>
<arg>__import__("re").sub(r"[^A-Za-z0-9._-]+", "_", """${TEST NAME}""").strip("_")</arg>
<doc>Evaluates the given expression in Python and returns the result.</doc>
<status status="PASS" start="2026-05-14T04:29:11.331108" elapsed="0.000352"/>
</kw>
<kw name="Evaluate" owner="BuiltIn">
<msg time="2026-05-14T04:29:11.331722" level="INFO">${safe_suite_name} = Suites.Auth.TC02_login_valid</msg>
<var>${safe_suite_name}</var>
<arg>__import__("re").sub(r"[^A-Za-z0-9._-]+", "_", """${SUITE NAME}""").strip("_")</arg>
<doc>Evaluates the given expression in Python and returns the result.</doc>
<status status="PASS" start="2026-05-14T04:29:11.331551" elapsed="0.000192"/>
</kw>
<kw name="Evaluate" owner="BuiltIn">
<msg time="2026-05-14T04:29:11.332003" level="INFO">${ts} = 1778732951331</msg>
<var>${ts}</var>
<arg>str(int(__import__("time").time()*1000))</arg>
<doc>Evaluates the given expression in Python and returns the result.</doc>
<status status="PASS" start="2026-05-14T04:29:11.331839" elapsed="0.000184"/>
</kw>
<kw name="Capture Page Screenshot" owner="SeleniumLibrary">
<msg time="2026-05-14T04:29:11.385315" level="INFO" html="true">&lt;/td&gt;&lt;/tr&gt;&lt;tr&gt;&lt;td colspan="3"&gt;&lt;a href="../../screenshots/Suites.Auth.TC02_login_valid__TC02_Login_User_With_Correct_Email_And_Password__1778732951331.png"&gt;&lt;img src="../../screenshots/Suites.Auth.TC02_login_valid__TC02_Login_User_With_Correct_Email_And_Password__1778732951331.png" width="800px"&gt;&lt;/a&gt;</msg>
<arg>${safe_suite_name}__${safe_test_name}__${ts}.png</arg>
<doc>Takes a screenshot of the current page and embeds it into a log file.</doc>
<status status="PASS" start="2026-05-14T04:29:11.332103" elapsed="0.053358"/>
</kw>
<doc>Capture screenshot with failed test case name for easier traceability in reports.</doc>
<status status="PASS" start="2026-05-14T04:29:11.330816" elapsed="0.054783"/>
</kw>
<msg time="2026-05-14T04:29:11.385913" level="FAIL">Page should have contained element 'xpath=//a[contains(text(),'Delete Account')]' but did not.</msg>
<arg>${NAV_DELETE_ACCOUNT_LINK}</arg>
<doc>Verifies that element ``locator`` is found on the current page.</doc>
<status status="FAIL" start="2026-05-14T04:29:01.304654" elapsed="10.084229">Page should have contained element 'xpath=//a[contains(text(),'Delete Account')]' but did not.</status>
</kw>
<msg time="2026-05-14T04:29:11.389045" level="INFO">${status} = False</msg>
<var>${status}</var>
<arg>Page Should Contain Element</arg>
<arg>${NAV_DELETE_ACCOUNT_LINK}</arg>
<doc>Runs the given keyword with given arguments and returns the status as a Boolean value.</doc>
<status status="PASS" start="2026-05-14T04:29:01.304552" elapsed="10.084525"/>
</kw>
<if>
<branch type="IF" condition="${status}">
<kw name="Run Keyword And Return Status" owner="BuiltIn">
<var>${clicked}</var>
<arg>Click Element</arg>
<arg>${NAV_DELETE_ACCOUNT_LINK}</arg>
<doc>Runs the given keyword with given arguments and returns the status as a Boolean value.</doc>
<status status="NOT RUN" start="2026-05-14T04:29:11.389426" elapsed="0.000026"/>
</kw>
<if>
<branch type="IF" condition="not ${clicked}">
<kw name="Log" owner="BuiltIn">
<arg>Native click failed on Delete Account; trying JS click fallback.</arg>
<arg>level=WARN</arg>
<doc>Logs the given message with the given level.</doc>
<status status="NOT RUN" start="2026-05-14T04:29:11.389581" elapsed="0.000016"/>
</kw>
<kw name="Execute Javascript" owner="SeleniumLibrary">
<arg>document.querySelector("a[href='/delete_account']").click()</arg>
<doc>Executes the given JavaScript code with possible arguments.</doc>
<status status="NOT RUN" start="2026-05-14T04:29:11.389712" elapsed="0.000031"/>
</kw>
<status status="NOT RUN" start="2026-05-14T04:29:11.389510" elapsed="0.000270"/>
</branch>
<status status="NOT RUN" start="2026-05-14T04:29:11.389496" elapsed="0.000329"/>
</if>
<kw name="Run Keyword And Return Status" owner="BuiltIn">
<var>${deleted}</var>
<arg>Wait Until Page Contains</arg>
<arg>Account Deleted</arg>
<arg>timeout=45s</arg>
<doc>Runs the given keyword with given arguments and returns the status as a Boolean value.</doc>
<status status="NOT RUN" start="2026-05-14T04:29:11.389927" elapsed="0.000031"/>
</kw>
<if>
<branch type="IF" condition="not ${deleted}">
<kw name="Log" owner="BuiltIn">
<arg>Account deletion confirmation not visible; continuing without failing teardown.</arg>
<arg>level=WARN</arg>
<doc>Logs the given message with the given level.</doc>
<status status="NOT RUN" start="2026-05-14T04:29:11.390133" elapsed="0.000027"/>
</kw>
<status status="NOT RUN" start="2026-05-14T04:29:11.390040" elapsed="0.000149"/>
</branch>
<status status="NOT RUN" start="2026-05-14T04:29:11.390023" elapsed="0.000188"/>
</if>
<status status="NOT RUN" start="2026-05-14T04:29:11.389204" elapsed="0.001022"/>
</branch>
<branch type="ELSE">
<kw name="Log" owner="BuiltIn">
<arg>Delete Account link not found, skipping cleanup.</arg>
<arg>level=DEBUG</arg>
<doc>Logs the given message with the given level.</doc>
<status status="PASS" start="2026-05-14T04:29:11.390306" elapsed="0.000157"/>
</kw>
<status status="PASS" start="2026-05-14T04:29:11.390244" elapsed="0.000249"/>
</branch>
<status status="PASS" start="2026-05-14T04:29:11.389164" elapsed="0.001350"/>
</if>
<doc>Deletes the current account if logged in.</doc>
<status status="PASS" start="2026-05-14T04:29:01.304376" elapsed="10.086174"/>
</kw>
<kw name="Close Test Browser" owner="common">
<kw name="Register Keyword To Run On Failure" owner="SeleniumLibrary">
<msg time="2026-05-14T04:29:11.392001" level="INFO">No keyword will be run on failure.</msg>
<arg>NONE</arg>
<doc>Sets the keyword to execute, when a SeleniumLibrary keyword fails.</doc>
<status status="PASS" start="2026-05-14T04:29:11.391862" elapsed="0.000446"/>
</kw>
<kw name="Close Browser" owner="SeleniumLibrary">
<doc>Closes the current browser.</doc>
<status status="PASS" start="2026-05-14T04:29:11.392426" elapsed="0.084565"/>
</kw>
<status status="PASS" start="2026-05-14T04:29:11.390680" elapsed="0.086435"/>
</kw>
<arg>Cleanup Test User</arg>
<arg>AND</arg>
<arg>Close Test Browser</arg>
<doc>Executes all the given keywords in a sequence.</doc>
<status status="PASS" start="2026-05-14T04:29:01.304114" elapsed="10.173051"/>
</kw>
<status status="PASS" start="2026-05-14T04:28:29.817518" elapsed="41.659721"/>
</test>
<status status="PASS" start="2026-05-14T04:28:29.633831" elapsed="41.844196"/>
</suite>
<status status="PASS" start="2026-05-14T04:28:29.633182" elapsed="41.845304"/>
</suite>
<status status="PASS" start="2026-05-14T04:28:29.617377" elapsed="41.861411"/>
</suite>
<statistics>
<total>
<stat pass="1" fail="0" skip="0">All Tests</stat>
</total>
<tag>
</tag>
<suite>
<stat name="Suites" id="s1" pass="1" fail="0" skip="0">Suites</stat>
<stat name="Auth" id="s1-s1" pass="1" fail="0" skip="0">Suites.Auth</stat>
<stat name="TC02 login valid" id="s1-s1-s1" pass="1" fail="0" skip="0">Suites.Auth.TC02 login valid</stat>
</suite>
</statistics>
<errors>
</errors>
</robot>
