<?xml version="1.0" encoding="UTF-8"?>
<robot generator="Robot 7.2.2 (Python 3.11.15 on linux)" generated="2026-05-19T04:42:40.899883" rpa="false" schemaversion="5">
<suite id="s1" name="Suites">
<suite id="s1-s1" name="Auth" source="/home/runner/work/engg-robot-testing-framework/engg-robot-testing-framework/tests/auth">
<suite id="s1-s1-s1" name="TC01 register user" source="/home/runner/work/engg-robot-testing-framework/engg-robot-testing-framework/tests/auth/TC01_register_user.robot">
<test id="s1-s1-s1-t1" name="TC01 Register User" line="11">
<kw name="Open Browser To Home Page" owner="common" type="SETUP">
<kw name="Evaluate" owner="BuiltIn">
<msg time="2026-05-19T04:42:41.125570" level="INFO">${is_headless} = True</msg>
<var>${is_headless}</var>
<arg>str(${HEADLESS}).strip().lower() in ["true", "1", "yes", "on"]</arg>
<doc>Evaluates the given expression in Python and returns the result.</doc>
<status status="PASS" start="2026-05-19T04:42:41.125327" elapsed="0.000277"/>
</kw>
<kw name="Log" owner="BuiltIn">
<msg time="2026-05-19T04:42:41.125882" level="INFO">Starting browser (Headless: True) to: https://www.automationexercise.com</msg>
<arg>Starting browser (Headless: ${is_headless}) to: ${BASE_URL}</arg>
<doc>Logs the given message with the given level.</doc>
<status status="PASS" start="2026-05-19T04:42:41.125747" elapsed="0.000174"/>
</kw>
<kw name="Evaluate" owner="BuiltIn">
<msg time="2026-05-19T04:42:41.126216" level="INFO">${chrome_options} = &lt;selenium.webdriver.chrome.options.Options object at 0x7f6e4249fed0&gt;</msg>
<var>${chrome_options}</var>
<arg>selenium.webdriver.ChromeOptions()</arg>
<arg>modules=selenium.webdriver</arg>
<doc>Evaluates the given expression in Python and returns the result.</doc>
<status status="PASS" start="2026-05-19T04:42:41.126017" elapsed="0.000224"/>
</kw>
<if>
<branch type="IF" condition="${is_headless}">
<kw name="Evaluate" owner="BuiltIn">
<arg>$chrome_options.add_argument("--headless=new")</arg>
<doc>Evaluates the given expression in Python and returns the result.</doc>
<status status="PASS" start="2026-05-19T04:42:41.126452" elapsed="0.001964"/>
</kw>
<status status="PASS" start="2026-05-19T04:42:41.126329" elapsed="0.002142"/>
</branch>
<status status="PASS" start="2026-05-19T04:42:41.126305" elapsed="0.002206"/>
</if>
<kw name="Evaluate" owner="BuiltIn">
<arg>$chrome_options.add_argument("--no-sandbox")</arg>
<doc>Evaluates the given expression in Python and returns the result.</doc>
<status status="PASS" start="2026-05-19T04:42:41.128599" elapsed="0.000204"/>
</kw>
<kw name="Evaluate" owner="BuiltIn">
<arg>$chrome_options.add_argument("--disable-dev-shm-usage")</arg>
<doc>Evaluates the given expression in Python and returns the result.</doc>
<status status="PASS" start="2026-05-19T04:42:41.128903" elapsed="0.000153"/>
</kw>
<kw name="Evaluate" owner="BuiltIn">
<arg>$chrome_options.add_argument("--disable-gpu")</arg>
<doc>Evaluates the given expression in Python and returns the result.</doc>
<status status="PASS" start="2026-05-19T04:42:41.129165" elapsed="0.000148"/>
</kw>
<kw name="Evaluate" owner="BuiltIn">
<arg>$chrome_options.add_argument("--window-size=1920,1080")</arg>
<doc>Evaluates the given expression in Python and returns the result.</doc>
<status status="PASS" start="2026-05-19T04:42:41.129400" elapsed="0.000147"/>
</kw>
<kw name="Evaluate" owner="BuiltIn">
<arg>$chrome_options.add_argument("--remote-debugging-pipe")</arg>
<doc>Evaluates the given expression in Python and returns the result.</doc>
<status status="PASS" start="2026-05-19T04:42:41.129628" elapsed="0.000150"/>
</kw>
<kw name="Evaluate" owner="BuiltIn">
<arg>$chrome_options.add_argument("--disable-extensions")</arg>
<doc>Evaluates the given expression in Python and returns the result.</doc>
<status status="PASS" start="2026-05-19T04:42:41.129854" elapsed="0.000125"/>
</kw>
<kw name="Evaluate" owner="BuiltIn">
<arg>$chrome_options.add_argument("--incognito")</arg>
<doc>Evaluates the given expression in Python and returns the result.</doc>
<status status="PASS" start="2026-05-19T04:42:41.130053" elapsed="0.000125"/>
</kw>
<kw name="Create Webdriver" owner="SeleniumLibrary">
<msg time="2026-05-19T04:42:41.130393" level="INFO">Creating an instance of the Chrome WebDriver.</msg>
<arg>Chrome</arg>
<arg>options=${chrome_options}</arg>
<doc>Creates an instance of Selenium WebDriver.</doc>
<status status="PASS" start="2026-05-19T04:42:41.130258" elapsed="9.935264"/>
</kw>
<kw name="Set Screenshot Directory" owner="SeleniumLibrary">
<arg>${SCREENSHOT_DIR}</arg>
<doc>Sets the directory for captured screenshots.</doc>
<status status="PASS" start="2026-05-19T04:42:51.065853" elapsed="0.000361"/>
</kw>
<kw name="Register Keyword To Run On Failure" owner="SeleniumLibrary">
<msg time="2026-05-19T04:42:51.066554" level="INFO">Capture Failure Screenshot will be run on failure.</msg>
<arg>Capture Failure Screenshot</arg>
<doc>Sets the keyword to execute, when a SeleniumLibrary keyword fails.</doc>
<status status="PASS" start="2026-05-19T04:42:51.066372" elapsed="0.000252"/>
</kw>
<kw name="Go To" owner="SeleniumLibrary">
<msg time="2026-05-19T04:42:51.066942" level="INFO">Opening url 'https://www.automationexercise.com'</msg>
<arg>${BASE_URL}</arg>
<doc>Navigates the current browser window to the provided ``url``.</doc>
<status status="PASS" start="2026-05-19T04:42:51.066780" elapsed="1.748139"/>
</kw>
<kw name="Set Selenium Implicit Wait" owner="SeleniumLibrary">
<arg>${TIMEOUT}</arg>
<doc>Sets the implicit wait value used by Selenium.</doc>
<status status="PASS" start="2026-05-19T04:42:52.815206" elapsed="0.001311"/>
</kw>
<kw name="Title Should Be" owner="SeleniumLibrary">
<msg time="2026-05-19T04:42:52.901710" level="INFO">Page title is 'Automation Exercise'.</msg>
<arg>Automation Exercise</arg>
<doc>Verifies that the current page title equals ``title``.</doc>
<status status="PASS" start="2026-05-19T04:42:52.816698" elapsed="0.085172"/>
</kw>
<status status="PASS" start="2026-05-19T04:42:41.124650" elapsed="11.777382"/>
</kw>
<kw name="Navigate To Login Page" owner="auth_keywords">
<kw name="Click Element" owner="SeleniumLibrary">
<msg time="2026-05-19T04:42:52.903519" level="INFO">Clicking element 'xpath=//a[contains(text(),'Signup / Login')]'.</msg>
<arg>${NAV_SIGNUP_LOGIN_LINK}</arg>
<doc>Click the element identified by ``locator``.</doc>
<status status="PASS" start="2026-05-19T04:42:52.902770" elapsed="0.613150"/>
</kw>
<kw name="Wait Until Page Contains Element" owner="SeleniumLibrary">
<arg>${LOGIN_HEADING}</arg>
<arg>timeout=10s</arg>
<doc>Waits until the element ``locator`` appears on the current page.</doc>
<status status="PASS" start="2026-05-19T04:42:53.516154" elapsed="0.011820"/>
</kw>
<status status="PASS" start="2026-05-19T04:42:52.902351" elapsed="0.625750"/>
</kw>
<kw name="Verify New User Signup Visible" owner="auth_keywords">
<kw name="Wait Until Page Contains Element" owner="SeleniumLibrary">
<arg>${SIGNUP_HEADING}</arg>
<arg>timeout=10s</arg>
<doc>Waits until the element ``locator`` appears on the current page.</doc>
<status status="PASS" start="2026-05-19T04:42:53.528586" elapsed="0.007978"/>
</kw>
<kw name="Get Text" owner="SeleniumLibrary">
<msg time="2026-05-19T04:42:53.631492" level="INFO">${text} = New User Signup!</msg>
<var>${text}</var>
<arg>${SIGNUP_HEADING}</arg>
<doc>Returns the text value of the element identified by ``locator``.</doc>
<status status="PASS" start="2026-05-19T04:42:53.536728" elapsed="0.094815"/>
</kw>
<kw name="Should Contain" owner="BuiltIn">
<arg>${text}</arg>
<arg>New User Signup</arg>
<arg>ignore_case=True</arg>
<doc>Fails if ``container`` does not contain ``item`` one or more times.</doc>
<status status="PASS" start="2026-05-19T04:42:53.631762" elapsed="0.000234"/>
</kw>
<status status="PASS" start="2026-05-19T04:42:53.528306" elapsed="0.103767"/>
</kw>
<kw name="Generate Unique Email With Prefix" owner="common">
<kw name="Evaluate" owner="BuiltIn">
<msg time="2026-05-19T04:42:53.632715" level="INFO">${timestamp} = 1779165773</msg>
<var>${timestamp}</var>
<arg>str(int(__import__('time').time()))</arg>
<doc>Evaluates the given expression in Python and returns the result.</doc>
<status status="PASS" start="2026-05-19T04:42:53.632501" elapsed="0.000238"/>
</kw>
<kw name="Set Variable" owner="BuiltIn">
<msg time="2026-05-19T04:42:53.633084" level="INFO">${email} = tc01_register_1779165773@testmail.com</msg>
<var>${email}</var>
<arg>${prefix}_${timestamp}@testmail.com</arg>
<doc>Returns the given values which can then be assigned to a variables.</doc>
<status status="PASS" start="2026-05-19T04:42:53.632890" elapsed="0.000228"/>
</kw>
<return>
<value>${email}</value>
<status status="PASS" start="2026-05-19T04:42:53.633191" elapsed="0.000090"/>
</return>
<msg time="2026-05-19T04:42:53.633450" level="INFO">${unique_email} = tc01_register_1779165773@testmail.com</msg>
<var>${unique_email}</var>
<arg>tc01_register</arg>
<status status="PASS" start="2026-05-19T04:42:53.632244" elapsed="0.001238"/>
</kw>
<kw name="Enter Signup Name And Email" owner="auth_keywords">
<kw name="Input Text" owner="SeleniumLibrary">
<msg time="2026-05-19T04:42:53.634232" level="INFO">Typing text 'RobotTestUser' into text field 'css=input[data-qa='signup-name']'.</msg>
<arg>${SIGNUP_NAME_INPUT}</arg>
<arg>${name}</arg>
<doc>Types the given ``text`` into the text field identified by ``locator``.</doc>
<status status="PASS" start="2026-05-19T04:42:53.634041" elapsed="0.196598"/>
</kw>
<kw name="Input Text" owner="SeleniumLibrary">
<msg time="2026-05-19T04:42:53.831320" level="INFO">Typing text 'tc01_register_1779165773@testmail.com' into text field 'css=input[data-qa='signup-email']'.</msg>
<arg>${SIGNUP_EMAIL_INPUT}</arg>
<arg>${email}</arg>
<doc>Types the given ``text`` into the text field identified by ``locator``.</doc>
<status status="PASS" start="2026-05-19T04:42:53.830946" elapsed="0.139138"/>
</kw>
<kw name="Click Button" owner="SeleniumLibrary">
<msg time="2026-05-19T04:42:53.970732" level="INFO">Clicking button 'css=button[data-qa='signup-button']'.</msg>
<arg>${SIGNUP_BUTTON}</arg>
<doc>Clicks the button identified by ``locator``.</doc>
<status status="PASS" start="2026-05-19T04:42:53.970345" elapsed="0.445181"/>
</kw>
<kw name="Sleep" owner="BuiltIn">
<msg time="2026-05-19T04:42:57.416115" level="INFO">Slept 3 seconds.</msg>
<arg>3s</arg>
<doc>Pauses the test executed for the given time.</doc>
<status status="PASS" start="2026-05-19T04:42:54.415766" elapsed="3.000484"/>
</kw>
<arg>${SIGNUP_NAME}</arg>
<arg>${unique_email}</arg>
<status status="PASS" start="2026-05-19T04:42:53.633658" elapsed="3.782708"/>
</kw>
<kw name="Verify Enter Account Information Visible" owner="auth_keywords">
<kw name="Wait Until Page Contains" owner="SeleniumLibrary">
<arg>Enter Account Information</arg>
<arg>timeout=10s</arg>
<doc>Waits until ``text`` appears on the current page.</doc>
<status status="PASS" start="2026-05-19T04:42:57.416899" elapsed="0.051927"/>
</kw>
<status status="PASS" start="2026-05-19T04:42:57.416583" elapsed="0.052387"/>
</kw>
<kw name="Fill Account Information" owner="auth_keywords">
<kw name="Click Element" owner="SeleniumLibrary">
<msg time="2026-05-19T04:42:57.469819" level="INFO">Clicking element 'id=id_gender1'.</msg>
<arg>${REG_TITLE_MR_RADIO}</arg>
<doc>Click the element identified by ``locator``.</doc>
<status status="PASS" start="2026-05-19T04:42:57.469607" elapsed="0.066119"/>
</kw>
<kw name="Input Text" owner="SeleniumLibrary">
<msg time="2026-05-19T04:42:57.536213" level="INFO">Typing text 'Test@12345' into text field 'css=input[data-qa='password']'.</msg>
<arg>${REG_PASSWORD_INPUT}</arg>
<arg>${password}</arg>
<doc>Types the given ``text`` into the text field identified by ``locator``.</doc>
<status status="PASS" start="2026-05-19T04:42:57.535942" elapsed="0.077804"/>
</kw>
<kw name="Select From List By Value" owner="SeleniumLibrary">
<msg time="2026-05-19T04:42:57.614239" level="INFO">Selecting options from selection list 'id=days' by value 15.</msg>
<arg>${REG_DAYS_DROPDOWN}</arg>
<arg>${day}</arg>
<doc>Selects options from selection list ``locator`` by ``values``.</doc>
<status status="PASS" start="2026-05-19T04:42:57.613960" elapsed="0.056593"/>
</kw>
<kw name="Select From List By Label" owner="SeleniumLibrary">
<msg time="2026-05-19T04:42:57.671069" level="INFO">Selecting options from selection list 'id=months' by label March.</msg>
<arg>${REG_MONTHS_DROPDOWN}</arg>
<arg>${month}</arg>
<doc>Selects options from selection list ``locator`` by ``labels``.</doc>
<status status="PASS" start="2026-05-19T04:42:57.670790" elapsed="0.050465"/>
</kw>
<kw name="Select From List By Value" owner="SeleniumLibrary">
<msg time="2026-05-19T04:42:57.721767" level="INFO">Selecting options from selection list 'id=years' by value 1995.</msg>
<arg>${REG_YEARS_DROPDOWN}</arg>
<arg>${year}</arg>
<doc>Selects options from selection list ``locator`` by ``values``.</doc>
<status status="PASS" start="2026-05-19T04:42:57.721467" elapsed="0.047764"/>
</kw>
<kw name="Select Checkbox" owner="SeleniumLibrary">
<msg time="2026-05-19T04:42:57.769703" level="INFO">Selecting checkbox 'id=newsletter'.</msg>
<arg>${REG_NEWSLETTER_CHECKBOX}</arg>
<doc>Selects the checkbox identified by ``locator``.</doc>
<status status="PASS" start="2026-05-19T04:42:57.769438" elapsed="0.063246"/>
</kw>
<kw name="Select Checkbox" owner="SeleniumLibrary">
<msg time="2026-05-19T04:42:57.833297" level="INFO">Selecting checkbox 'id=optin'.</msg>
<arg>${REG_SPECIAL_OFFERS_CHECKBOX}</arg>
<doc>Selects the checkbox identified by ``locator``.</doc>
<status status="PASS" start="2026-05-19T04:42:57.832946" elapsed="0.064033"/>
</kw>
<arg>${VALID_PASS}</arg>
<arg>15</arg>
<arg>March</arg>
<arg>1995</arg>
<status status="PASS" start="2026-05-19T04:42:57.469225" elapsed="0.427881"/>
</kw>
<kw name="Fill Address Information" owner="auth_keywords">
<kw name="Input Text" owner="SeleniumLibrary">
<msg time="2026-05-19T04:42:57.898083" level="INFO">Typing text 'Robot' into text field 'css=input[data-qa='first_name']'.</msg>
<arg>${REG_FIRST_NAME_INPUT}</arg>
<arg>${first}</arg>
<doc>Types the given ``text`` into the text field identified by ``locator``.</doc>
<status status="PASS" start="2026-05-19T04:42:57.897883" elapsed="0.089450"/>
</kw>
<kw name="Input Text" owner="SeleniumLibrary">
<msg time="2026-05-19T04:42:57.987860" level="INFO">Typing text 'Tester' into text field 'css=input[data-qa='last_name']'.</msg>
<arg>${REG_LAST_NAME_INPUT}</arg>
<arg>${last}</arg>
<doc>Types the given ``text`` into the text field identified by ``locator``.</doc>
<status status="PASS" start="2026-05-19T04:42:57.987552" elapsed="0.057191"/>
</kw>
<kw name="Input Text" owner="SeleniumLibrary">
<msg time="2026-05-19T04:42:58.045223" level="INFO">Typing text 'TestCorp' into text field 'css=input[data-qa='company']'.</msg>
<arg>${REG_COMPANY_INPUT}</arg>
<arg>${company}</arg>
<doc>Types the given ``text`` into the text field identified by ``locator``.</doc>
<status status="PASS" start="2026-05-19T04:42:58.044954" elapsed="0.095495"/>
</kw>
<kw name="Input Text" owner="SeleniumLibrary">
<msg time="2026-05-19T04:42:58.142234" level="INFO">Typing text '123 Main Street' into text field 'css=input[data-qa='address']'.</msg>
<arg>${REG_ADDRESS_INPUT}</arg>
<arg>${address}</arg>
<doc>Types the given ``text`` into the text field identified by ``locator``.</doc>
<status status="PASS" start="2026-05-19T04:42:58.141837" elapsed="0.069343"/>
</kw>
<kw name="Input Text" owner="SeleniumLibrary">
<msg time="2026-05-19T04:42:58.211698" level="INFO">Typing text 'Apt 456' into text field 'css=input[data-qa='address2']'.</msg>
<arg>${REG_ADDRESS2_INPUT}</arg>
<arg>${address2}</arg>
<doc>Types the given ``text`` into the text field identified by ``locator``.</doc>
<status status="PASS" start="2026-05-19T04:42:58.211400" elapsed="0.062114"/>
</kw>
<kw name="Select From List By Label" owner="SeleniumLibrary">
<msg time="2026-05-19T04:42:58.274039" level="INFO">Selecting options from selection list 'css=select[data-qa='country']' by label India.</msg>
<arg>${REG_COUNTRY_DROPDOWN}</arg>
<arg>${country}</arg>
<doc>Selects options from selection list ``locator`` by ``labels``.</doc>
<status status="PASS" start="2026-05-19T04:42:58.273758" elapsed="0.038423"/>
</kw>
<kw name="Input Text" owner="SeleniumLibrary">
<msg time="2026-05-19T04:42:58.312812" level="INFO">Typing text 'Karnataka' into text field 'css=input[data-qa='state']'.</msg>
<arg>${REG_STATE_INPUT}</arg>
<arg>${state}</arg>
<doc>Types the given ``text`` into the text field identified by ``locator``.</doc>
<status status="PASS" start="2026-05-19T04:42:58.312465" elapsed="0.074596"/>
</kw>
<kw name="Input Text" owner="SeleniumLibrary">
<msg time="2026-05-19T04:42:58.387569" level="INFO">Typing text 'Bengaluru' into text field 'css=input[data-qa='city']'.</msg>
<arg>${REG_CITY_INPUT}</arg>
<arg>${city}</arg>
<doc>Types the given ``text`` into the text field identified by ``locator``.</doc>
<status status="PASS" start="2026-05-19T04:42:58.387281" elapsed="0.077411"/>
</kw>
<kw name="Input Text" owner="SeleniumLibrary">
<msg time="2026-05-19T04:42:58.465190" level="INFO">Typing text '560001' into text field 'css=input[data-qa='zipcode']'.</msg>
<arg>${REG_ZIPCODE_INPUT}</arg>
<arg>${zip}</arg>
<doc>Types the given ``text`` into the text field identified by ``locator``.</doc>
<status status="PASS" start="2026-05-19T04:42:58.464914" elapsed="0.078406"/>
</kw>
<kw name="Input Text" owner="SeleniumLibrary">
<msg time="2026-05-19T04:42:58.544064" level="INFO">Typing text '9876543210' into text field 'css=input[data-qa='mobile_number']'.</msg>
<arg>${REG_MOBILE_NUMBER_INPUT}</arg>
<arg>${mobile}</arg>
<doc>Types the given ``text`` into the text field identified by ``locator``.</doc>
<status status="PASS" start="2026-05-19T04:42:58.543618" elapsed="0.082605"/>
</kw>
<arg>${FIRST_NAME}</arg>
<arg>${LAST_NAME}</arg>
<arg>${COMPANY}</arg>
<arg>${ADDRESS1}</arg>
<arg>${ADDRESS2}</arg>
<arg>${COUNTRY}</arg>
<arg>${STATE}</arg>
<arg>${CITY}</arg>
<arg>${ZIPCODE}</arg>
<arg>${MOBILE}</arg>
<status status="PASS" start="2026-05-19T04:42:57.897353" elapsed="0.729046"/>
</kw>
<kw name="Click Create Account" owner="auth_keywords">
<kw name="Click Button" owner="SeleniumLibrary">
<msg time="2026-05-19T04:42:58.627334" level="INFO">Clicking button 'css=button[data-qa='create-account']'.</msg>
<arg>${REG_CREATE_ACCOUNT_BUTTON}</arg>
<doc>Clicks the button identified by ``locator``.</doc>
<status status="PASS" start="2026-05-19T04:42:58.627063" elapsed="0.847673"/>
</kw>
<kw name="Sleep" owner="BuiltIn">
<msg time="2026-05-19T04:43:02.475391" level="INFO">Slept 3 seconds.</msg>
<arg>3s</arg>
<doc>Pauses the test executed for the given time.</doc>
<status status="PASS" start="2026-05-19T04:42:59.475006" elapsed="3.000511"/>
</kw>
<status status="PASS" start="2026-05-19T04:42:58.626698" elapsed="3.848928"/>
</kw>
<kw name="Verify Account Created" owner="auth_keywords">
<kw name="Wait Until Page Contains" owner="SeleniumLibrary">
<arg>Account Created</arg>
<arg>timeout=20s</arg>
<doc>Waits until ``text`` appears on the current page.</doc>
<status status="PASS" start="2026-05-19T04:43:02.476132" elapsed="0.028576"/>
</kw>
<status status="PASS" start="2026-05-19T04:43:02.475856" elapsed="0.028949"/>
</kw>
<kw name="Click Continue After Account Created" owner="auth_keywords">
<kw name="Click Element" owner="SeleniumLibrary">
<msg time="2026-05-19T04:43:02.505368" level="INFO">Clicking element 'css=a[data-qa='continue-button']'.</msg>
<arg>${ACCOUNT_CREATED_CONTINUE_BUTTON}</arg>
<doc>Click the element identified by ``locator``.</doc>
<status status="PASS" start="2026-05-19T04:43:02.505192" elapsed="1.438851"/>
</kw>
<kw name="Sleep" owner="BuiltIn">
<msg time="2026-05-19T04:43:06.944597" level="INFO">Slept 3 seconds.</msg>
<arg>3s</arg>
<doc>Pauses the test executed for the given time.</doc>
<status status="PASS" start="2026-05-19T04:43:03.944256" elapsed="3.000500"/>
</kw>
<kw name="Wait Until Page Contains Element" owner="SeleniumLibrary">
<arg>${NAV_HOME_LINK}</arg>
<arg>timeout=30s</arg>
<doc>Waits until the element ``locator`` appears on the current page.</doc>
<status status="PASS" start="2026-05-19T04:43:06.944963" elapsed="0.029023"/>
</kw>
<status status="PASS" start="2026-05-19T04:43:02.504961" elapsed="4.469134"/>
</kw>
<kw name="Verify Logged In As" owner="auth_keywords">
<kw name="Wait Until Page Contains Element" owner="SeleniumLibrary">
<arg>${NAV_LOGGED_IN_AS_TEXT}</arg>
<arg>timeout=45s</arg>
<doc>Waits until the element ``locator`` appears on the current page.</doc>
<status status="PASS" start="2026-05-19T04:43:06.974551" elapsed="0.007554"/>
</kw>
<kw name="Element Text Should Be" owner="SeleniumLibrary">
<msg time="2026-05-19T04:43:06.982413" level="INFO">Verifying element 'css=li a b' contains exact text 'RobotTestUser'.</msg>
<arg>${NAV_LOGGED_IN_AS_TEXT}</arg>
<arg>${username}</arg>
<doc>Verifies that element ``locator`` contains exact the text ``expected``.</doc>
<status status="PASS" start="2026-05-19T04:43:06.982233" elapsed="0.009975"/>
</kw>
<arg>${SIGNUP_NAME}</arg>
<status status="PASS" start="2026-05-19T04:43:06.974269" elapsed="0.018020"/>
</kw>
<kw name="Delete Account" owner="auth_keywords">
<kw name="Run Keyword And Return Status" owner="BuiltIn">
<kw name="Click Element" owner="SeleniumLibrary">
<msg time="2026-05-19T04:43:06.993011" level="INFO">Clicking element 'xpath=//a[contains(text(),'Delete Account')]'.</msg>
<arg>${NAV_DELETE_ACCOUNT_LINK}</arg>
<doc>Click the element identified by ``locator``.</doc>
<status status="PASS" start="2026-05-19T04:43:06.992876" elapsed="0.377658"/>
</kw>
<msg time="2026-05-19T04:43:07.370736" level="INFO">${clicked} = True</msg>
<var>${clicked}</var>
<arg>Click Element</arg>
<arg>${NAV_DELETE_ACCOUNT_LINK}</arg>
<doc>Runs the given keyword with given arguments and returns the status as a Boolean value.</doc>
<status status="PASS" start="2026-05-19T04:43:06.992728" elapsed="0.378039"/>
</kw>
<if>
<branch type="IF" condition="not ${clicked}">
<kw name="Execute Javascript" owner="SeleniumLibrary">
<arg>document.querySelector("a[href='/delete_account']").click()</arg>
<doc>Executes the given JavaScript code with possible arguments.</doc>
<status status="NOT RUN" start="2026-05-19T04:43:07.371142" elapsed="0.000027"/>
</kw>
<status status="NOT RUN" start="2026-05-19T04:43:07.370882" elapsed="0.000321"/>
</branch>
<status status="PASS" start="2026-05-19T04:43:07.370845" elapsed="0.000393"/>
</if>
<kw name="Sleep" owner="BuiltIn">
<msg time="2026-05-19T04:43:10.371617" level="INFO">Slept 3 seconds.</msg>
<arg>3s</arg>
<doc>Pauses the test executed for the given time.</doc>
<status status="PASS" start="2026-05-19T04:43:07.371308" elapsed="3.000475"/>
</kw>
<kw name="Wait Until Page Contains" owner="SeleniumLibrary">
<arg>Account Deleted</arg>
<arg>timeout=60s</arg>
<doc>Waits until ``text`` appears on the current page.</doc>
<status status="PASS" start="2026-05-19T04:43:10.372022" elapsed="0.027704"/>
</kw>
<status status="PASS" start="2026-05-19T04:43:06.992480" elapsed="3.407393"/>
</kw>
<kw name="Verify Account Deleted" owner="auth_keywords">
<kw name="Wait Until Page Contains" owner="SeleniumLibrary">
<arg>Account Deleted</arg>
<arg>timeout=15s</arg>
<doc>Waits until ``text`` appears on the current page.</doc>
<status status="PASS" start="2026-05-19T04:43:10.400465" elapsed="0.005487"/>
</kw>
<status status="PASS" start="2026-05-19T04:43:10.400112" elapsed="0.005920"/>
</kw>
<kw name="Run Keywords" owner="BuiltIn" type="TEARDOWN">
<kw name="Cleanup Test User" owner="common">
<kw name="Run Keyword And Return Status" owner="BuiltIn">
<kw name="Page Should Contain Element" owner="SeleniumLibrary">
<kw name="Capture Failure Screenshot" owner="common">
<kw name="Evaluate" owner="BuiltIn">
<msg time="2026-05-19T04:43:20.434948" level="INFO">${safe_test_name} = TC01_Register_User</msg>
<var>${safe_test_name}</var>
<arg>__import__("re").sub(r"[^A-Za-z0-9._-]+", "_", """${TEST NAME}""").strip("_")</arg>
<doc>Evaluates the given expression in Python and returns the result.</doc>
<status status="PASS" start="2026-05-19T04:43:20.434547" elapsed="0.000435"/>
</kw>
<kw name="Evaluate" owner="BuiltIn">
<msg time="2026-05-19T04:43:20.435340" level="INFO">${safe_suite_name} = Suites.Auth.TC01_register_user</msg>
<var>${safe_suite_name}</var>
<arg>__import__("re").sub(r"[^A-Za-z0-9._-]+", "_", """${SUITE NAME}""").strip("_")</arg>
<doc>Evaluates the given expression in Python and returns the result.</doc>
<status status="PASS" start="2026-05-19T04:43:20.435118" elapsed="0.000246"/>
</kw>
<kw name="Evaluate" owner="BuiltIn">
<msg time="2026-05-19T04:43:20.435656" level="INFO">${ts} = 1779165800435</msg>
<var>${ts}</var>
<arg>str(int(__import__("time").time()*1000))</arg>
<doc>Evaluates the given expression in Python and returns the result.</doc>
<status status="PASS" start="2026-05-19T04:43:20.435510" elapsed="0.000198"/>
</kw>
<kw name="Capture Page Screenshot" owner="SeleniumLibrary">
<msg time="2026-05-19T04:43:20.506032" level="INFO" html="true">&lt;/td&gt;&lt;/tr&gt;&lt;tr&gt;&lt;td colspan="3"&gt;&lt;a href="../../screenshots/Suites.Auth.TC01_register_user__TC01_Register_User__1779165800435.png"&gt;&lt;img src="../../screenshots/Suites.Auth.TC01_register_user__TC01_Register_User__1779165800435.png" width="800px"&gt;&lt;/a&gt;</msg>
<arg>${safe_suite_name}__${safe_test_name}__${ts}.png</arg>
<doc>Takes a screenshot of the current page and embeds it into a log file.</doc>
<status status="PASS" start="2026-05-19T04:43:20.435805" elapsed="0.070343"/>
</kw>
<doc>Capture screenshot with failed test case name for easier traceability in reports.</doc>
<status status="PASS" start="2026-05-19T04:43:20.434222" elapsed="0.072033"/>
</kw>
<msg time="2026-05-19T04:43:20.506392" level="FAIL">Page should have contained element 'xpath=//a[contains(text(),'Delete Account')]' but did not.</msg>
<arg>${NAV_DELETE_ACCOUNT_LINK}</arg>
<doc>Verifies that element ``locator`` is found on the current page.</doc>
<status status="FAIL" start="2026-05-19T04:43:10.422703" elapsed="10.084620">Page should have contained element 'xpath=//a[contains(text(),'Delete Account')]' but did not.</status>
</kw>
<msg time="2026-05-19T04:43:20.507426" level="INFO">${status} = False</msg>
<var>${status}</var>
<arg>Page Should Contain Element</arg>
<arg>${NAV_DELETE_ACCOUNT_LINK}</arg>
<doc>Runs the given keyword with given arguments and returns the status as a Boolean value.</doc>
<status status="PASS" start="2026-05-19T04:43:10.422545" elapsed="10.084902"/>
</kw>
<if>
<branch type="IF" condition="${status}">
<kw name="Run Keyword And Return Status" owner="BuiltIn">
<var>${clicked}</var>
<arg>Click Element</arg>
<arg>${NAV_DELETE_ACCOUNT_LINK}</arg>
<doc>Runs the given keyword with given arguments and returns the status as a Boolean value.</doc>
<status status="NOT RUN" start="2026-05-19T04:43:20.507748" elapsed="0.000026"/>
</kw>
<if>
<branch type="IF" condition="not ${clicked}">
<kw name="Log" owner="BuiltIn">
<arg>Native click failed on Delete Account; trying JS click fallback.</arg>
<arg>level=WARN</arg>
<doc>Logs the given message with the given level.</doc>
<status status="NOT RUN" start="2026-05-19T04:43:20.507919" elapsed="0.000019"/>
</kw>
<kw name="Execute Javascript" owner="SeleniumLibrary">
<arg>document.querySelector("a[href='/delete_account']").click()</arg>
<doc>Executes the given JavaScript code with possible arguments.</doc>
<status status="NOT RUN" start="2026-05-19T04:43:20.508017" elapsed="0.000017"/>
</kw>
<status status="NOT RUN" start="2026-05-19T04:43:20.507834" elapsed="0.000226"/>
</branch>
<status status="NOT RUN" start="2026-05-19T04:43:20.507820" elapsed="0.000270"/>
</if>
<kw name="Run Keyword And Return Status" owner="BuiltIn">
<var>${deleted}</var>
<arg>Wait Until Page Contains</arg>
<arg>Account Deleted</arg>
<arg>timeout=45s</arg>
<doc>Runs the given keyword with given arguments and returns the status as a Boolean value.</doc>
<status status="NOT RUN" start="2026-05-19T04:43:20.508156" elapsed="0.000018"/>
</kw>
<if>
<branch type="IF" condition="not ${deleted}">
<kw name="Log" owner="BuiltIn">
<arg>Account deletion confirmation not visible; continuing without failing teardown.</arg>
<arg>level=WARN</arg>
<doc>Logs the given message with the given level.</doc>
<status status="NOT RUN" start="2026-05-19T04:43:20.508297" elapsed="0.000017"/>
</kw>
<status status="NOT RUN" start="2026-05-19T04:43:20.508229" elapsed="0.000112"/>
</branch>
<status status="NOT RUN" start="2026-05-19T04:43:20.508216" elapsed="0.000149"/>
</if>
<status status="NOT RUN" start="2026-05-19T04:43:20.507545" elapsed="0.000836"/>
</branch>
<branch type="ELSE">
<kw name="Log" owner="BuiltIn">
<arg>Delete Account link not found, skipping cleanup.</arg>
<arg>level=DEBUG</arg>
<doc>Logs the given message with the given level.</doc>
<status status="PASS" start="2026-05-19T04:43:20.508468" elapsed="0.000166"/>
</kw>
<status status="PASS" start="2026-05-19T04:43:20.508402" elapsed="0.000280"/>
</branch>
<status status="PASS" start="2026-05-19T04:43:20.507513" elapsed="0.001193"/>
</if>
<doc>Deletes the current account if logged in.</doc>
<status status="PASS" start="2026-05-19T04:43:10.422260" elapsed="10.086484"/>
</kw>
<kw name="Close Test Browser" owner="common">
<kw name="Register Keyword To Run On Failure" owner="SeleniumLibrary">
<msg time="2026-05-19T04:43:20.509206" level="INFO">No keyword will be run on failure.</msg>
<arg>NONE</arg>
<doc>Sets the keyword to execute, when a SeleniumLibrary keyword fails.</doc>
<status status="PASS" start="2026-05-19T04:43:20.509102" elapsed="0.000138"/>
</kw>
<kw name="Close Browser" owner="SeleniumLibrary">
<doc>Closes the current browser.</doc>
<status status="PASS" start="2026-05-19T04:43:20.509315" elapsed="0.068503"/>
</kw>
<status status="PASS" start="2026-05-19T04:43:20.508893" elapsed="0.069058"/>
</kw>
<arg>Cleanup Test User</arg>
<arg>AND</arg>
<arg>Close Test Browser</arg>
<doc>Executes all the given keywords in a sequence.</doc>
<status status="PASS" start="2026-05-19T04:43:10.406235" elapsed="10.171771"/>
</kw>
<status status="PASS" start="2026-05-19T04:42:41.123944" elapsed="39.454123"/>
</test>
<status status="PASS" start="2026-05-19T04:42:40.920837" elapsed="39.657716"/>
</suite>
<status status="PASS" start="2026-05-19T04:42:40.920012" elapsed="39.659082"/>
</suite>
<status status="PASS" start="2026-05-19T04:42:40.900565" elapsed="39.678883"/>
</suite>
<statistics>
<total>
<stat pass="1" fail="0" skip="0">All Tests</stat>
</total>
<tag>
</tag>
<suite>
<stat name="Suites" id="s1" pass="1" fail="0" skip="0">Suites</stat>
<stat name="Auth" id="s1-s1" pass="1" fail="0" skip="0">Suites.Auth</stat>
<stat name="TC01 register user" id="s1-s1-s1" pass="1" fail="0" skip="0">Suites.Auth.TC01 register user</stat>
</suite>
</statistics>
<errors>
</errors>
</robot>
