<?xml version="1.0" encoding="UTF-8"?>
<robot generator="Robot 7.2.2 (Python 3.11.15 on linux)" generated="2026-08-03T04:06:23.524734" rpa="false" schemaversion="5">
<suite id="s1" name="Suites">
<suite id="s1-s1" name="Cart" source="/home/runner/work/engg-robot-testing-framework/engg-robot-testing-framework/tests/cart">
<suite id="s1-s1-s1" name="TC12 add products to cart" source="/home/runner/work/engg-robot-testing-framework/engg-robot-testing-framework/tests/cart/TC12_add_products_to_cart.robot">
<test id="s1-s1-s1-t1" name="TC12 Add Products In Cart" line="14">
<kw name="Open Browser To Home Page" owner="common" type="SETUP">
<kw name="Evaluate" owner="BuiltIn">
<msg time="2026-08-03T04:06:23.580976" level="INFO">${is_headless} = False</msg>
<var>${is_headless}</var>
<arg>str(${HEADLESS}).strip().lower() in ["true", "1", "yes", "on"]</arg>
<doc>Evaluates the given expression in Python and returns the result.</doc>
<status status="PASS" start="2026-08-03T04:06:23.580727" elapsed="0.000283"/>
</kw>
<kw name="Log" owner="BuiltIn">
<msg time="2026-08-03T04:06:23.581320" level="INFO">Starting Playwright browser (Headless: False) to: https://www.automationexercise.com</msg>
<arg>Starting Playwright browser (Headless: ${is_headless}) to: ${BASE_URL}</arg>
<doc>Logs the given message with the given level.</doc>
<status status="PASS" start="2026-08-03T04:06:23.581154" elapsed="0.000208"/>
</kw>
<kw name="Open Browser">
<msg time="2026-08-03T04:06:23.582476" level="FAIL">No keyword with name 'Open Browser' found.</msg>
<arg>${BASE_URL}</arg>
<arg>${BROWSER}</arg>
<arg>headless=${is_headless}</arg>
<status status="FAIL" start="2026-08-03T04:06:23.582447" elapsed="0.000068">No keyword with name 'Open Browser' found.</status>
</kw>
<kw name="Set Screenshot Directory">
<arg>${SCREENSHOT_DIR}</arg>
<status status="NOT RUN" start="2026-08-03T04:06:23.582636" elapsed="0.000018"/>
</kw>
<kw name="Register Keyword To Run On Failure">
<arg>Capture Failure Screenshot</arg>
<status status="NOT RUN" start="2026-08-03T04:06:23.582748" elapsed="0.000017"/>
</kw>
<kw name="Set Browser Timeout">
<arg>${TIMEOUT}</arg>
<status status="NOT RUN" start="2026-08-03T04:06:23.582854" elapsed="0.000016"/>
</kw>
<kw name="Title Should Be">
<arg>Automation Exercise</arg>
<status status="NOT RUN" start="2026-08-03T04:06:23.582966" elapsed="0.000021"/>
</kw>
<status status="FAIL" start="2026-08-03T04:06:23.580257" elapsed="0.002843">No keyword with name 'Open Browser' found.</status>
</kw>
<kw name="Run Keywords" owner="BuiltIn" type="TEARDOWN">
<kw name="Cleanup Test User" owner="common">
<kw name="Run Keyword And Return Status" owner="BuiltIn">
<kw name="Page Should Contain Element">
<msg time="2026-08-03T04:06:23.585117" level="FAIL">No keyword with name 'Page Should Contain Element' found.</msg>
<arg>${NAV_DELETE_ACCOUNT_LINK}</arg>
<status status="FAIL" start="2026-08-03T04:06:23.585092" elapsed="0.000055">No keyword with name 'Page Should Contain Element' found.</status>
</kw>
<msg time="2026-08-03T04:06:23.585219" level="INFO">${status} = False</msg>
<var>${status}</var>
<arg>Page Should Contain Element</arg>
<arg>${NAV_DELETE_ACCOUNT_LINK}</arg>
<doc>Runs the given keyword with given arguments and returns the status as a Boolean value.</doc>
<status status="PASS" start="2026-08-03T04:06:23.583873" elapsed="0.001366"/>
</kw>
<if>
<branch type="IF" condition="${status}">
<kw name="Run Keyword And Return Status" owner="BuiltIn">
<var>${clicked}</var>
<arg>Click Element</arg>
<arg>${NAV_DELETE_ACCOUNT_LINK}</arg>
<doc>Runs the given keyword with given arguments and returns the status as a Boolean value.</doc>
<status status="NOT RUN" start="2026-08-03T04:06:23.585441" elapsed="0.000017"/>
</kw>
<if>
<branch type="IF" condition="not ${clicked}">
<kw name="Log" owner="BuiltIn">
<arg>Native click failed on Delete Account; trying JS click fallback.</arg>
<arg>level=WARN</arg>
<doc>Logs the given message with the given level.</doc>
<status status="NOT RUN" start="2026-08-03T04:06:23.585590" elapsed="0.000014"/>
</kw>
<kw name="Execute JavaScript">
<arg>document.querySelector("a[href='/delete_account']").click()</arg>
<status status="NOT RUN" start="2026-08-03T04:06:23.585693" elapsed="0.000014"/>
</kw>
<status status="NOT RUN" start="2026-08-03T04:06:23.585512" elapsed="0.000216"/>
</branch>
<status status="NOT RUN" start="2026-08-03T04:06:23.585498" elapsed="0.000253"/>
</if>
<kw name="Run Keyword And Return Status" owner="BuiltIn">
<var>${deleted}</var>
<arg>Wait Until Page Contains</arg>
<arg>Account Deleted</arg>
<arg>timeout=45s</arg>
<doc>Runs the given keyword with given arguments and returns the status as a Boolean value.</doc>
<status status="NOT RUN" start="2026-08-03T04:06:23.585841" elapsed="0.000015"/>
</kw>
<if>
<branch type="IF" condition="not ${deleted}">
<kw name="Log" owner="BuiltIn">
<arg>Account deletion confirmation not visible; continuing without failing teardown.</arg>
<arg>level=WARN</arg>
<doc>Logs the given message with the given level.</doc>
<status status="NOT RUN" start="2026-08-03T04:06:23.585989" elapsed="0.000014"/>
</kw>
<status status="NOT RUN" start="2026-08-03T04:06:23.585909" elapsed="0.000118"/>
</branch>
<status status="NOT RUN" start="2026-08-03T04:06:23.585896" elapsed="0.000149"/>
</if>
<status status="NOT RUN" start="2026-08-03T04:06:23.585311" elapsed="0.000751"/>
</branch>
<branch type="ELSE">
<kw name="Log" owner="BuiltIn">
<arg>Delete Account link not found, skipping cleanup.</arg>
<arg>level=DEBUG</arg>
<doc>Logs the given message with the given level.</doc>
<status status="PASS" start="2026-08-03T04:06:23.586187" elapsed="0.000131"/>
</kw>
<status status="PASS" start="2026-08-03T04:06:23.586101" elapsed="0.000246"/>
</branch>
<status status="PASS" start="2026-08-03T04:06:23.585288" elapsed="0.001077"/>
</if>
<doc>Deletes the current account if logged in.</doc>
<status status="PASS" start="2026-08-03T04:06:23.583569" elapsed="0.002834"/>
</kw>
<kw name="Close Test Browser" owner="common">
<kw name="Register Keyword To Run On Failure">
<msg time="2026-08-03T04:06:23.587733" level="FAIL">No keyword with name 'Register Keyword To Run On Failure' found.</msg>
<arg>NONE</arg>
<status status="FAIL" start="2026-08-03T04:06:23.587711" elapsed="0.000050">No keyword with name 'Register Keyword To Run On Failure' found.</status>
</kw>
<kw name="Evaluate" owner="BuiltIn">
<msg time="2026-08-03T04:06:23.588066" level="INFO">${is_headless} = False</msg>
<var>${is_headless}</var>
<arg>str(${HEADLESS}).strip().lower() in ["true", "1", "yes", "on"]</arg>
<doc>Evaluates the given expression in Python and returns the result.</doc>
<status status="PASS" start="2026-08-03T04:06:23.587855" elapsed="0.000254"/>
</kw>
<if>
<branch type="IF" condition="not ${is_headless}">
<kw name="Sleep" owner="BuiltIn">
<msg time="2026-08-03T04:06:33.588546" level="INFO">Slept 10 seconds.</msg>
<arg>${BROWSER_CLOSE_DELAY}s</arg>
<doc>Pauses the test executed for the given time.</doc>
<status status="PASS" start="2026-08-03T04:06:23.588305" elapsed="10.000358"/>
</kw>
<status status="PASS" start="2026-08-03T04:06:23.588170" elapsed="10.000545"/>
</branch>
<status status="PASS" start="2026-08-03T04:06:23.588153" elapsed="10.000600"/>
</if>
<kw name="Close Browser">
<msg time="2026-08-03T04:06:33.589884" level="FAIL">No keyword with name 'Close Browser' found. Did you mean:
    common.Close Test Browser</msg>
<status status="FAIL" start="2026-08-03T04:06:33.589851" elapsed="0.000072">No keyword with name 'Close Browser' found. Did you mean:
    common.Close Test Browser</status>
</kw>
<status status="FAIL" start="2026-08-03T04:06:23.586557" elapsed="10.003494">Several failures occurred:

1) No keyword with name 'Register Keyword To Run On Failure' found.

2) No keyword with name 'Close Browser' found. Did you mean:
    common.Close Test Browser</status>
</kw>
<arg>Cleanup Test User</arg>
<arg>AND</arg>
<arg>Close Test Browser</arg>
<doc>Executes all the given keywords in a sequence.</doc>
<status status="FAIL" start="2026-08-03T04:06:23.583294" elapsed="10.006856">Several failures occurred:

1) No keyword with name 'Register Keyword To Run On Failure' found.

2) No keyword with name 'Close Browser' found. Did you mean:
    common.Close Test Browser</status>
</kw>
<status status="FAIL" start="2026-08-03T04:06:23.579561" elapsed="10.010716">Setup failed:
No keyword with name 'Open Browser' found.

Also teardown failed:
Several failures occurred:

1) No keyword with name 'Register Keyword To Run On Failure' found.

2) No keyword with name 'Close Browser' found. Did you mean:
    common.Close Test Browser</status>
</test>
<doc>TC12 - Add Products In Cart</doc>
<status status="FAIL" start="2026-08-03T04:06:23.549007" elapsed="10.041737"/>
</suite>
<status status="FAIL" start="2026-08-03T04:06:23.548208" elapsed="10.043066"/>
</suite>
<status status="FAIL" start="2026-08-03T04:06:23.525454" elapsed="10.066221"/>
</suite>
<statistics>
<total>
<stat pass="0" fail="1" skip="0">All Tests</stat>
</total>
<tag>
</tag>
<suite>
<stat name="Suites" id="s1" pass="0" fail="1" skip="0">Suites</stat>
<stat name="Cart" id="s1-s1" pass="0" fail="1" skip="0">Suites.Cart</stat>
<stat name="TC12 add products to cart" id="s1-s1-s1" pass="0" fail="1" skip="0">Suites.Cart.TC12 add products to cart</stat>
</suite>
</statistics>
<errors>
<msg time="2026-08-03T04:06:23.555303" level="ERROR">Error in file '/home/runner/work/engg-robot-testing-framework/engg-robot-testing-framework/resources/common.resource' on line 4: Importing library 'playwright_keyword_library.PlaywrightKeywordLibrary' failed: ModuleNotFoundError: No module named 'playwright_keyword_library'
Traceback (most recent call last):
  None
PYTHONPATH:
  /opt/hostedtoolcache/Python/3.11.15/x64/bin
  /opt/hostedtoolcache/Python/3.11.15/x64/lib/python311.zip
  /opt/hostedtoolcache/Python/3.11.15/x64/lib/python3.11
  /opt/hostedtoolcache/Python/3.11.15/x64/lib/python3.11/lib-dynload
  /opt/hostedtoolcache/Python/3.11.15/x64/lib/python3.11/site-packages</msg>
<msg time="2026-08-03T04:06:23.564615" level="ERROR">Error in file '/home/runner/work/engg-robot-testing-framework/engg-robot-testing-framework/resources/product_keywords.resource' on line 2: Importing library 'playwright_keyword_library.PlaywrightKeywordLibrary' failed: ModuleNotFoundError: No module named 'playwright_keyword_library'
Traceback (most recent call last):
  None
PYTHONPATH:
  /opt/hostedtoolcache/Python/3.11.15/x64/bin
  /opt/hostedtoolcache/Python/3.11.15/x64/lib/python311.zip
  /opt/hostedtoolcache/Python/3.11.15/x64/lib/python3.11
  /opt/hostedtoolcache/Python/3.11.15/x64/lib/python3.11/lib-dynload
  /opt/hostedtoolcache/Python/3.11.15/x64/lib/python3.11/site-packages</msg>
<msg time="2026-08-03T04:06:23.570297" level="ERROR">Error in file '/home/runner/work/engg-robot-testing-framework/engg-robot-testing-framework/resources/cart_keywords.resource' on line 2: Importing library 'playwright_keyword_library.PlaywrightKeywordLibrary' failed: ModuleNotFoundError: No module named 'playwright_keyword_library'
Traceback (most recent call last):
  None
PYTHONPATH:
  /opt/hostedtoolcache/Python/3.11.15/x64/bin
  /opt/hostedtoolcache/Python/3.11.15/x64/lib/python311.zip
  /opt/hostedtoolcache/Python/3.11.15/x64/lib/python3.11
  /opt/hostedtoolcache/Python/3.11.15/x64/lib/python3.11/lib-dynload
  /opt/hostedtoolcache/Python/3.11.15/x64/lib/python3.11/site-packages</msg>
</errors>
</robot>
