<?xml version="1.0" encoding="UTF-8"?>
<robot generator="Robot 7.2.2 (Python 3.11.15 on linux)" generated="2026-06-26T04:50:09.738704" rpa="false" schemaversion="5">
<suite id="s1" name="Suites">
<suite id="s1-s1" name="Cart" source="/home/runner/work/engg-robot-testing-framework/engg-robot-testing-framework/tests/cart">
<suite id="s1-s1-s1" name="TC22 add from recommended items" source="/home/runner/work/engg-robot-testing-framework/engg-robot-testing-framework/tests/cart/TC22_add_from_recommended_items.robot">
<test id="s1-s1-s1-t1" name="TC22 Add To Cart From Recommended Items" line="13">
<kw name="Open Browser To Home Page" owner="common" type="SETUP">
<kw name="Evaluate" owner="BuiltIn">
<msg time="2026-06-26T04:50:09.797881" level="INFO">${is_headless} = False</msg>
<var>${is_headless}</var>
<arg>str(${HEADLESS}).strip().lower() in ["true", "1", "yes", "on"]</arg>
<doc>Evaluates the given expression in Python and returns the result.</doc>
<status status="PASS" start="2026-06-26T04:50:09.797540" elapsed="0.000379"/>
</kw>
<kw name="Log" owner="BuiltIn">
<msg time="2026-06-26T04:50:09.798213" level="INFO">Starting Playwright browser (Headless: False) to: https://www.automationexercise.com</msg>
<arg>Starting Playwright browser (Headless: ${is_headless}) to: ${BASE_URL}</arg>
<doc>Logs the given message with the given level.</doc>
<status status="PASS" start="2026-06-26T04:50:09.798051" elapsed="0.000205"/>
</kw>
<kw name="Open Browser">
<msg time="2026-06-26T04:50:09.799373" level="FAIL">No keyword with name 'Open Browser' found.</msg>
<arg>${BASE_URL}</arg>
<arg>${BROWSER}</arg>
<arg>headless=${is_headless}</arg>
<status status="FAIL" start="2026-06-26T04:50:09.799323" elapsed="0.000108">No keyword with name 'Open Browser' found.</status>
</kw>
<kw name="Set Screenshot Directory">
<arg>${SCREENSHOT_DIR}</arg>
<status status="NOT RUN" start="2026-06-26T04:50:09.799565" elapsed="0.000019"/>
</kw>
<kw name="Register Keyword To Run On Failure">
<arg>Capture Failure Screenshot</arg>
<status status="NOT RUN" start="2026-06-26T04:50:09.799672" elapsed="0.000016"/>
</kw>
<kw name="Set Browser Timeout">
<arg>${TIMEOUT}</arg>
<status status="NOT RUN" start="2026-06-26T04:50:09.799777" elapsed="0.000016"/>
</kw>
<kw name="Title Should Be">
<arg>Automation Exercise</arg>
<status status="NOT RUN" start="2026-06-26T04:50:09.799914" elapsed="0.000023"/>
</kw>
<status status="FAIL" start="2026-06-26T04:50:09.796984" elapsed="0.003061">No keyword with name 'Open Browser' found.</status>
</kw>
<kw name="Run Keywords" owner="BuiltIn" type="TEARDOWN">
<kw name="Cleanup Test User" owner="common">
<kw name="Run Keyword And Return Status" owner="BuiltIn">
<kw name="Page Should Contain Element">
<msg time="2026-06-26T04:50:09.801989" level="FAIL">No keyword with name 'Page Should Contain Element' found.</msg>
<arg>${NAV_DELETE_ACCOUNT_LINK}</arg>
<status status="FAIL" start="2026-06-26T04:50:09.801961" elapsed="0.000060">No keyword with name 'Page Should Contain Element' found.</status>
</kw>
<msg time="2026-06-26T04:50:09.802112" level="INFO">${status} = False</msg>
<var>${status}</var>
<arg>Page Should Contain Element</arg>
<arg>${NAV_DELETE_ACCOUNT_LINK}</arg>
<doc>Runs the given keyword with given arguments and returns the status as a Boolean value.</doc>
<status status="PASS" start="2026-06-26T04:50:09.800838" elapsed="0.001295"/>
</kw>
<if>
<branch type="IF" condition="${status}">
<kw name="Run Keyword And Return Status" owner="BuiltIn">
<var>${clicked}</var>
<arg>Click Element</arg>
<arg>${NAV_DELETE_ACCOUNT_LINK}</arg>
<doc>Runs the given keyword with given arguments and returns the status as a Boolean value.</doc>
<status status="NOT RUN" start="2026-06-26T04:50:09.802362" elapsed="0.000017"/>
</kw>
<if>
<branch type="IF" condition="not ${clicked}">
<kw name="Log" owner="BuiltIn">
<arg>Native click failed on Delete Account; trying JS click fallback.</arg>
<arg>level=WARN</arg>
<doc>Logs the given message with the given level.</doc>
<status status="NOT RUN" start="2026-06-26T04:50:09.802564" elapsed="0.000016"/>
</kw>
<kw name="Execute JavaScript">
<arg>document.querySelector("a[href='/delete_account']").click()</arg>
<status status="NOT RUN" start="2026-06-26T04:50:09.802672" elapsed="0.000014"/>
</kw>
<status status="NOT RUN" start="2026-06-26T04:50:09.802464" elapsed="0.000245"/>
</branch>
<status status="NOT RUN" start="2026-06-26T04:50:09.802441" elapsed="0.000293"/>
</if>
<kw name="Run Keyword And Return Status" owner="BuiltIn">
<var>${deleted}</var>
<arg>Wait Until Page Contains</arg>
<arg>Account Deleted</arg>
<arg>timeout=45s</arg>
<doc>Runs the given keyword with given arguments and returns the status as a Boolean value.</doc>
<status status="NOT RUN" start="2026-06-26T04:50:09.802852" elapsed="0.000019"/>
</kw>
<if>
<branch type="IF" condition="not ${deleted}">
<kw name="Log" owner="BuiltIn">
<arg>Account deletion confirmation not visible; continuing without failing teardown.</arg>
<arg>level=WARN</arg>
<doc>Logs the given message with the given level.</doc>
<status status="NOT RUN" start="2026-06-26T04:50:09.803013" elapsed="0.000015"/>
</kw>
<status status="NOT RUN" start="2026-06-26T04:50:09.802933" elapsed="0.000121"/>
</branch>
<status status="NOT RUN" start="2026-06-26T04:50:09.802918" elapsed="0.000154"/>
</if>
<status status="NOT RUN" start="2026-06-26T04:50:09.802220" elapsed="0.000869"/>
</branch>
<branch type="ELSE">
<kw name="Log" owner="BuiltIn">
<arg>Delete Account link not found, skipping cleanup.</arg>
<arg>level=DEBUG</arg>
<doc>Logs the given message with the given level.</doc>
<status status="PASS" start="2026-06-26T04:50:09.803178" elapsed="0.000168"/>
</kw>
<status status="PASS" start="2026-06-26T04:50:09.803106" elapsed="0.000269"/>
</branch>
<status status="PASS" start="2026-06-26T04:50:09.802193" elapsed="0.001200"/>
</if>
<doc>Deletes the current account if logged in.</doc>
<status status="PASS" start="2026-06-26T04:50:09.800585" elapsed="0.002850"/>
</kw>
<kw name="Close Test Browser" owner="common">
<kw name="Register Keyword To Run On Failure">
<msg time="2026-06-26T04:50:09.804857" level="FAIL">No keyword with name 'Register Keyword To Run On Failure' found.</msg>
<arg>NONE</arg>
<status status="FAIL" start="2026-06-26T04:50:09.804833" elapsed="0.000056">No keyword with name 'Register Keyword To Run On Failure' found.</status>
</kw>
<kw name="Evaluate" owner="BuiltIn">
<msg time="2026-06-26T04:50:09.805214" level="INFO">${is_headless} = False</msg>
<var>${is_headless}</var>
<arg>str(${HEADLESS}).strip().lower() in ["true", "1", "yes", "on"]</arg>
<doc>Evaluates the given expression in Python and returns the result.</doc>
<status status="PASS" start="2026-06-26T04:50:09.804985" elapsed="0.000252"/>
</kw>
<if>
<branch type="IF" condition="not ${is_headless}">
<kw name="Sleep" owner="BuiltIn">
<msg time="2026-06-26T04:50:19.805719" level="INFO">Slept 10 seconds.</msg>
<arg>${BROWSER_CLOSE_DELAY}s</arg>
<doc>Pauses the test executed for the given time.</doc>
<status status="PASS" start="2026-06-26T04:50:09.805425" elapsed="10.000477"/>
</kw>
<status status="PASS" start="2026-06-26T04:50:09.805296" elapsed="10.000672"/>
</branch>
<status status="PASS" start="2026-06-26T04:50:09.805280" elapsed="10.000732"/>
</if>
<kw name="Close Browser">
<msg time="2026-06-26T04:50:19.807148" level="FAIL">No keyword with name 'Close Browser' found. Did you mean:
    common.Close Test Browser</msg>
<status status="FAIL" start="2026-06-26T04:50:19.807112" elapsed="0.000079">No keyword with name 'Close Browser' found. Did you mean:
    common.Close Test Browser</status>
</kw>
<status status="FAIL" start="2026-06-26T04:50:09.803609" elapsed="10.003726">Several failures occurred:

1) No keyword with name 'Register Keyword To Run On Failure' found.

2) No keyword with name 'Close Browser' found. Did you mean:
    common.Close Test Browser</status>
</kw>
<arg>Cleanup Test User</arg>
<arg>AND</arg>
<arg>Close Test Browser</arg>
<doc>Executes all the given keywords in a sequence.</doc>
<status status="FAIL" start="2026-06-26T04:50:09.800264" elapsed="10.007153">Several failures occurred:

1) No keyword with name 'Register Keyword To Run On Failure' found.

2) No keyword with name 'Close Browser' found. Did you mean:
    common.Close Test Browser</status>
</kw>
<status status="FAIL" start="2026-06-26T04:50:09.796152" elapsed="10.011406">Setup failed:
No keyword with name 'Open Browser' found.

Also teardown failed:
Several failures occurred:

1) No keyword with name 'Register Keyword To Run On Failure' found.

2) No keyword with name 'Close Browser' found. Did you mean:
    common.Close Test Browser</status>
</test>
<doc>TC22 - Add To Cart From Recommended Items</doc>
<status status="FAIL" start="2026-06-26T04:50:09.768400" elapsed="10.039613"/>
</suite>
<status status="FAIL" start="2026-06-26T04:50:09.766073" elapsed="10.042400"/>
</suite>
<status status="FAIL" start="2026-06-26T04:50:09.739584" elapsed="10.069203"/>
</suite>
<statistics>
<total>
<stat pass="0" fail="1" skip="0">All Tests</stat>
</total>
<tag>
</tag>
<suite>
<stat name="Suites" id="s1" pass="0" fail="1" skip="0">Suites</stat>
<stat name="Cart" id="s1-s1" pass="0" fail="1" skip="0">Suites.Cart</stat>
<stat name="TC22 add from recommended items" id="s1-s1-s1" pass="0" fail="1" skip="0">Suites.Cart.TC22 add from recommended items</stat>
</suite>
</statistics>
<errors>
<msg time="2026-06-26T04:50:09.775492" level="ERROR">Error in file '/home/runner/work/engg-robot-testing-framework/engg-robot-testing-framework/resources/common.resource' on line 4: Importing library 'playwright_keyword_library.PlaywrightKeywordLibrary' failed: ModuleNotFoundError: No module named 'playwright_keyword_library'
Traceback (most recent call last):
  None
PYTHONPATH:
  /opt/hostedtoolcache/Python/3.11.15/x64/bin
  /opt/hostedtoolcache/Python/3.11.15/x64/lib/python311.zip
  /opt/hostedtoolcache/Python/3.11.15/x64/lib/python3.11
  /opt/hostedtoolcache/Python/3.11.15/x64/lib/python3.11/lib-dynload
  /opt/hostedtoolcache/Python/3.11.15/x64/lib/python3.11/site-packages</msg>
<msg time="2026-06-26T04:50:09.785904" level="ERROR">Error in file '/home/runner/work/engg-robot-testing-framework/engg-robot-testing-framework/resources/cart_keywords.resource' on line 2: Importing library 'playwright_keyword_library.PlaywrightKeywordLibrary' failed: ModuleNotFoundError: No module named 'playwright_keyword_library'
Traceback (most recent call last):
  None
PYTHONPATH:
  /opt/hostedtoolcache/Python/3.11.15/x64/bin
  /opt/hostedtoolcache/Python/3.11.15/x64/lib/python311.zip
  /opt/hostedtoolcache/Python/3.11.15/x64/lib/python3.11
  /opt/hostedtoolcache/Python/3.11.15/x64/lib/python3.11/lib-dynload
  /opt/hostedtoolcache/Python/3.11.15/x64/lib/python3.11/site-packages</msg>
</errors>
</robot>
