<?xml version="1.0" encoding="UTF-8"?>
<robot generator="Robot 7.2.2 (Python 3.11.15 on linux)" generated="2026-05-29T04:54:50.578534" rpa="false" schemaversion="5">
<suite id="s1" name="Suites">
<suite id="s1-s1" name="Cart" source="/home/runner/work/engg-robot-testing-framework/engg-robot-testing-framework/tests/cart">
<suite id="s1-s1-s1" name="TC17 remove products from cart" source="/home/runner/work/engg-robot-testing-framework/engg-robot-testing-framework/tests/cart/TC17_remove_products_from_cart.robot">
<test id="s1-s1-s1-t1" name="TC17 Remove Products From Cart" line="14">
<kw name="Open Browser To Home Page" owner="common" type="SETUP">
<kw name="Evaluate" owner="BuiltIn">
<msg time="2026-05-29T04:54:50.749965" level="INFO">${is_headless} = True</msg>
<var>${is_headless}</var>
<arg>str(${HEADLESS}).strip().lower() in ["true", "1", "yes", "on"]</arg>
<doc>Evaluates the given expression in Python and returns the result.</doc>
<status status="PASS" start="2026-05-29T04:54:50.749702" elapsed="0.000298"/>
</kw>
<kw name="Log" owner="BuiltIn">
<msg time="2026-05-29T04:54:50.750273" level="INFO">Starting browser (Headless: True) to: https://www.automationexercise.com</msg>
<arg>Starting browser (Headless: ${is_headless}) to: ${BASE_URL}</arg>
<doc>Logs the given message with the given level.</doc>
<status status="PASS" start="2026-05-29T04:54:50.750130" elapsed="0.000182"/>
</kw>
<kw name="Evaluate" owner="BuiltIn">
<msg time="2026-05-29T04:54:50.750664" level="INFO">${chrome_options} = &lt;selenium.webdriver.chrome.options.Options object at 0x7f9f2251d410&gt;</msg>
<var>${chrome_options}</var>
<arg>selenium.webdriver.ChromeOptions()</arg>
<arg>modules=selenium.webdriver</arg>
<doc>Evaluates the given expression in Python and returns the result.</doc>
<status status="PASS" start="2026-05-29T04:54:50.750445" elapsed="0.000247"/>
</kw>
<if>
<branch type="IF" condition="${is_headless}">
<kw name="Evaluate" owner="BuiltIn">
<arg>$chrome_options.add_argument("--headless=new")</arg>
<doc>Evaluates the given expression in Python and returns the result.</doc>
<status status="PASS" start="2026-05-29T04:54:50.750911" elapsed="0.002650"/>
</kw>
<status status="PASS" start="2026-05-29T04:54:50.750782" elapsed="0.002834"/>
</branch>
<status status="PASS" start="2026-05-29T04:54:50.750758" elapsed="0.002897"/>
</if>
<kw name="Evaluate" owner="BuiltIn">
<arg>$chrome_options.add_argument("--no-sandbox")</arg>
<doc>Evaluates the given expression in Python and returns the result.</doc>
<status status="PASS" start="2026-05-29T04:54:50.753751" elapsed="0.000185"/>
</kw>
<kw name="Evaluate" owner="BuiltIn">
<arg>$chrome_options.add_argument("--disable-dev-shm-usage")</arg>
<doc>Evaluates the given expression in Python and returns the result.</doc>
<status status="PASS" start="2026-05-29T04:54:50.754038" elapsed="0.000151"/>
</kw>
<kw name="Evaluate" owner="BuiltIn">
<arg>$chrome_options.add_argument("--disable-gpu")</arg>
<doc>Evaluates the given expression in Python and returns the result.</doc>
<status status="PASS" start="2026-05-29T04:54:50.754299" elapsed="0.000184"/>
</kw>
<kw name="Evaluate" owner="BuiltIn">
<arg>$chrome_options.add_argument("--window-size=1920,1080")</arg>
<doc>Evaluates the given expression in Python and returns the result.</doc>
<status status="PASS" start="2026-05-29T04:54:50.754585" elapsed="0.000160"/>
</kw>
<kw name="Evaluate" owner="BuiltIn">
<arg>$chrome_options.add_argument("--remote-debugging-pipe")</arg>
<doc>Evaluates the given expression in Python and returns the result.</doc>
<status status="PASS" start="2026-05-29T04:54:50.754835" elapsed="0.000133"/>
</kw>
<kw name="Evaluate" owner="BuiltIn">
<arg>$chrome_options.add_argument("--disable-extensions")</arg>
<doc>Evaluates the given expression in Python and returns the result.</doc>
<status status="PASS" start="2026-05-29T04:54:50.755049" elapsed="0.000131"/>
</kw>
<kw name="Evaluate" owner="BuiltIn">
<arg>$chrome_options.add_argument("--incognito")</arg>
<doc>Evaluates the given expression in Python and returns the result.</doc>
<status status="PASS" start="2026-05-29T04:54:50.755262" elapsed="0.000152"/>
</kw>
<kw name="Create Webdriver" owner="SeleniumLibrary">
<msg time="2026-05-29T04:54:50.755652" level="INFO">Creating an instance of the Chrome WebDriver.</msg>
<arg>Chrome</arg>
<arg>options=${chrome_options}</arg>
<doc>Creates an instance of Selenium WebDriver.</doc>
<status status="PASS" start="2026-05-29T04:54:50.755510" elapsed="0.290501"/>
</kw>
<kw name="Set Screenshot Directory" owner="SeleniumLibrary">
<arg>${SCREENSHOT_DIR}</arg>
<doc>Sets the directory for captured screenshots.</doc>
<status status="PASS" start="2026-05-29T04:54:51.046431" elapsed="0.000409"/>
</kw>
<kw name="Register Keyword To Run On Failure" owner="SeleniumLibrary">
<msg time="2026-05-29T04:54:51.047401" level="INFO">Capture Failure Screenshot will be run on failure.</msg>
<arg>Capture Failure Screenshot</arg>
<doc>Sets the keyword to execute, when a SeleniumLibrary keyword fails.</doc>
<status status="PASS" start="2026-05-29T04:54:51.047058" elapsed="0.000446"/>
</kw>
<kw name="Go To" owner="SeleniumLibrary">
<msg time="2026-05-29T04:54:51.048328" level="INFO">Opening url 'https://www.automationexercise.com'</msg>
<arg>${BASE_URL}</arg>
<doc>Navigates the current browser window to the provided ``url``.</doc>
<status status="PASS" start="2026-05-29T04:54:51.047707" elapsed="0.805558"/>
</kw>
<kw name="Set Selenium Implicit Wait" owner="SeleniumLibrary">
<arg>${TIMEOUT}</arg>
<doc>Sets the implicit wait value used by Selenium.</doc>
<status status="PASS" start="2026-05-29T04:54:51.853609" elapsed="0.001582"/>
</kw>
<kw name="Title Should Be" owner="SeleniumLibrary">
<msg time="2026-05-29T04:54:51.999968" level="INFO">Page title is 'Automation Exercise'.</msg>
<arg>Automation Exercise</arg>
<doc>Verifies that the current page title equals ``title``.</doc>
<status status="PASS" start="2026-05-29T04:54:51.855400" elapsed="0.144691"/>
</kw>
<status status="PASS" start="2026-05-29T04:54:50.748958" elapsed="1.251249"/>
</kw>
<kw name="Navigate To Products Page" owner="product_keywords">
<kw name="Click Element" owner="SeleniumLibrary">
<msg time="2026-05-29T04:54:52.034432" level="INFO">Clicking element 'xpath=//a[contains(text(),'Products')]'.</msg>
<arg>${NAV_PRODUCTS_LINK}</arg>
<doc>Click the element identified by ``locator``.</doc>
<status status="PASS" start="2026-05-29T04:54:52.000870" elapsed="0.738856"/>
</kw>
<kw name="Wait Until Page Contains Element" owner="SeleniumLibrary">
<arg>${ALL_PRODUCTS_TITLE}</arg>
<arg>timeout=10s</arg>
<doc>Waits until the element ``locator`` appears on the current page.</doc>
<status status="PASS" start="2026-05-29T04:54:52.739996" elapsed="0.011034"/>
</kw>
<status status="PASS" start="2026-05-29T04:54:52.000511" elapsed="0.750646"/>
</kw>
<kw name="Hover Over Product And Add To Cart" owner="product_keywords">
<kw name="Wait Until Element Is Visible" owner="SeleniumLibrary">
<arg>xpath=(//div[@class='productinfo text-center'])[${index}]</arg>
<arg>timeout=10s</arg>
<doc>Waits until the element ``locator`` is visible.</doc>
<status status="PASS" start="2026-05-29T04:54:52.751795" elapsed="0.058538"/>
</kw>
<kw name="Scroll Element Into View" owner="SeleniumLibrary">
<arg>xpath=(//div[@class='product-image-wrapper'])[${index}]</arg>
<doc>Scrolls the element identified by ``locator`` into view.</doc>
<status status="PASS" start="2026-05-29T04:54:52.810591" elapsed="0.273489"/>
</kw>
<kw name="Sleep" owner="BuiltIn">
<msg time="2026-05-29T04:54:54.084674" level="INFO">Slept 1 second.</msg>
<arg>1s</arg>
<doc>Pauses the test executed for the given time.</doc>
<status status="PASS" start="2026-05-29T04:54:53.084305" elapsed="1.000505"/>
</kw>
<kw name="Get WebElement" owner="SeleniumLibrary">
<msg time="2026-05-29T04:54:54.094895" level="INFO">${add_btn} = &lt;selenium.webdriver.remote.webelement.WebElement (session="d6a504d1677c66d63d3094d279d83b6f", element="f.8B26191364F5E741F6484328227D5120.d.BD18EBE86350AF8051F4A53648BEF561.e.103")&gt;</msg>
<var>${add_btn}</var>
<arg>xpath=(//div[@class='productinfo text-center'])[${index}]//a[contains(@class,'add-to-cart')]</arg>
<doc>Returns the first WebElement matching the given ``locator``.</doc>
<status status="PASS" start="2026-05-29T04:54:54.085033" elapsed="0.009898"/>
</kw>
<kw name="Execute Javascript" owner="SeleniumLibrary">
<msg time="2026-05-29T04:54:54.095525" level="INFO">Executing JavaScript:
arguments[0].click()
By using argument:
'&lt;selenium.webdriver.remote.webelement.WebElement (session="d6a504d1677c66d63d3094d279d83b6f", element="f.8B26191364F5E741F6484328227D5120.d.BD18EBE86350AF8051F4A53648BEF561.e.103")&gt;'</msg>
<arg>arguments[0].click()</arg>
<arg>ARGUMENTS</arg>
<arg>${add_btn}</arg>
<doc>Executes the given JavaScript code with possible arguments.</doc>
<status status="PASS" start="2026-05-29T04:54:54.095125" elapsed="0.005988"/>
</kw>
<kw name="Wait Until Element Is Visible" owner="SeleniumLibrary">
<arg>${CART_MODAL_CONTINUE_SHOPPING_BTN}</arg>
<arg>timeout=10s</arg>
<doc>Waits until the element ``locator`` is visible.</doc>
<status status="PASS" start="2026-05-29T04:54:54.101252" elapsed="0.223398"/>
</kw>
<arg>1</arg>
<status status="PASS" start="2026-05-29T04:54:52.751410" elapsed="1.573369"/>
</kw>
<kw name="Click Continue Shopping In Modal" owner="cart_keywords">
<kw name="Wait Until Element Is Visible" owner="SeleniumLibrary">
<arg>${CART_MODAL_CONTINUE_SHOPPING_BTN}</arg>
<arg>timeout=15s</arg>
<doc>Waits until the element ``locator`` is visible.</doc>
<status status="PASS" start="2026-05-29T04:54:54.325332" elapsed="0.009115"/>
</kw>
<kw name="Run Keyword And Return Status" owner="BuiltIn">
<kw name="Click Element" owner="SeleniumLibrary">
<msg time="2026-05-29T04:54:54.334926" level="INFO">Clicking element 'css=#cartModal .close-modal'.</msg>
<arg>${CART_MODAL_CONTINUE_SHOPPING_BTN}</arg>
<doc>Click the element identified by ``locator``.</doc>
<status status="PASS" start="2026-05-29T04:54:54.334768" elapsed="0.049998"/>
</kw>
<msg time="2026-05-29T04:54:54.384923" level="INFO">${clicked} = True</msg>
<var>${clicked}</var>
<arg>Click Element</arg>
<arg>${CART_MODAL_CONTINUE_SHOPPING_BTN}</arg>
<doc>Runs the given keyword with given arguments and returns the status as a Boolean value.</doc>
<status status="PASS" start="2026-05-29T04:54:54.334601" elapsed="0.050351"/>
</kw>
<if>
<branch type="IF" condition="not ${clicked}">
<kw name="Execute Javascript" owner="SeleniumLibrary">
<arg>document.querySelector('#cartModal .close-modal').click()</arg>
<doc>Executes the given JavaScript code with possible arguments.</doc>
<status status="NOT RUN" start="2026-05-29T04:54:54.385317" elapsed="0.000030"/>
</kw>
<status status="NOT RUN" start="2026-05-29T04:54:54.385062" elapsed="0.000350"/>
</branch>
<status status="PASS" start="2026-05-29T04:54:54.385030" elapsed="0.000425"/>
</if>
<kw name="Sleep" owner="BuiltIn">
<msg time="2026-05-29T04:54:55.385848" level="INFO">Slept 1 second.</msg>
<arg>1s</arg>
<doc>Pauses the test executed for the given time.</doc>
<status status="PASS" start="2026-05-29T04:54:54.385544" elapsed="1.000445"/>
</kw>
<status status="PASS" start="2026-05-29T04:54:54.325050" elapsed="1.061087"/>
</kw>
<kw name="Navigate To Cart Page" owner="cart_keywords">
<kw name="Click Element" owner="SeleniumLibrary">
<msg time="2026-05-29T04:54:55.386976" level="INFO">Clicking element 'xpath=//a[contains(text(),'Cart')]'.</msg>
<arg>${NAV_CART_LINK}</arg>
<doc>Click the element identified by ``locator``.</doc>
<status status="PASS" start="2026-05-29T04:54:55.386777" elapsed="0.335398"/>
</kw>
<kw name="Wait Until Page Contains Element" owner="SeleniumLibrary">
<arg>${CART_INFO_TABLE}</arg>
<arg>timeout=10s</arg>
<doc>Waits until the element ``locator`` appears on the current page.</doc>
<status status="PASS" start="2026-05-29T04:54:55.722517" elapsed="0.013027"/>
</kw>
<status status="PASS" start="2026-05-29T04:54:55.386414" elapsed="0.349321"/>
</kw>
<kw name="Verify Cart Page Visible" owner="cart_keywords">
<kw name="Page Should Contain Element" owner="SeleniumLibrary">
<msg time="2026-05-29T04:54:55.762573" level="INFO">Current page contains element 'id=cart_info_table'.</msg>
<arg>${CART_INFO_TABLE}</arg>
<doc>Verifies that element ``locator`` is found on the current page.</doc>
<status status="PASS" start="2026-05-29T04:54:55.736424" elapsed="0.026280"/>
</kw>
<status status="PASS" start="2026-05-29T04:54:55.736006" elapsed="0.026844"/>
</kw>
<kw name="Remove Product From Cart" owner="cart_keywords">
<kw name="Click Element" owner="SeleniumLibrary">
<msg time="2026-05-29T04:54:55.763821" level="INFO">Clicking element 'xpath=(//a[@class='cart_quantity_delete'])[1]'.</msg>
<arg>xpath=(//a[@class='cart_quantity_delete'])[${index}]</arg>
<doc>Click the element identified by ``locator``.</doc>
<status status="PASS" start="2026-05-29T04:54:55.763533" elapsed="0.108129"/>
</kw>
<kw name="Sleep" owner="BuiltIn">
<msg time="2026-05-29T04:54:57.872191" level="INFO">Slept 2 seconds.</msg>
<arg>2s</arg>
<doc>Pauses the test executed for the given time.</doc>
<status status="PASS" start="2026-05-29T04:54:55.871886" elapsed="2.000436"/>
</kw>
<arg>1</arg>
<status status="PASS" start="2026-05-29T04:54:55.763097" elapsed="2.109370"/>
</kw>
<kw name="Wait Until Page Contains" owner="SeleniumLibrary">
<arg>Cart is empty</arg>
<arg>timeout=10s</arg>
<doc>Waits until ``text`` appears on the current page.</doc>
<status status="PASS" start="2026-05-29T04:54:57.872654" elapsed="0.009520"/>
</kw>
<kw name="Run Keywords" owner="BuiltIn" type="TEARDOWN">
<kw name="Cleanup Test User" owner="common">
<kw name="Run Keyword And Return Status" owner="BuiltIn">
<kw name="Page Should Contain Element" owner="SeleniumLibrary">
<kw name="Capture Failure Screenshot" owner="common">
<kw name="Evaluate" owner="BuiltIn">
<msg time="2026-05-29T04:55:07.920235" level="INFO">${safe_test_name} = TC17_Remove_Products_From_Cart</msg>
<var>${safe_test_name}</var>
<arg>__import__("re").sub(r"[^A-Za-z0-9._-]+", "_", """${TEST NAME}""").strip("_")</arg>
<doc>Evaluates the given expression in Python and returns the result.</doc>
<status status="PASS" start="2026-05-29T04:55:07.919899" elapsed="0.000367"/>
</kw>
<kw name="Evaluate" owner="BuiltIn">
<msg time="2026-05-29T04:55:07.920565" level="INFO">${safe_suite_name} = Suites.Cart.TC17_remove_products_from_cart</msg>
<var>${safe_suite_name}</var>
<arg>__import__("re").sub(r"[^A-Za-z0-9._-]+", "_", """${SUITE NAME}""").strip("_")</arg>
<doc>Evaluates the given expression in Python and returns the result.</doc>
<status status="PASS" start="2026-05-29T04:55:07.920375" elapsed="0.000211"/>
</kw>
<kw name="Evaluate" owner="BuiltIn">
<msg time="2026-05-29T04:55:07.920813" level="INFO">${ts} = 1780030507920</msg>
<var>${ts}</var>
<arg>str(int(__import__("time").time()*1000))</arg>
<doc>Evaluates the given expression in Python and returns the result.</doc>
<status status="PASS" start="2026-05-29T04:55:07.920676" elapsed="0.000157"/>
</kw>
<kw name="Capture Page Screenshot" owner="SeleniumLibrary">
<msg time="2026-05-29T04:55:07.969837" level="INFO" html="true">&lt;/td&gt;&lt;/tr&gt;&lt;tr&gt;&lt;td colspan="3"&gt;&lt;a href="../../screenshots/Suites.Cart.TC17_remove_products_from_cart__TC17_Remove_Products_From_Cart__1780030507920.png"&gt;&lt;img src="../../screenshots/Suites.Cart.TC17_remove_products_from_cart__TC17_Remove_Products_From_Cart__1780030507920.png" width="800px"&gt;&lt;/a&gt;</msg>
<arg>${safe_suite_name}__${safe_test_name}__${ts}.png</arg>
<doc>Takes a screenshot of the current page and embeds it into a log file.</doc>
<status status="PASS" start="2026-05-29T04:55:07.920927" elapsed="0.049020"/>
</kw>
<doc>Capture screenshot with failed test case name for easier traceability in reports.</doc>
<status status="PASS" start="2026-05-29T04:55:07.919584" elapsed="0.050462"/>
</kw>
<msg time="2026-05-29T04:55:07.970172" level="FAIL">Page should have contained element 'xpath=//a[contains(text(),'Delete Account')]' but did not.</msg>
<arg>${NAV_DELETE_ACCOUNT_LINK}</arg>
<doc>Verifies that element ``locator`` is found on the current page.</doc>
<status status="FAIL" start="2026-05-29T04:54:57.883159" elapsed="10.087911">Page should have contained element 'xpath=//a[contains(text(),'Delete Account')]' but did not.</status>
</kw>
<msg time="2026-05-29T04:55:07.971210" level="INFO">${status} = False</msg>
<var>${status}</var>
<arg>Page Should Contain Element</arg>
<arg>${NAV_DELETE_ACCOUNT_LINK}</arg>
<doc>Runs the given keyword with given arguments and returns the status as a Boolean value.</doc>
<status status="PASS" start="2026-05-29T04:54:57.883033" elapsed="10.088200"/>
</kw>
<if>
<branch type="IF" condition="${status}">
<kw name="Run Keyword And Return Status" owner="BuiltIn">
<var>${clicked}</var>
<arg>Click Element</arg>
<arg>${NAV_DELETE_ACCOUNT_LINK}</arg>
<doc>Runs the given keyword with given arguments and returns the status as a Boolean value.</doc>
<status status="NOT RUN" start="2026-05-29T04:55:07.971524" elapsed="0.000023"/>
</kw>
<if>
<branch type="IF" condition="not ${clicked}">
<kw name="Log" owner="BuiltIn">
<arg>Native click failed on Delete Account; trying JS click fallback.</arg>
<arg>level=WARN</arg>
<doc>Logs the given message with the given level.</doc>
<status status="NOT RUN" start="2026-05-29T04:55:07.971685" elapsed="0.000018"/>
</kw>
<kw name="Execute Javascript" owner="SeleniumLibrary">
<arg>document.querySelector("a[href='/delete_account']").click()</arg>
<doc>Executes the given JavaScript code with possible arguments.</doc>
<status status="NOT RUN" start="2026-05-29T04:55:07.971822" elapsed="0.000028"/>
</kw>
<status status="NOT RUN" start="2026-05-29T04:55:07.971606" elapsed="0.000283"/>
</branch>
<status status="NOT RUN" start="2026-05-29T04:55:07.971592" elapsed="0.000344"/>
</if>
<kw name="Run Keyword And Return Status" owner="BuiltIn">
<var>${deleted}</var>
<arg>Wait Until Page Contains</arg>
<arg>Account Deleted</arg>
<arg>timeout=45s</arg>
<doc>Runs the given keyword with given arguments and returns the status as a Boolean value.</doc>
<status status="NOT RUN" start="2026-05-29T04:55:07.972050" elapsed="0.000030"/>
</kw>
<if>
<branch type="IF" condition="not ${deleted}">
<kw name="Log" owner="BuiltIn">
<arg>Account deletion confirmation not visible; continuing without failing teardown.</arg>
<arg>level=WARN</arg>
<doc>Logs the given message with the given level.</doc>
<status status="NOT RUN" start="2026-05-29T04:55:07.972269" elapsed="0.000020"/>
</kw>
<status status="NOT RUN" start="2026-05-29T04:55:07.972169" elapsed="0.000152"/>
</branch>
<status status="NOT RUN" start="2026-05-29T04:55:07.972148" elapsed="0.000199"/>
</if>
<status status="NOT RUN" start="2026-05-29T04:55:07.971330" elapsed="0.001034"/>
</branch>
<branch type="ELSE">
<kw name="Log" owner="BuiltIn">
<arg>Delete Account link not found, skipping cleanup.</arg>
<arg>level=DEBUG</arg>
<doc>Logs the given message with the given level.</doc>
<status status="PASS" start="2026-05-29T04:55:07.972496" elapsed="0.000191"/>
</kw>
<status status="PASS" start="2026-05-29T04:55:07.972411" elapsed="0.000331"/>
</branch>
<status status="PASS" start="2026-05-29T04:55:07.971301" elapsed="0.001483"/>
</if>
<doc>Deletes the current account if logged in.</doc>
<status status="PASS" start="2026-05-29T04:54:57.882781" elapsed="10.090060"/>
</kw>
<kw name="Close Test Browser" owner="common">
<kw name="Register Keyword To Run On Failure" owner="SeleniumLibrary">
<msg time="2026-05-29T04:55:07.973350" level="INFO">No keyword will be run on failure.</msg>
<arg>NONE</arg>
<doc>Sets the keyword to execute, when a SeleniumLibrary keyword fails.</doc>
<status status="PASS" start="2026-05-29T04:55:07.973237" elapsed="0.000174"/>
</kw>
<kw name="Close Browser" owner="SeleniumLibrary">
<doc>Closes the current browser.</doc>
<status status="PASS" start="2026-05-29T04:55:07.973500" elapsed="0.067167"/>
</kw>
<status status="PASS" start="2026-05-29T04:55:07.973014" elapsed="0.067775"/>
</kw>
<arg>Cleanup Test User</arg>
<arg>AND</arg>
<arg>Close Test Browser</arg>
<doc>Executes all the given keywords in a sequence.</doc>
<status status="PASS" start="2026-05-29T04:54:57.882447" elapsed="10.158392"/>
</kw>
<status status="PASS" start="2026-05-29T04:54:50.748106" elapsed="17.292792"/>
</test>
<doc>TC17 - Remove Products From Cart</doc>
<status status="PASS" start="2026-05-29T04:54:50.611885" elapsed="17.429484"/>
</suite>
<status status="PASS" start="2026-05-29T04:54:50.608617" elapsed="17.433356"/>
</suite>
<status status="PASS" start="2026-05-29T04:54:50.579618" elapsed="17.462702"/>
</suite>
<statistics>
<total>
<stat pass="1" fail="0" skip="0">All Tests</stat>
</total>
<tag>
</tag>
<suite>
<stat name="Suites" id="s1" pass="1" fail="0" skip="0">Suites</stat>
<stat name="Cart" id="s1-s1" pass="1" fail="0" skip="0">Suites.Cart</stat>
<stat name="TC17 remove products from cart" id="s1-s1-s1" pass="1" fail="0" skip="0">Suites.Cart.TC17 remove products from cart</stat>
</suite>
</statistics>
<errors>
</errors>
</robot>
